{"numFailedTestSuites":1,"numFailedTests":1,"numPassedTestSuites":5,"numPassedTests":176,"numPendingTestSuites":0,"numPendingTests":0,"numRuntimeErrorTestSuites":0,"numTodoTests":0,"numTotalTestSuites":6,"numTotalTests":177,"openHandles":[],"snapshot":{"added":0,"didUpdate":false,"failure":false,"filesAdded":0,"filesRemoved":0,"filesRemovedList":[],"filesUnmatched":0,"filesUpdated":0,"matched":0,"total":0,"unchecked":0,"uncheckedKeysByFile":[],"unmatched":0,"updated":0},"startTime":1769700197460,"success":false,"testResults":[{"assertionResults":[{"ancestorTitles":["adminPaymentReleaseService - Formatters & Utilities"],"duration":3,"failureDetails":[{}],"failureMessages":["ReferenceError: computePayout is not defined\n    at Object.computePayout (C:\\Users\\klaus\\OneDrive\\Documentos\\sellsi\\control_panel\\tests\\unit\\adminPaymentReleaseService.test.js:52:17)\n    at Promise.then.completed (C:\\Users\\klaus\\OneDrive\\Documentos\\sellsi\\control_panel\\node_modules\\jest-circus\\build\\utils.js:298:28)\n    at new Promise (<anonymous>)\n    at callAsyncCircusFn (C:\\Users\\klaus\\OneDrive\\Documentos\\sellsi\\control_panel\\node_modules\\jest-circus\\build\\utils.js:231:10)\n    at _callCircusTest (C:\\Users\\klaus\\OneDrive\\Documentos\\sellsi\\control_panel\\node_modules\\jest-circus\\build\\run.js:316:40)\n    at _runTest (C:\\Users\\klaus\\OneDrive\\Documentos\\sellsi\\control_panel\\node_modules\\jest-circus\\build\\run.js:252:3)\n    at _runTestsForDescribeBlock (C:\\Users\\klaus\\OneDrive\\Documentos\\sellsi\\control_panel\\node_modules\\jest-circus\\build\\run.js:126:9)\n    at _runTestsForDescribeBlock (C:\\Users\\klaus\\OneDrive\\Documentos\\sellsi\\control_panel\\node_modules\\jest-circus\\build\\run.js:121:9)\n    at run (C:\\Users\\klaus\\OneDrive\\Documentos\\sellsi\\control_panel\\node_modules\\jest-circus\\build\\run.js:71:3)\n    at runAndTransformResultsToJestFormat (C:\\Users\\klaus\\OneDrive\\Documentos\\sellsi\\control_panel\\node_modules\\jest-circus\\build\\legacy-code-todo-rewrite\\jestAdapterInit.js:122:21)\n    at jestAdapter (C:\\Users\\klaus\\OneDrive\\Documentos\\sellsi\\control_panel\\node_modules\\jest-circus\\build\\legacy-code-todo-rewrite\\jestAdapter.js:79:19)\n    at runTestInternal (C:\\Users\\klaus\\OneDrive\\Documentos\\sellsi\\control_panel\\node_modules\\jest-runner\\build\\runTest.js:367:16)\n    at runTest (C:\\Users\\klaus\\OneDrive\\Documentos\\sellsi\\control_panel\\node_modules\\jest-runner\\build\\runTest.js:444:34)"],"fullName":"adminPaymentReleaseService - Formatters & Utilities computePayout calcula comisión y payout correctamente","invocations":1,"location":{"column":3,"line":51},"numPassingAsserts":0,"retryReasons":[],"status":"failed","title":"computePayout calcula comisión y payout correctamente"},{"ancestorTitles":["adminPaymentReleaseService - Formatters & Utilities","formatCLP"],"duration":18,"failureDetails":[],"failureMessages":[],"fullName":"adminPaymentReleaseService - Formatters & Utilities formatCLP formatea números positivos correctamente","invocations":1,"location":{"column":5,"line":65},"numPassingAsserts":4,"retryReasons":[],"status":"passed","title":"formatea números positivos correctamente"},{"ancestorTitles":["adminPaymentReleaseService - Formatters & Utilities","formatCLP"],"duration":0,"failureDetails":[],"failureMessages":[],"fullName":"adminPaymentReleaseService - Formatters & Utilities formatCLP formatea cero correctamente","invocations":1,"location":{"column":5,"line":72},"numPassingAsserts":1,"retryReasons":[],"status":"passed","title":"formatea cero correctamente"},{"ancestorTitles":["adminPaymentReleaseService - Formatters & Utilities","formatCLP"],"duration":1,"failureDetails":[],"failureMessages":[],"fullName":"adminPaymentReleaseService - Formatters & Utilities formatCLP formatea números decimales (redondea)","invocations":1,"location":{"column":5,"line":76},"numPassingAsserts":2,"retryReasons":[],"status":"passed","title":"formatea números decimales (redondea)"},{"ancestorTitles":["adminPaymentReleaseService - Formatters & Utilities","formatCLP"],"duration":1,"failureDetails":[],"failureMessages":[],"fullName":"adminPaymentReleaseService - Formatters & Utilities formatCLP maneja valores null/undefined","invocations":1,"location":{"column":5,"line":81},"numPassingAsserts":2,"retryReasons":[],"status":"passed","title":"maneja valores null/undefined"},{"ancestorTitles":["adminPaymentReleaseService - Formatters & Utilities","formatCLP"],"duration":0,"failureDetails":[],"failureMessages":[],"fullName":"adminPaymentReleaseService - Formatters & Utilities formatCLP maneja strings numéricos","invocations":1,"location":{"column":5,"line":86},"numPassingAsserts":2,"retryReasons":[],"status":"passed","title":"maneja strings numéricos"},{"ancestorTitles":["adminPaymentReleaseService - Formatters & Utilities","formatCLP"],"duration":0,"failureDetails":[],"failureMessages":[],"fullName":"adminPaymentReleaseService - Formatters & Utilities formatCLP maneja valores inválidos","invocations":1,"location":{"column":5,"line":91},"numPassingAsserts":3,"retryReasons":[],"status":"passed","title":"maneja valores inválidos"},{"ancestorTitles":["adminPaymentReleaseService - Formatters & Utilities","formatCLP"],"duration":0,"failureDetails":[],"failureMessages":[],"fullName":"adminPaymentReleaseService - Formatters & Utilities formatCLP maneja números negativos (edge case)","invocations":1,"location":{"column":5,"line":97},"numPassingAsserts":1,"retryReasons":[],"status":"passed","title":"maneja números negativos (edge case)"},{"ancestorTitles":["adminPaymentReleaseService - Formatters & Utilities","formatDate"],"duration":5,"failureDetails":[],"failureMessages":[],"fullName":"adminPaymentReleaseService - Formatters & Utilities formatDate formatea fechas ISO correctamente","invocations":1,"location":{"column":5,"line":103},"numPassingAsserts":6,"retryReasons":[],"status":"passed","title":"formatea fechas ISO correctamente"},{"ancestorTitles":["adminPaymentReleaseService - Formatters & Utilities","formatDate"],"duration":1,"failureDetails":[],"failureMessages":[],"fullName":"adminPaymentReleaseService - Formatters & Utilities formatDate formatea objetos Date correctamente","invocations":1,"location":{"column":5,"line":118},"numPassingAsserts":2,"retryReasons":[],"status":"passed","title":"formatea objetos Date correctamente"},{"ancestorTitles":["adminPaymentReleaseService - Formatters & Utilities","formatDate"],"duration":0,"failureDetails":[],"failureMessages":[],"fullName":"adminPaymentReleaseService - Formatters & Utilities formatDate maneja fechas con diferentes zonas horarias","invocations":1,"location":{"column":5,"line":125},"numPassingAsserts":2,"retryReasons":[],"status":"passed","title":"maneja fechas con diferentes zonas horarias"},{"ancestorTitles":["adminPaymentReleaseService - Formatters & Utilities","formatDate"],"duration":0,"failureDetails":[],"failureMessages":[],"fullName":"adminPaymentReleaseService - Formatters & Utilities formatDate maneja valores null/undefined","invocations":1,"location":{"column":5,"line":131},"numPassingAsserts":2,"retryReasons":[],"status":"passed","title":"maneja valores null/undefined"},{"ancestorTitles":["adminPaymentReleaseService - Formatters & Utilities","formatDate"],"duration":0,"failureDetails":[],"failureMessages":[],"fullName":"adminPaymentReleaseService - Formatters & Utilities formatDate maneja strings vacíos","invocations":1,"location":{"column":5,"line":136},"numPassingAsserts":1,"retryReasons":[],"status":"passed","title":"maneja strings vacíos"},{"ancestorTitles":["adminPaymentReleaseService - Formatters & Utilities","formatDate"],"duration":1,"failureDetails":[],"failureMessages":[],"fullName":"adminPaymentReleaseService - Formatters & Utilities formatDate maneja fechas inválidas","invocations":1,"location":{"column":5,"line":140},"numPassingAsserts":2,"retryReasons":[],"status":"passed","title":"maneja fechas inválidas"},{"ancestorTitles":["adminPaymentReleaseService - Formatters & Utilities","formatDate"],"duration":1,"failureDetails":[],"failureMessages":[],"fullName":"adminPaymentReleaseService - Formatters & Utilities formatDate formatea correctamente con días/meses de un dígito","invocations":1,"location":{"column":5,"line":145},"numPassingAsserts":4,"retryReasons":[],"status":"passed","title":"formatea correctamente con días/meses de un dígito"},{"ancestorTitles":["adminPaymentReleaseService - Formatters & Utilities","daysBetween"],"duration":1,"failureDetails":[],"failureMessages":[],"fullName":"adminPaymentReleaseService - Formatters & Utilities daysBetween calcula diferencia de días correctamente","invocations":1,"location":{"column":5,"line":156},"numPassingAsserts":1,"retryReasons":[],"status":"passed","title":"calcula diferencia de días correctamente"},{"ancestorTitles":["adminPaymentReleaseService - Formatters & Utilities","daysBetween"],"duration":1,"failureDetails":[],"failureMessages":[],"fullName":"adminPaymentReleaseService - Formatters & Utilities daysBetween calcula diferencia con fechas invertidas (resultado negativo)","invocations":1,"location":{"column":5,"line":162},"numPassingAsserts":1,"retryReasons":[],"status":"passed","title":"calcula diferencia con fechas invertidas (resultado negativo)"},{"ancestorTitles":["adminPaymentReleaseService - Formatters & Utilities","daysBetween"],"duration":0,"failureDetails":[],"failureMessages":[],"fullName":"adminPaymentReleaseService - Formatters & Utilities daysBetween retorna 0 para fechas iguales","invocations":1,"location":{"column":5,"line":168},"numPassingAsserts":1,"retryReasons":[],"status":"passed","title":"retorna 0 para fechas iguales"},{"ancestorTitles":["adminPaymentReleaseService - Formatters & Utilities","daysBetween"],"duration":0,"failureDetails":[],"failureMessages":[],"fullName":"adminPaymentReleaseService - Formatters & Utilities daysBetween ignora las horas (solo cuenta días completos)","invocations":1,"location":{"column":5,"line":173},"numPassingAsserts":1,"retryReasons":[],"status":"passed","title":"ignora las horas (solo cuenta días completos)"},{"ancestorTitles":["adminPaymentReleaseService - Formatters & Utilities","daysBetween"],"duration":0,"failureDetails":[],"failureMessages":[],"fullName":"adminPaymentReleaseService - Formatters & Utilities daysBetween maneja diferencias de meses/años","invocations":1,"location":{"column":5,"line":179},"numPassingAsserts":1,"retryReasons":[],"status":"passed","title":"maneja diferencias de meses/años"},{"ancestorTitles":["adminPaymentReleaseService - Formatters & Utilities","daysBetween"],"duration":0,"failureDetails":[],"failureMessages":[],"fullName":"adminPaymentReleaseService - Formatters & Utilities daysBetween maneja fechas con objetos Date","invocations":1,"location":{"column":5,"line":185},"numPassingAsserts":1,"retryReasons":[],"status":"passed","title":"maneja fechas con objetos Date"},{"ancestorTitles":["adminPaymentReleaseService - Formatters & Utilities","daysBetween"],"duration":0,"failureDetails":[],"failureMessages":[],"fullName":"adminPaymentReleaseService - Formatters & Utilities daysBetween retorna 0 para valores inválidos","invocations":1,"location":{"column":5,"line":191},"numPassingAsserts":3,"retryReasons":[],"status":"passed","title":"retorna 0 para valores inválidos"},{"ancestorTitles":["adminPaymentReleaseService - Formatters & Utilities","STATUS constants"],"duration":1,"failureDetails":[],"failureMessages":[],"fullName":"adminPaymentReleaseService - Formatters & Utilities STATUS constants define todos los estados correctamente","invocations":1,"location":{"column":5,"line":199},"numPassingAsserts":3,"retryReasons":[],"status":"passed","title":"define todos los estados correctamente"},{"ancestorTitles":["adminPaymentReleaseService - Formatters & Utilities","STATUS constants"],"duration":1,"failureDetails":[],"failureMessages":[],"fullName":"adminPaymentReleaseService - Formatters & Utilities STATUS constants STATUS_COLORS mapea correctamente","invocations":1,"location":{"column":5,"line":205},"numPassingAsserts":3,"retryReasons":[],"status":"passed","title":"STATUS_COLORS mapea correctamente"},{"ancestorTitles":["adminPaymentReleaseService - Formatters & Utilities","STATUS constants"],"duration":1,"failureDetails":[],"failureMessages":[],"fullName":"adminPaymentReleaseService - Formatters & Utilities STATUS constants STATUS_LABELS mapea correctamente","invocations":1,"location":{"column":5,"line":211},"numPassingAsserts":3,"retryReasons":[],"status":"passed","title":"STATUS_LABELS mapea correctamente"},{"ancestorTitles":["adminPaymentReleaseService - CRUD Operations","getPaymentReleases"],"duration":2,"failureDetails":[],"failureMessages":[],"fullName":"adminPaymentReleaseService - CRUD Operations getPaymentReleases obtiene lista completa sin filtros","invocations":1,"location":{"column":5,"line":228},"numPassingAsserts":3,"retryReasons":[],"status":"passed","title":"obtiene lista completa sin filtros"},{"ancestorTitles":["adminPaymentReleaseService - CRUD Operations","getPaymentReleases"],"duration":1,"failureDetails":[],"failureMessages":[],"fullName":"adminPaymentReleaseService - CRUD Operations getPaymentReleases filtra por status=pending","invocations":1,"location":{"column":5,"line":243},"numPassingAsserts":3,"retryReasons":[],"status":"passed","title":"filtra por status=pending"},{"ancestorTitles":["adminPaymentReleaseService - CRUD Operations","getPaymentReleases"],"duration":0,"failureDetails":[],"failureMessages":[],"fullName":"adminPaymentReleaseService - CRUD Operations getPaymentReleases filtra por status=released","invocations":1,"location":{"column":5,"line":256},"numPassingAsserts":2,"retryReasons":[],"status":"passed","title":"filtra por status=released"},{"ancestorTitles":["adminPaymentReleaseService - CRUD Operations","getPaymentReleases"],"duration":0,"failureDetails":[],"failureMessages":[],"fullName":"adminPaymentReleaseService - CRUD Operations getPaymentReleases filtra por fecha desde","invocations":1,"location":{"column":5,"line":268},"numPassingAsserts":2,"retryReasons":[],"status":"passed","title":"filtra por fecha desde"},{"ancestorTitles":["adminPaymentReleaseService - CRUD Operations","getPaymentReleases"],"duration":0,"failureDetails":[],"failureMessages":[],"fullName":"adminPaymentReleaseService - CRUD Operations getPaymentReleases filtra por fecha hasta","invocations":1,"location":{"column":5,"line":279},"numPassingAsserts":1,"retryReasons":[],"status":"passed","title":"filtra por fecha hasta"},{"ancestorTitles":["adminPaymentReleaseService - CRUD Operations","getPaymentReleases"],"duration":1,"failureDetails":[],"failureMessages":[],"fullName":"adminPaymentReleaseService - CRUD Operations getPaymentReleases filtra por rango de fechas completo","invocations":1,"location":{"column":5,"line":289},"numPassingAsserts":1,"retryReasons":[],"status":"passed","title":"filtra por rango de fechas completo"},{"ancestorTitles":["adminPaymentReleaseService - CRUD Operations","getPaymentReleases"],"duration":0,"failureDetails":[],"failureMessages":[],"fullName":"adminPaymentReleaseService - CRUD Operations getPaymentReleases filtra por múltiples criterios (status + fechas)","invocations":1,"location":{"column":5,"line":302},"numPassingAsserts":2,"retryReasons":[],"status":"passed","title":"filtra por múltiples criterios (status + fechas)"},{"ancestorTitles":["adminPaymentReleaseService - CRUD Operations","getPaymentReleases"],"duration":0,"failureDetails":[],"failureMessages":[],"fullName":"adminPaymentReleaseService - CRUD Operations getPaymentReleases retorna array vacío cuando no hay resultados","invocations":1,"location":{"column":5,"line":317},"numPassingAsserts":2,"retryReasons":[],"status":"passed","title":"retorna array vacío cuando no hay resultados"},{"ancestorTitles":["adminPaymentReleaseService - CRUD Operations","getPaymentReleases"],"duration":1,"failureDetails":[],"failureMessages":[],"fullName":"adminPaymentReleaseService - CRUD Operations getPaymentReleases maneja errores de la API correctamente","invocations":1,"location":{"column":5,"line":328},"numPassingAsserts":2,"retryReasons":[],"status":"passed","title":"maneja errores de la API correctamente"},{"ancestorTitles":["adminPaymentReleaseService - CRUD Operations","getPaymentReleases"],"duration":0,"failureDetails":[],"failureMessages":[],"fullName":"adminPaymentReleaseService - CRUD Operations getPaymentReleases maneja null/undefined en filtros","invocations":1,"location":{"column":5,"line":339},"numPassingAsserts":2,"retryReasons":[],"status":"passed","title":"maneja null/undefined en filtros"},{"ancestorTitles":["adminPaymentReleaseService - CRUD Operations","getPaymentReleaseStats"],"duration":0,"failureDetails":[],"failureMessages":[],"fullName":"adminPaymentReleaseService - CRUD Operations getPaymentReleaseStats obtiene estadísticas sin filtros","invocations":1,"location":{"column":5,"line":355},"numPassingAsserts":6,"retryReasons":[],"status":"passed","title":"obtiene estadísticas sin filtros"},{"ancestorTitles":["adminPaymentReleaseService - CRUD Operations","getPaymentReleaseStats"],"duration":0,"failureDetails":[],"failureMessages":[],"fullName":"adminPaymentReleaseService - CRUD Operations getPaymentReleaseStats obtiene estadísticas con filtros","invocations":1,"location":{"column":5,"line":370},"numPassingAsserts":3,"retryReasons":[],"status":"passed","title":"obtiene estadísticas con filtros"},{"ancestorTitles":["adminPaymentReleaseService - CRUD Operations","getPaymentReleaseStats"],"duration":0,"failureDetails":[],"failureMessages":[],"fullName":"adminPaymentReleaseService - CRUD Operations getPaymentReleaseStats calcula correctamente avg_days_to_release","invocations":1,"location":{"column":5,"line":388},"numPassingAsserts":3,"retryReasons":[],"status":"passed","title":"calcula correctamente avg_days_to_release"},{"ancestorTitles":["adminPaymentReleaseService - CRUD Operations","getPaymentReleaseStats"],"duration":1,"failureDetails":[],"failureMessages":[],"fullName":"adminPaymentReleaseService - CRUD Operations getPaymentReleaseStats retorna arreglo vacío cuando no hay datos","invocations":1,"location":{"column":5,"line":400},"numPassingAsserts":2,"retryReasons":[],"status":"passed","title":"retorna arreglo vacío cuando no hay datos"},{"ancestorTitles":["adminPaymentReleaseService - CRUD Operations","getPaymentReleaseStats"],"duration":1,"failureDetails":[],"failureMessages":[],"fullName":"adminPaymentReleaseService - CRUD Operations getPaymentReleaseStats maneja errores de cálculo","invocations":1,"location":{"column":5,"line":411},"numPassingAsserts":2,"retryReasons":[],"status":"passed","title":"maneja errores de cálculo"},{"ancestorTitles":["adminPaymentReleaseService - CRUD Operations","releasePayment"],"duration":1,"failureDetails":[],"failureMessages":[],"fullName":"adminPaymentReleaseService - CRUD Operations releasePayment libera pago exitosamente con todos los parámetros","invocations":1,"location":{"column":5,"line":428},"numPassingAsserts":4,"retryReasons":[],"status":"passed","title":"libera pago exitosamente con todos los parámetros"},{"ancestorTitles":["adminPaymentReleaseService - CRUD Operations","releasePayment"],"duration":1,"failureDetails":[],"failureMessages":[],"fullName":"adminPaymentReleaseService - CRUD Operations releasePayment libera pago sin notas ni comprobante (opcional)","invocations":1,"location":{"column":5,"line":454},"numPassingAsserts":2,"retryReasons":[],"status":"passed","title":"libera pago sin notas ni comprobante (opcional)"},{"ancestorTitles":["adminPaymentReleaseService - CRUD Operations","releasePayment"],"duration":1,"failureDetails":[],"failureMessages":[],"fullName":"adminPaymentReleaseService - CRUD Operations releasePayment rechaza liberar pago con releaseId vacío","invocations":1,"location":{"column":5,"line":470},"numPassingAsserts":3,"retryReasons":[],"status":"passed","title":"rechaza liberar pago con releaseId vacío"},{"ancestorTitles":["adminPaymentReleaseService - CRUD Operations","releasePayment"],"duration":1,"failureDetails":[],"failureMessages":[],"fullName":"adminPaymentReleaseService - CRUD Operations releasePayment rechaza liberar pago con adminId vacío","invocations":1,"location":{"column":5,"line":481},"numPassingAsserts":3,"retryReasons":[],"status":"passed","title":"rechaza liberar pago con adminId vacío"},{"ancestorTitles":["adminPaymentReleaseService - CRUD Operations","releasePayment"],"duration":23,"failureDetails":[],"failureMessages":[],"fullName":"adminPaymentReleaseService - CRUD Operations releasePayment maneja error ADMIN_NOT_FOUND","invocations":1,"location":{"column":5,"line":492},"numPassingAsserts":2,"retryReasons":[],"status":"passed","title":"maneja error ADMIN_NOT_FOUND"},{"ancestorTitles":["adminPaymentReleaseService - CRUD Operations","releasePayment"],"duration":5,"failureDetails":[],"failureMessages":[],"fullName":"adminPaymentReleaseService - CRUD Operations releasePayment maneja error INVALID_STATUS (ya liberado)","invocations":1,"location":{"column":5,"line":500},"numPassingAsserts":2,"retryReasons":[],"status":"passed","title":"maneja error INVALID_STATUS (ya liberado)"},{"ancestorTitles":["adminPaymentReleaseService - CRUD Operations","releasePayment"],"duration":3,"failureDetails":[],"failureMessages":[],"fullName":"adminPaymentReleaseService - CRUD Operations releasePayment maneja error INVALID_STATUS (cancelado)","invocations":1,"location":{"column":5,"line":508},"numPassingAsserts":1,"retryReasons":[],"status":"passed","title":"maneja error INVALID_STATUS (cancelado)"},{"ancestorTitles":["adminPaymentReleaseService - CRUD Operations","releasePayment"],"duration":1,"failureDetails":[],"failureMessages":[],"fullName":"adminPaymentReleaseService - CRUD Operations releasePayment valida longitud máxima de notas (si aplica)","invocations":1,"location":{"column":5,"line":515},"numPassingAsserts":1,"retryReasons":[],"status":"passed","title":"valida longitud máxima de notas (si aplica)"},{"ancestorTitles":["adminPaymentReleaseService - CRUD Operations","cancelPaymentRelease"],"duration":1,"failureDetails":[],"failureMessages":[],"fullName":"adminPaymentReleaseService - CRUD Operations cancelPaymentRelease cancela liberación exitosamente","invocations":1,"location":{"column":5,"line":532},"numPassingAsserts":3,"retryReasons":[],"status":"passed","title":"cancela liberación exitosamente"},{"ancestorTitles":["adminPaymentReleaseService - CRUD Operations","cancelPaymentRelease"],"duration":0,"failureDetails":[],"failureMessages":[],"fullName":"adminPaymentReleaseService - CRUD Operations cancelPaymentRelease rechaza cancelar sin releaseId","invocations":1,"location":{"column":5,"line":556},"numPassingAsserts":2,"retryReasons":[],"status":"passed","title":"rechaza cancelar sin releaseId"},{"ancestorTitles":["adminPaymentReleaseService - CRUD Operations","cancelPaymentRelease"],"duration":0,"failureDetails":[],"failureMessages":[],"fullName":"adminPaymentReleaseService - CRUD Operations cancelPaymentRelease rechaza cancelar sin razón","invocations":1,"location":{"column":5,"line":564},"numPassingAsserts":2,"retryReasons":[],"status":"passed","title":"rechaza cancelar sin razón"},{"ancestorTitles":["adminPaymentReleaseService - CRUD Operations","cancelPaymentRelease"],"duration":0,"failureDetails":[],"failureMessages":[],"fullName":"adminPaymentReleaseService - CRUD Operations cancelPaymentRelease maneja error cuando ya está cancelado","invocations":1,"location":{"column":5,"line":572},"numPassingAsserts":1,"retryReasons":[],"status":"passed","title":"maneja error cuando ya está cancelado"},{"ancestorTitles":["adminPaymentReleaseService - CRUD Operations","cancelPaymentRelease"],"duration":1,"failureDetails":[],"failureMessages":[],"fullName":"adminPaymentReleaseService - CRUD Operations cancelPaymentRelease maneja error cuando ya está liberado","invocations":1,"location":{"column":5,"line":581},"numPassingAsserts":1,"retryReasons":[],"status":"passed","title":"maneja error cuando ya está liberado"},{"ancestorTitles":["adminPaymentReleaseService - CRUD Operations","getPaymentReleasesReport"],"duration":1,"failureDetails":[],"failureMessages":[],"fullName":"adminPaymentReleaseService - CRUD Operations getPaymentReleasesReport genera reporte completo","invocations":1,"location":{"column":5,"line":592},"numPassingAsserts":3,"retryReasons":[],"status":"passed","title":"genera reporte completo"},{"ancestorTitles":["adminPaymentReleaseService - CRUD Operations","getPaymentReleasesReport"],"duration":0,"failureDetails":[],"failureMessages":[],"fullName":"adminPaymentReleaseService - CRUD Operations getPaymentReleasesReport genera reporte con filtros","invocations":1,"location":{"column":5,"line":604},"numPassingAsserts":3,"retryReasons":[],"status":"passed","title":"genera reporte con filtros"},{"ancestorTitles":["adminPaymentReleaseService - CRUD Operations","getPaymentReleasesReport"],"duration":0,"failureDetails":[],"failureMessages":[],"fullName":"adminPaymentReleaseService - CRUD Operations getPaymentReleasesReport retorna array vacío cuando no hay datos","invocations":1,"location":{"column":5,"line":616},"numPassingAsserts":2,"retryReasons":[],"status":"passed","title":"retorna array vacío cuando no hay datos"},{"ancestorTitles":["adminPaymentReleaseService - Edge Cases & Error Handling"],"duration":105,"failureDetails":[],"failureMessages":[],"fullName":"adminPaymentReleaseService - Edge Cases & Error Handling maneja timeout de conexión","invocations":1,"location":{"column":3,"line":634},"numPassingAsserts":1,"retryReasons":[],"status":"passed","title":"maneja timeout de conexión"},{"ancestorTitles":["adminPaymentReleaseService - Edge Cases & Error Handling"],"duration":1,"failureDetails":[],"failureMessages":[],"fullName":"adminPaymentReleaseService - Edge Cases & Error Handling maneja respuestas con formato inesperado","invocations":1,"location":{"column":3,"line":644},"numPassingAsserts":1,"retryReasons":[],"status":"passed","title":"maneja respuestas con formato inesperado"},{"ancestorTitles":["adminPaymentReleaseService - Edge Cases & Error Handling"],"duration":1,"failureDetails":[],"failureMessages":[],"fullName":"adminPaymentReleaseService - Edge Cases & Error Handling maneja múltiples llamadas concurrentes","invocations":1,"location":{"column":3,"line":655},"numPassingAsserts":4,"retryReasons":[],"status":"passed","title":"maneja múltiples llamadas concurrentes"},{"ancestorTitles":["adminPaymentReleaseService - Edge Cases & Error Handling"],"duration":2,"failureDetails":[],"failureMessages":[],"fullName":"adminPaymentReleaseService - Edge Cases & Error Handling maneja fechas en el límite (año 2000, año 2100)","invocations":1,"location":{"column":3,"line":673},"numPassingAsserts":2,"retryReasons":[],"status":"passed","title":"maneja fechas en el límite (año 2000, año 2100)"},{"ancestorTitles":["adminPaymentReleaseService - Edge Cases & Error Handling"],"duration":1,"failureDetails":[],"failureMessages":[],"fullName":"adminPaymentReleaseService - Edge Cases & Error Handling maneja montos extremos (muy pequeños y muy grandes)","invocations":1,"location":{"column":3,"line":684},"numPassingAsserts":2,"retryReasons":[],"status":"passed","title":"maneja montos extremos (muy pequeños y muy grandes)"}],"endTime":1769700200214,"message":"\u001b[1m\u001b[31m  \u001b[1m● \u001b[22m\u001b[1madminPaymentReleaseService - Formatters & Utilities › computePayout calcula comisión y payout correctamente\u001b[39m\u001b[22m\n\n    ReferenceError: computePayout is not defined\n\u001b[2m\u001b[22m\n\u001b[2m    \u001b[0m \u001b[90m 50 |\u001b[39m describe(\u001b[32m'adminPaymentReleaseService - Formatters & Utilities'\u001b[39m\u001b[33m,\u001b[39m () \u001b[33m=>\u001b[39m {\u001b[22m\n\u001b[2m     \u001b[90m 51 |\u001b[39m   test(\u001b[32m'computePayout calcula comisión y payout correctamente'\u001b[39m\u001b[33m,\u001b[39m () \u001b[33m=>\u001b[39m {\u001b[22m\n\u001b[2m    \u001b[31m\u001b[1m>\u001b[22m\u001b[2m\u001b[39m\u001b[90m 52 |\u001b[39m     \u001b[36mconst\u001b[39m res \u001b[33m=\u001b[39m computePayout(\u001b[35m100000\u001b[39m)\u001b[22m\n\u001b[2m     \u001b[90m    |\u001b[39m                 \u001b[31m\u001b[1m^\u001b[22m\u001b[2m\u001b[39m\u001b[22m\n\u001b[2m     \u001b[90m 53 |\u001b[39m     expect(res\u001b[33m.\u001b[39mcommission)\u001b[33m.\u001b[39mtoBe(\u001b[35m3000\u001b[39m)\u001b[22m\n\u001b[2m     \u001b[90m 54 |\u001b[39m     expect(res\u001b[33m.\u001b[39mpayout)\u001b[33m.\u001b[39mtoBe(\u001b[35m97000\u001b[39m)\u001b[22m\n\u001b[2m     \u001b[90m 55 |\u001b[39m\u001b[0m\u001b[22m\n\u001b[2m\u001b[22m\n\u001b[2m      \u001b[2mat Object.computePayout (\u001b[22m\u001b[2m\u001b[0m\u001b[36mtests/unit/adminPaymentReleaseService.test.js\u001b[39m\u001b[0m\u001b[2m:52:17)\u001b[22m\u001b[2m\u001b[22m\n","name":"C:\\Users\\klaus\\OneDrive\\Documentos\\sellsi\\control_panel\\tests\\unit\\adminPaymentReleaseService.test.js","startTime":1769700198351,"status":"failed","summary":""},{"assertionResults":[{"ancestorTitles":["PaymentReleasesTable - Renderizado Básico"],"duration":448,"failureDetails":[],"failureMessages":[],"fullName":"PaymentReleasesTable - Renderizado Básico renderiza el componente sin errores","invocations":1,"location":{"column":3,"line":55},"numPassingAsserts":1,"retryReasons":[],"status":"passed","title":"renderiza el componente sin errores"},{"ancestorTitles":["PaymentReleasesTable - Renderizado Básico"],"duration":390,"failureDetails":[],"failureMessages":[],"fullName":"PaymentReleasesTable - Renderizado Básico muestra el título correcto","invocations":1,"location":{"column":3,"line":63},"numPassingAsserts":1,"retryReasons":[],"status":"passed","title":"muestra el título correcto"},{"ancestorTitles":["PaymentReleasesTable - Renderizado Básico"],"duration":823,"failureDetails":[],"failureMessages":[],"fullName":"PaymentReleasesTable - Renderizado Básico muestra botón de exportar","invocations":1,"location":{"column":3,"line":71},"numPassingAsserts":1,"retryReasons":[],"status":"passed","title":"muestra botón de exportar"},{"ancestorTitles":["PaymentReleasesTable - Renderizado Básico"],"duration":482,"failureDetails":[],"failureMessages":[],"fullName":"PaymentReleasesTable - Renderizado Básico muestra botón de actualizar","invocations":1,"location":{"column":3,"line":79},"numPassingAsserts":1,"retryReasons":[],"status":"passed","title":"muestra botón de actualizar"},{"ancestorTitles":["PaymentReleasesTable - Renderizado Básico"],"duration":329,"failureDetails":[],"failureMessages":[],"fullName":"PaymentReleasesTable - Renderizado Básico muestra estado de carga inicialmente","invocations":1,"location":{"column":3,"line":88},"numPassingAsserts":1,"retryReasons":[],"status":"passed","title":"muestra estado de carga inicialmente"},{"ancestorTitles":["PaymentReleasesTable - Renderizado Básico"],"duration":414,"failureDetails":[],"failureMessages":[],"fullName":"PaymentReleasesTable - Renderizado Básico oculta loading después de cargar datos","invocations":1,"location":{"column":3,"line":97},"numPassingAsserts":1,"retryReasons":[],"status":"passed","title":"oculta loading después de cargar datos"},{"ancestorTitles":["PaymentReleasesTable - Estadísticas"],"duration":332,"failureDetails":[],"failureMessages":[],"fullName":"PaymentReleasesTable - Estadísticas muestra las 4 tarjetas de estadísticas","invocations":1,"location":{"column":3,"line":113},"numPassingAsserts":4,"retryReasons":[],"status":"passed","title":"muestra las 4 tarjetas de estadísticas"},{"ancestorTitles":["PaymentReleasesTable - Estadísticas"],"duration":395,"failureDetails":[],"failureMessages":[],"fullName":"PaymentReleasesTable - Estadísticas muestra contadores correctos en tarjetas","invocations":1,"location":{"column":3,"line":124},"numPassingAsserts":1,"retryReasons":[],"status":"passed","title":"muestra contadores correctos en tarjetas"},{"ancestorTitles":["PaymentReleasesTable - Estadísticas"],"duration":192,"failureDetails":[],"failureMessages":[],"fullName":"PaymentReleasesTable - Estadísticas muestra montos formateados en CLP","invocations":1,"location":{"column":3,"line":134},"numPassingAsserts":1,"retryReasons":[],"status":"passed","title":"muestra montos formateados en CLP"},{"ancestorTitles":["PaymentReleasesTable - Estadísticas"],"duration":373,"failureDetails":[],"failureMessages":[],"fullName":"PaymentReleasesTable - Estadísticas muestra promedio de días correctamente","invocations":1,"location":{"column":3,"line":145},"numPassingAsserts":1,"retryReasons":[],"status":"passed","title":"muestra promedio de días correctamente"},{"ancestorTitles":["PaymentReleasesTable - Estadísticas"],"duration":105,"failureDetails":[],"failureMessages":[],"fullName":"PaymentReleasesTable - Estadísticas muestra 0 cuando no hay estadísticas","invocations":1,"location":{"column":3,"line":154},"numPassingAsserts":1,"retryReasons":[],"status":"passed","title":"muestra 0 cuando no hay estadísticas"},{"ancestorTitles":["PaymentReleasesTable - Filtros"],"duration":345,"failureDetails":[],"failureMessages":[],"fullName":"PaymentReleasesTable - Filtros muestra sección de filtros","invocations":1,"location":{"column":3,"line":173},"numPassingAsserts":1,"retryReasons":[],"status":"passed","title":"muestra sección de filtros"},{"ancestorTitles":["PaymentReleasesTable - Filtros"],"duration":757,"failureDetails":[],"failureMessages":[],"fullName":"PaymentReleasesTable - Filtros muestra filtro de estado con opciones correctas","invocations":1,"location":{"column":3,"line":181},"numPassingAsserts":5,"retryReasons":[],"status":"passed","title":"muestra filtro de estado con opciones correctas"},{"ancestorTitles":["PaymentReleasesTable - Filtros"],"duration":409,"failureDetails":[],"failureMessages":[],"fullName":"PaymentReleasesTable - Filtros muestra filtros de fechas","invocations":1,"location":{"column":3,"line":202},"numPassingAsserts":2,"retryReasons":[],"status":"passed","title":"muestra filtros de fechas"},{"ancestorTitles":["PaymentReleasesTable - Filtros"],"duration":679,"failureDetails":[],"failureMessages":[],"fullName":"PaymentReleasesTable - Filtros filtro por estado funciona correctamente","invocations":1,"location":{"column":3,"line":211},"numPassingAsserts":2,"retryReasons":[],"status":"passed","title":"filtro por estado funciona correctamente"},{"ancestorTitles":["PaymentReleasesTable - Filtros"],"duration":1182,"failureDetails":[],"failureMessages":[],"fullName":"PaymentReleasesTable - Filtros filtro por fecha desde funciona","invocations":1,"location":{"column":3,"line":234},"numPassingAsserts":2,"retryReasons":[],"status":"passed","title":"filtro por fecha desde funciona"},{"ancestorTitles":["PaymentReleasesTable - Filtros"],"duration":1741,"failureDetails":[],"failureMessages":[],"fullName":"PaymentReleasesTable - Filtros botón limpiar filtros funciona","invocations":1,"location":{"column":3,"line":252},"numPassingAsserts":2,"retryReasons":[],"status":"passed","title":"botón limpiar filtros funciona"},{"ancestorTitles":["PaymentReleasesTable - Filtros"],"duration":342,"failureDetails":[],"failureMessages":[],"fullName":"PaymentReleasesTable - Filtros botón limpiar se deshabilita cuando no hay filtros","invocations":1,"location":{"column":3,"line":278},"numPassingAsserts":0,"retryReasons":[],"status":"passed","title":"botón limpiar se deshabilita cuando no hay filtros"},{"ancestorTitles":["PaymentReleasesTable - DataGrid"],"duration":606,"failureDetails":[],"failureMessages":[],"fullName":"PaymentReleasesTable - DataGrid muestra las columnas correctas del DataGrid","invocations":1,"location":{"column":3,"line":297},"numPassingAsserts":5,"retryReasons":[],"status":"passed","title":"muestra las columnas correctas del DataGrid"},{"ancestorTitles":["PaymentReleasesTable - DataGrid"],"duration":413,"failureDetails":[],"failureMessages":[],"fullName":"PaymentReleasesTable - DataGrid muestra las filas de datos correctamente","invocations":1,"location":{"column":3,"line":312},"numPassingAsserts":1,"retryReasons":[],"status":"passed","title":"muestra las filas de datos correctamente"},{"ancestorTitles":["PaymentReleasesTable - DataGrid"],"duration":402,"failureDetails":[],"failureMessages":[],"fullName":"PaymentReleasesTable - DataGrid muestra nombres de proveedores","invocations":1,"location":{"column":3,"line":322},"numPassingAsserts":1,"retryReasons":[],"status":"passed","title":"muestra nombres de proveedores"},{"ancestorTitles":["PaymentReleasesTable - DataGrid"],"duration":274,"failureDetails":[],"failureMessages":[],"fullName":"PaymentReleasesTable - DataGrid muestra montos formateados en las filas","invocations":1,"location":{"column":3,"line":332},"numPassingAsserts":1,"retryReasons":[],"status":"passed","title":"muestra montos formateados en las filas"},{"ancestorTitles":["PaymentReleasesTable - DataGrid"],"duration":370,"failureDetails":[],"failureMessages":[],"fullName":"PaymentReleasesTable - DataGrid muestra chips de estado con colores correctos","invocations":1,"location":{"column":3,"line":342},"numPassingAsserts":1,"retryReasons":[],"status":"passed","title":"muestra chips de estado con colores correctos"},{"ancestorTitles":["PaymentReleasesTable - DataGrid"],"duration":349,"failureDetails":[],"failureMessages":[],"fullName":"PaymentReleasesTable - DataGrid calcula días desde entrega correctamente","invocations":1,"location":{"column":3,"line":352},"numPassingAsserts":1,"retryReasons":[],"status":"passed","title":"calcula días desde entrega correctamente"},{"ancestorTitles":["PaymentReleasesTable - DataGrid"],"duration":216,"failureDetails":[],"failureMessages":[],"fullName":"PaymentReleasesTable - DataGrid muestra paginación correctamente","invocations":1,"location":{"column":3,"line":372},"numPassingAsserts":1,"retryReasons":[],"status":"passed","title":"muestra paginación correctamente"},{"ancestorTitles":["PaymentReleasesTable - DataGrid"],"duration":201,"failureDetails":[],"failureMessages":[],"fullName":"PaymentReleasesTable - DataGrid muestra mensaje cuando no hay datos","invocations":1,"location":{"column":3,"line":388},"numPassingAsserts":1,"retryReasons":[],"status":"passed","title":"muestra mensaje cuando no hay datos"},{"ancestorTitles":["PaymentReleasesTable - Acciones e Interacciones"],"duration":468,"failureDetails":[],"failureMessages":[],"fullName":"PaymentReleasesTable - Acciones e Interacciones muestra botón de ver detalles para todos los registros","invocations":1,"location":{"column":3,"line":409},"numPassingAsserts":1,"retryReasons":[],"status":"passed","title":"muestra botón de ver detalles para todos los registros"},{"ancestorTitles":["PaymentReleasesTable - Acciones e Interacciones"],"duration":387,"failureDetails":[],"failureMessages":[],"fullName":"PaymentReleasesTable - Acciones e Interacciones muestra botón de liberar solo para registros pendientes","invocations":1,"location":{"column":3,"line":422},"numPassingAsserts":1,"retryReasons":[],"status":"passed","title":"muestra botón de liberar solo para registros pendientes"},{"ancestorTitles":["PaymentReleasesTable - Acciones e Interacciones"],"duration":233,"failureDetails":[],"failureMessages":[],"fullName":"PaymentReleasesTable - Acciones e Interacciones NO muestra botón de liberar para registros ya liberados","invocations":1,"location":{"column":3,"line":436},"numPassingAsserts":1,"retryReasons":[],"status":"passed","title":"NO muestra botón de liberar para registros ya liberados"},{"ancestorTitles":["PaymentReleasesTable - Acciones e Interacciones"],"duration":1396,"failureDetails":[],"failureMessages":[],"fullName":"PaymentReleasesTable - Acciones e Interacciones botón de actualizar recarga los datos","invocations":1,"location":{"column":3,"line":447},"numPassingAsserts":2,"retryReasons":[],"status":"passed","title":"botón de actualizar recarga los datos"},{"ancestorTitles":["PaymentReleasesTable - Acciones e Interacciones"],"duration":2044,"failureDetails":[],"failureMessages":[],"fullName":"PaymentReleasesTable - Acciones e Interacciones botón exportar genera reporte","invocations":1,"location":{"column":3,"line":465},"numPassingAsserts":3,"retryReasons":[],"status":"passed","title":"botón exportar genera reporte"},{"ancestorTitles":["PaymentReleasesTable - Manejo de Errores"],"duration":154,"failureDetails":[],"failureMessages":[],"fullName":"PaymentReleasesTable - Manejo de Errores muestra mensaje de error cuando falla la carga","invocations":1,"location":{"column":3,"line":504},"numPassingAsserts":1,"retryReasons":[],"status":"passed","title":"muestra mensaje de error cuando falla la carga"},{"ancestorTitles":["PaymentReleasesTable - Manejo de Errores"],"duration":258,"failureDetails":[],"failureMessages":[],"fullName":"PaymentReleasesTable - Manejo de Errores permite cerrar el mensaje de error","invocations":1,"location":{"column":3,"line":518},"numPassingAsserts":1,"retryReasons":[],"status":"passed","title":"permite cerrar el mensaje de error"},{"ancestorTitles":["PaymentReleasesTable - Manejo de Errores"],"duration":142,"failureDetails":[],"failureMessages":[],"fullName":"PaymentReleasesTable - Manejo de Errores maneja error en estadísticas sin afectar la tabla","invocations":1,"location":{"column":3,"line":532},"numPassingAsserts":1,"retryReasons":[],"status":"passed","title":"maneja error en estadísticas sin afectar la tabla"},{"ancestorTitles":["PaymentReleasesTable - Manejo de Errores"],"duration":1689,"failureDetails":[],"failureMessages":[],"fullName":"PaymentReleasesTable - Manejo de Errores maneja error en exportación","invocations":1,"location":{"column":3,"line":546},"numPassingAsserts":3,"retryReasons":[],"status":"passed","title":"maneja error en exportación"}],"endTime":1769700334992,"message":"","name":"C:\\Users\\klaus\\OneDrive\\Documentos\\sellsi\\control_panel\\tests\\integration\\PaymentReleasesTable.test.jsx","startTime":1769700200247,"status":"passed","summary":""},{"assertionResults":[{"ancestorTitles":["ReleasePaymentModal - Renderizado"],"duration":109,"failureDetails":[],"failureMessages":[],"fullName":"ReleasePaymentModal - Renderizado renderiza el modal cuando está abierto","invocations":1,"location":{"column":3,"line":60},"numPassingAsserts":1,"retryReasons":[],"status":"passed","title":"renderiza el modal cuando está abierto"},{"ancestorTitles":["ReleasePaymentModal - Renderizado"],"duration":8,"failureDetails":[],"failureMessages":[],"fullName":"ReleasePaymentModal - Renderizado NO renderiza cuando está cerrado","invocations":1,"location":{"column":3,"line":73},"numPassingAsserts":1,"retryReasons":[],"status":"passed","title":"NO renderiza cuando está cerrado"},{"ancestorTitles":["ReleasePaymentModal - Renderizado"],"duration":64,"failureDetails":[],"failureMessages":[],"fullName":"ReleasePaymentModal - Renderizado muestra información del pago pendiente","invocations":1,"location":{"column":3,"line":86},"numPassingAsserts":6,"retryReasons":[],"status":"passed","title":"muestra información del pago pendiente"},{"ancestorTitles":["ReleasePaymentModal - Renderizado"],"duration":101,"failureDetails":[],"failureMessages":[],"fullName":"ReleasePaymentModal - Renderizado muestra sección de información de transferencia","invocations":1,"location":{"column":3,"line":106},"numPassingAsserts":2,"retryReasons":[],"status":"passed","title":"muestra sección de información de transferencia"},{"ancestorTitles":["ReleasePaymentModal - Renderizado"],"duration":61,"failureDetails":[],"failureMessages":[],"fullName":"ReleasePaymentModal - Renderizado muestra alerta de registro manual","invocations":1,"location":{"column":3,"line":122},"numPassingAsserts":2,"retryReasons":[],"status":"passed","title":"muestra alerta de registro manual"},{"ancestorTitles":["ReleasePaymentModal - Renderizado"],"duration":57,"failureDetails":[],"failureMessages":[],"fullName":"ReleasePaymentModal - Renderizado muestra campo de admin_id (readonly)","invocations":1,"location":{"column":3,"line":136},"numPassingAsserts":3,"retryReasons":[],"status":"passed","title":"muestra campo de admin_id (readonly)"},{"ancestorTitles":["ReleasePaymentModal - Renderizado"],"duration":60,"failureDetails":[],"failureMessages":[],"fullName":"ReleasePaymentModal - Renderizado muestra campo de notas (opcional)","invocations":1,"location":{"column":3,"line":153},"numPassingAsserts":1,"retryReasons":[],"status":"passed","title":"muestra campo de notas (opcional)"},{"ancestorTitles":["ReleasePaymentModal - Renderizado"],"duration":58,"failureDetails":[],"failureMessages":[],"fullName":"ReleasePaymentModal - Renderizado muestra campo de URL de comprobante (opcional)","invocations":1,"location":{"column":3,"line":166},"numPassingAsserts":1,"retryReasons":[],"status":"passed","title":"muestra campo de URL de comprobante (opcional)"},{"ancestorTitles":["ReleasePaymentModal - Renderizado"],"duration":109,"failureDetails":[],"failureMessages":[],"fullName":"ReleasePaymentModal - Renderizado muestra botones de acción","invocations":1,"location":{"column":3,"line":179},"numPassingAsserts":2,"retryReasons":[],"status":"passed","title":"muestra botones de acción"},{"ancestorTitles":["ReleasePaymentModal - Interacciones"],"duration":236,"failureDetails":[],"failureMessages":[],"fullName":"ReleasePaymentModal - Interacciones botón cancelar cierra el modal","invocations":1,"location":{"column":3,"line":203},"numPassingAsserts":1,"retryReasons":[],"status":"passed","title":"botón cancelar cierra el modal"},{"ancestorTitles":["ReleasePaymentModal - Interacciones"],"duration":2201,"failureDetails":[],"failureMessages":[],"fullName":"ReleasePaymentModal - Interacciones permite ingresar notas","invocations":1,"location":{"column":3,"line":221},"numPassingAsserts":1,"retryReasons":[],"status":"passed","title":"permite ingresar notas"},{"ancestorTitles":["ReleasePaymentModal - Interacciones"],"duration":2148,"failureDetails":[],"failureMessages":[],"fullName":"ReleasePaymentModal - Interacciones permite ingresar URL de comprobante","invocations":1,"location":{"column":3,"line":239},"numPassingAsserts":1,"retryReasons":[],"status":"passed","title":"permite ingresar URL de comprobante"},{"ancestorTitles":["ReleasePaymentModal - Interacciones"],"duration":204,"failureDetails":[],"failureMessages":[],"fullName":"ReleasePaymentModal - Interacciones submit sin datos opcionales funciona","invocations":1,"location":{"column":3,"line":257},"numPassingAsserts":1,"retryReasons":[],"status":"passed","title":"submit sin datos opcionales funciona"},{"ancestorTitles":["ReleasePaymentModal - Interacciones"],"duration":3025,"failureDetails":[],"failureMessages":[],"fullName":"ReleasePaymentModal - Interacciones submit con todos los datos funciona","invocations":1,"location":{"column":3,"line":281},"numPassingAsserts":1,"retryReasons":[],"status":"passed","title":"submit con todos los datos funciona"},{"ancestorTitles":["ReleasePaymentModal - Interacciones"],"duration":193,"failureDetails":[],"failureMessages":[],"fullName":"ReleasePaymentModal - Interacciones deshabilita botón submit mientras procesa","invocations":1,"location":{"column":3,"line":313},"numPassingAsserts":1,"retryReasons":[],"status":"passed","title":"deshabilita botón submit mientras procesa"},{"ancestorTitles":["ReleasePaymentModal - Interacciones"],"duration":210,"failureDetails":[],"failureMessages":[],"fullName":"ReleasePaymentModal - Interacciones muestra spinner durante submit","invocations":1,"location":{"column":3,"line":333},"numPassingAsserts":1,"retryReasons":[],"status":"passed","title":"muestra spinner durante submit"},{"ancestorTitles":["ReleasePaymentModal - Validaciones"],"duration":79,"failureDetails":[],"failureMessages":[],"fullName":"ReleasePaymentModal - Validaciones valida que admin_id no esté vacío","invocations":1,"location":{"column":3,"line":365},"numPassingAsserts":1,"retryReasons":[],"status":"passed","title":"valida que admin_id no esté vacío"},{"ancestorTitles":["ReleasePaymentModal - Validaciones"],"duration":1055,"failureDetails":[],"failureMessages":[],"fullName":"ReleasePaymentModal - Validaciones valida formato de URL si se proporciona","invocations":1,"location":{"column":3,"line":411},"numPassingAsserts":1,"retryReasons":[],"status":"passed","title":"valida formato de URL si se proporciona"},{"ancestorTitles":["ReleasePaymentModal - Validaciones"],"duration":2267,"failureDetails":[],"failureMessages":[],"fullName":"ReleasePaymentModal - Validaciones acepta URL válida con https","invocations":1,"location":{"column":3,"line":436},"numPassingAsserts":1,"retryReasons":[],"status":"passed","title":"acepta URL válida con https"},{"ancestorTitles":["ReleasePaymentModal - Manejo de Errores"],"duration":304,"failureDetails":[],"failureMessages":[],"fullName":"ReleasePaymentModal - Manejo de Errores muestra error cuando falla onConfirm","invocations":1,"location":{"column":3,"line":472},"numPassingAsserts":1,"retryReasons":[],"status":"passed","title":"muestra error cuando falla onConfirm"},{"ancestorTitles":["ReleasePaymentModal - Manejo de Errores"],"duration":308,"failureDetails":[],"failureMessages":[],"fullName":"ReleasePaymentModal - Manejo de Errores no cierra el modal cuando hay error","invocations":1,"location":{"column":3,"line":493},"numPassingAsserts":2,"retryReasons":[],"status":"passed","title":"no cierra el modal cuando hay error"},{"ancestorTitles":["ReleasePaymentModal - Manejo de Errores"],"duration":453,"failureDetails":[],"failureMessages":[],"fullName":"ReleasePaymentModal - Manejo de Errores permite reintentar después de un error","invocations":1,"location":{"column":3,"line":517},"numPassingAsserts":2,"retryReasons":[],"status":"passed","title":"permite reintentar después de un error"},{"ancestorTitles":["ReleasePaymentModal - Manejo de Errores"],"duration":478,"failureDetails":[],"failureMessages":[],"fullName":"ReleasePaymentModal - Manejo de Errores limpia error al cerrar modal","invocations":1,"location":{"column":3,"line":548},"numPassingAsserts":2,"retryReasons":[],"status":"passed","title":"limpia error al cerrar modal"},{"ancestorTitles":["ReleasePaymentModal - Edge Cases"],"duration":311,"failureDetails":[],"failureMessages":[],"fullName":"ReleasePaymentModal - Edge Cases maneja notas muy largas","invocations":1,"location":{"column":3,"line":585},"numPassingAsserts":1,"retryReasons":[],"status":"passed","title":"maneja notas muy largas"},{"ancestorTitles":["ReleasePaymentModal - Edge Cases"],"duration":340,"failureDetails":[],"failureMessages":[],"fullName":"ReleasePaymentModal - Edge Cases maneja caracteres especiales en notas","invocations":1,"location":{"column":3,"line":614},"numPassingAsserts":1,"retryReasons":[],"status":"passed","title":"maneja caracteres especiales en notas"},{"ancestorTitles":["ReleasePaymentModal - Edge Cases"],"duration":125,"failureDetails":[],"failureMessages":[],"fullName":"ReleasePaymentModal - Edge Cases mantiene estado del formulario al reabrir modal","invocations":1,"location":{"column":3,"line":643},"numPassingAsserts":1,"retryReasons":[],"status":"passed","title":"mantiene estado del formulario al reabrir modal"}],"endTime":1769700353307,"message":"","name":"C:\\Users\\klaus\\OneDrive\\Documentos\\sellsi\\control_panel\\tests\\integration\\ReleasePaymentModal.test.jsx","startTime":1769700335024,"status":"passed","summary":""},{"assertionResults":[{"ancestorTitles":["ProductMarketplaceTable - Paginación"],"duration":4056,"failureDetails":[],"failureMessages":[],"fullName":"ProductMarketplaceTable - Paginación muestra botones de página correctos para 2 páginas (no duplicados) y navega a página 2","invocations":1,"location":{"column":3,"line":41},"numPassingAsserts":7,"retryReasons":[],"status":"passed","title":"muestra botones de página correctos para 2 páginas (no duplicados) y navega a página 2"}],"endTime":1769700361748,"message":"","name":"C:\\Users\\klaus\\OneDrive\\Documentos\\sellsi\\control_panel\\tests\\integration\\ProductMarketplaceTable.test.jsx","startTime":1769700353327,"status":"passed","summary":""},{"assertionResults":[{"ancestorTitles":["PaymentReleaseDetailsModal"],"duration":128,"failureDetails":[],"failureMessages":[],"fullName":"PaymentReleaseDetailsModal muestra información de transferencia cuando existe bank_info","invocations":1,"location":{"column":3,"line":34},"numPassingAsserts":7,"retryReasons":[],"status":"passed","title":"muestra información de transferencia cuando existe bank_info"}],"endTime":1769700365173,"message":"","name":"C:\\Users\\klaus\\OneDrive\\Documentos\\sellsi\\control_panel\\tests\\integration\\PaymentReleaseDetailsModal.test.jsx","startTime":1769700361765,"status":"passed","summary":""},{"assertionResults":[{"ancestorTitles":["Lógica Crítica - Cálculo de Días Desde Entrega"],"duration":1,"failureDetails":[],"failureMessages":[],"fullName":"Lógica Crítica - Cálculo de Días Desde Entrega calcula 0 días para entrega de hoy","invocations":1,"location":{"column":3,"line":16},"numPassingAsserts":1,"retryReasons":[],"status":"passed","title":"calcula 0 días para entrega de hoy"},{"ancestorTitles":["Lógica Crítica - Cálculo de Días Desde Entrega"],"duration":0,"failureDetails":[],"failureMessages":[],"fullName":"Lógica Crítica - Cálculo de Días Desde Entrega calcula 1 día para entrega de ayer","invocations":1,"location":{"column":3,"line":24},"numPassingAsserts":1,"retryReasons":[],"status":"passed","title":"calcula 1 día para entrega de ayer"},{"ancestorTitles":["Lógica Crítica - Cálculo de Días Desde Entrega"],"duration":1,"failureDetails":[],"failureMessages":[],"fullName":"Lógica Crítica - Cálculo de Días Desde Entrega calcula 3 días correctamente","invocations":1,"location":{"column":3,"line":33},"numPassingAsserts":1,"retryReasons":[],"status":"passed","title":"calcula 3 días correctamente"},{"ancestorTitles":["Lógica Crítica - Cálculo de Días Desde Entrega"],"duration":1,"failureDetails":[],"failureMessages":[],"fullName":"Lógica Crítica - Cálculo de Días Desde Entrega calcula 7 días (límite de warning)","invocations":1,"location":{"column":3,"line":42},"numPassingAsserts":1,"retryReasons":[],"status":"passed","title":"calcula 7 días (límite de warning)"},{"ancestorTitles":["Lógica Crítica - Cálculo de Días Desde Entrega"],"duration":0,"failureDetails":[],"failureMessages":[],"fullName":"Lógica Crítica - Cálculo de Días Desde Entrega calcula 10 días (caso crítico)","invocations":1,"location":{"column":3,"line":51},"numPassingAsserts":1,"retryReasons":[],"status":"passed","title":"calcula 10 días (caso crítico)"},{"ancestorTitles":["Lógica Crítica - Cálculo de Días Desde Entrega"],"duration":0,"failureDetails":[],"failureMessages":[],"fullName":"Lógica Crítica - Cálculo de Días Desde Entrega NO calcula días negativos para fechas futuras","invocations":1,"location":{"column":3,"line":60},"numPassingAsserts":1,"retryReasons":[],"status":"passed","title":"NO calcula días negativos para fechas futuras"},{"ancestorTitles":["Lógica Crítica - Cálculo de Días Desde Entrega"],"duration":1,"failureDetails":[],"failureMessages":[],"fullName":"Lógica Crítica - Cálculo de Días Desde Entrega calcula diferencia de meses correctamente","invocations":1,"location":{"column":3,"line":70},"numPassingAsserts":2,"retryReasons":[],"status":"passed","title":"calcula diferencia de meses correctamente"},{"ancestorTitles":["Lógica Crítica - Cálculo de Días Desde Entrega"],"duration":1,"failureDetails":[],"failureMessages":[],"fullName":"Lógica Crítica - Cálculo de Días Desde Entrega maneja cambio de año correctamente","invocations":1,"location":{"column":3,"line":80},"numPassingAsserts":1,"retryReasons":[],"status":"passed","title":"maneja cambio de año correctamente"},{"ancestorTitles":["Lógica Crítica - Cálculo de Días Desde Entrega"],"duration":1,"failureDetails":[],"failureMessages":[],"fullName":"Lógica Crítica - Cálculo de Días Desde Entrega maneja año bisiesto correctamente","invocations":1,"location":{"column":3,"line":89},"numPassingAsserts":1,"retryReasons":[],"status":"passed","title":"maneja año bisiesto correctamente"},{"ancestorTitles":["Lógica Crítica - Transiciones de Estado"],"duration":0,"failureDetails":[],"failureMessages":[],"fullName":"Lógica Crítica - Transiciones de Estado pending → released es transición válida","invocations":1,"location":{"column":3,"line":99},"numPassingAsserts":1,"retryReasons":[],"status":"passed","title":"pending → released es transición válida"},{"ancestorTitles":["Lógica Crítica - Transiciones de Estado"],"duration":0,"failureDetails":[],"failureMessages":[],"fullName":"Lógica Crítica - Transiciones de Estado pending → cancelled es transición válida","invocations":1,"location":{"column":3,"line":108},"numPassingAsserts":1,"retryReasons":[],"status":"passed","title":"pending → cancelled es transición válida"},{"ancestorTitles":["Lógica Crítica - Transiciones de Estado"],"duration":0,"failureDetails":[],"failureMessages":[],"fullName":"Lógica Crítica - Transiciones de Estado released → cancelled es transición INVÁLIDA","invocations":1,"location":{"column":3,"line":116},"numPassingAsserts":1,"retryReasons":[],"status":"passed","title":"released → cancelled es transición INVÁLIDA"},{"ancestorTitles":["Lógica Crítica - Transiciones de Estado"],"duration":0,"failureDetails":[],"failureMessages":[],"fullName":"Lógica Crítica - Transiciones de Estado released → pending es transición INVÁLIDA","invocations":1,"location":{"column":3,"line":125},"numPassingAsserts":1,"retryReasons":[],"status":"passed","title":"released → pending es transición INVÁLIDA"},{"ancestorTitles":["Lógica Crítica - Transiciones de Estado"],"duration":0,"failureDetails":[],"failureMessages":[],"fullName":"Lógica Crítica - Transiciones de Estado cancelled → released es transición INVÁLIDA","invocations":1,"location":{"column":3,"line":134},"numPassingAsserts":1,"retryReasons":[],"status":"passed","title":"cancelled → released es transición INVÁLIDA"},{"ancestorTitles":["Lógica Crítica - Transiciones de Estado"],"duration":0,"failureDetails":[],"failureMessages":[],"fullName":"Lógica Crítica - Transiciones de Estado cancelled → pending es transición INVÁLIDA","invocations":1,"location":{"column":3,"line":143},"numPassingAsserts":1,"retryReasons":[],"status":"passed","title":"cancelled → pending es transición INVÁLIDA"},{"ancestorTitles":["Lógica Crítica - Validaciones de Negocio","Validación de Montos"],"duration":0,"failureDetails":[],"failureMessages":[],"fullName":"Lógica Crítica - Validaciones de Negocio Validación de Montos monto positivo es válido","invocations":1,"location":{"column":5,"line":155},"numPassingAsserts":1,"retryReasons":[],"status":"passed","title":"monto positivo es válido"},{"ancestorTitles":["Lógica Crítica - Validaciones de Negocio","Validación de Montos"],"duration":1,"failureDetails":[],"failureMessages":[],"fullName":"Lógica Crítica - Validaciones de Negocio Validación de Montos monto cero NO es válido","invocations":1,"location":{"column":5,"line":160},"numPassingAsserts":1,"retryReasons":[],"status":"passed","title":"monto cero NO es válido"},{"ancestorTitles":["Lógica Crítica - Validaciones de Negocio","Validación de Montos"],"duration":8,"failureDetails":[],"failureMessages":[],"fullName":"Lógica Crítica - Validaciones de Negocio Validación de Montos monto negativo NO es válido","invocations":1,"location":{"column":5,"line":166},"numPassingAsserts":1,"retryReasons":[],"status":"passed","title":"monto negativo NO es válido"},{"ancestorTitles":["Lógica Crítica - Validaciones de Negocio","Validación de Montos"],"duration":0,"failureDetails":[],"failureMessages":[],"fullName":"Lógica Crítica - Validaciones de Negocio Validación de Montos monto muy grande (>$100M) requiere validación especial","invocations":1,"location":{"column":5,"line":172},"numPassingAsserts":1,"retryReasons":[],"status":"passed","title":"monto muy grande (>$100M) requiere validación especial"},{"ancestorTitles":["Lógica Crítica - Validaciones de Negocio","Validación de Fechas"],"duration":0,"failureDetails":[],"failureMessages":[],"fullName":"Lógica Crítica - Validaciones de Negocio Validación de Fechas delivered_at debe ser posterior a purchased_at","invocations":1,"location":{"column":5,"line":180},"numPassingAsserts":1,"retryReasons":[],"status":"passed","title":"delivered_at debe ser posterior a purchased_at"},{"ancestorTitles":["Lógica Crítica - Validaciones de Negocio","Validación de Fechas"],"duration":0,"failureDetails":[],"failureMessages":[],"fullName":"Lógica Crítica - Validaciones de Negocio Validación de Fechas delivered_at NO puede ser anterior a purchased_at","invocations":1,"location":{"column":5,"line":187},"numPassingAsserts":1,"retryReasons":[],"status":"passed","title":"delivered_at NO puede ser anterior a purchased_at"},{"ancestorTitles":["Lógica Crítica - Validaciones de Negocio","Validación de Fechas"],"duration":0,"failureDetails":[],"failureMessages":[],"fullName":"Lógica Crítica - Validaciones de Negocio Validación de Fechas delivered_at puede ser el mismo día que purchased_at","invocations":1,"location":{"column":5,"line":195},"numPassingAsserts":1,"retryReasons":[],"status":"passed","title":"delivered_at puede ser el mismo día que purchased_at"},{"ancestorTitles":["Lógica Crítica - Validaciones de Negocio","Validación de Fechas"],"duration":1,"failureDetails":[],"failureMessages":[],"fullName":"Lógica Crítica - Validaciones de Negocio Validación de Fechas released_at debe ser posterior a delivered_at","invocations":1,"location":{"column":5,"line":203},"numPassingAsserts":1,"retryReasons":[],"status":"passed","title":"released_at debe ser posterior a delivered_at"},{"ancestorTitles":["Lógica Crítica - Validaciones de Negocio","Validación de Fechas"],"duration":1,"failureDetails":[],"failureMessages":[],"fullName":"Lógica Crítica - Validaciones de Negocio Validación de Fechas delivered_at NO puede ser fecha futura","invocations":1,"location":{"column":5,"line":210},"numPassingAsserts":1,"retryReasons":[],"status":"passed","title":"delivered_at NO puede ser fecha futura"},{"ancestorTitles":["Lógica Crítica - Validaciones de Negocio","Validación de IDs"],"duration":1,"failureDetails":[],"failureMessages":[],"fullName":"Lógica Crítica - Validaciones de Negocio Validación de IDs order_id no puede estar vacío","invocations":1,"location":{"column":5,"line":221},"numPassingAsserts":2,"retryReasons":[],"status":"passed","title":"order_id no puede estar vacío"},{"ancestorTitles":["Lógica Crítica - Validaciones de Negocio","Validación de IDs"],"duration":1,"failureDetails":[],"failureMessages":[],"fullName":"Lógica Crítica - Validaciones de Negocio Validación de IDs supplier_id no puede estar vacío","invocations":1,"location":{"column":5,"line":227},"numPassingAsserts":1,"retryReasons":[],"status":"passed","title":"supplier_id no puede estar vacío"},{"ancestorTitles":["Lógica Crítica - Validaciones de Negocio","Validación de IDs"],"duration":1,"failureDetails":[],"failureMessages":[],"fullName":"Lógica Crítica - Validaciones de Negocio Validación de IDs admin_id requerido para liberar pago","invocations":1,"location":{"column":5,"line":232},"numPassingAsserts":1,"retryReasons":[],"status":"passed","title":"admin_id requerido para liberar pago"},{"ancestorTitles":["Lógica Crítica - Validaciones de Negocio","Validación de IDs"],"duration":0,"failureDetails":[],"failureMessages":[],"fullName":"Lógica Crítica - Validaciones de Negocio Validación de IDs admin_id vacío NO permite liberar","invocations":1,"location":{"column":5,"line":238},"numPassingAsserts":1,"retryReasons":[],"status":"passed","title":"admin_id vacío NO permite liberar"},{"ancestorTitles":["Lógica Crítica - Validaciones de Negocio","Validación de Cancellation Reason"],"duration":0,"failureDetails":[],"failureMessages":[],"fullName":"Lógica Crítica - Validaciones de Negocio Validación de Cancellation Reason razón de cancelación es obligatoria","invocations":1,"location":{"column":5,"line":246},"numPassingAsserts":1,"retryReasons":[],"status":"passed","title":"razón de cancelación es obligatoria"},{"ancestorTitles":["Lógica Crítica - Validaciones de Negocio","Validación de Cancellation Reason"],"duration":0,"failureDetails":[],"failureMessages":[],"fullName":"Lógica Crítica - Validaciones de Negocio Validación de Cancellation Reason razón vacía NO es válida","invocations":1,"location":{"column":5,"line":252},"numPassingAsserts":1,"retryReasons":[],"status":"passed","title":"razón vacía NO es válida"},{"ancestorTitles":["Lógica Crítica - Validaciones de Negocio","Validación de Cancellation Reason"],"duration":0,"failureDetails":[],"failureMessages":[],"fullName":"Lógica Crítica - Validaciones de Negocio Validación de Cancellation Reason razón solo con espacios NO es válida","invocations":1,"location":{"column":5,"line":258},"numPassingAsserts":1,"retryReasons":[],"status":"passed","title":"razón solo con espacios NO es válida"},{"ancestorTitles":["Lógica Crítica - Validaciones de Negocio","Validación de Cancellation Reason"],"duration":1,"failureDetails":[],"failureMessages":[],"fullName":"Lógica Crítica - Validaciones de Negocio Validación de Cancellation Reason razón debe tener longitud mínima (>10 caracteres)","invocations":1,"location":{"column":5,"line":264},"numPassingAsserts":1,"retryReasons":[],"status":"passed","title":"razón debe tener longitud mínima (>10 caracteres)"},{"ancestorTitles":["Lógica Crítica - Validaciones de Negocio","Validación de Cancellation Reason"],"duration":0,"failureDetails":[],"failureMessages":[],"fullName":"Lógica Crítica - Validaciones de Negocio Validación de Cancellation Reason razón con 10+ caracteres es válida","invocations":1,"location":{"column":5,"line":270},"numPassingAsserts":1,"retryReasons":[],"status":"passed","title":"razón con 10+ caracteres es válida"},{"ancestorTitles":["Lógica Crítica - Clasificación de Urgencia"],"duration":3,"failureDetails":[],"failureMessages":[],"fullName":"Lógica Crítica - Clasificación de Urgencia 0-3 días: prioridad normal (default)","invocations":1,"location":{"column":3,"line":279},"numPassingAsserts":1,"retryReasons":[],"status":"passed","title":"0-3 días: prioridad normal (default)"},{"ancestorTitles":["Lógica Crítica - Clasificación de Urgencia"],"duration":0,"failureDetails":[],"failureMessages":[],"fullName":"Lógica Crítica - Clasificación de Urgencia 4-7 días: prioridad media (warning)","invocations":1,"location":{"column":3,"line":285},"numPassingAsserts":1,"retryReasons":[],"status":"passed","title":"4-7 días: prioridad media (warning)"},{"ancestorTitles":["Lógica Crítica - Clasificación de Urgencia"],"duration":0,"failureDetails":[],"failureMessages":[],"fullName":"Lógica Crítica - Clasificación de Urgencia 7+ días: prioridad alta (error/crítico)","invocations":1,"location":{"column":3,"line":291},"numPassingAsserts":1,"retryReasons":[],"status":"passed","title":"7+ días: prioridad alta (error/crítico)"},{"ancestorTitles":["Lógica Crítica - Clasificación de Urgencia"],"duration":0,"failureDetails":[],"failureMessages":[],"fullName":"Lógica Crítica - Clasificación de Urgencia exactamente 3 días: aún prioridad normal","invocations":1,"location":{"column":3,"line":297},"numPassingAsserts":1,"retryReasons":[],"status":"passed","title":"exactamente 3 días: aún prioridad normal"},{"ancestorTitles":["Lógica Crítica - Clasificación de Urgencia"],"duration":0,"failureDetails":[],"failureMessages":[],"fullName":"Lógica Crítica - Clasificación de Urgencia exactamente 7 días: aún prioridad media","invocations":1,"location":{"column":3,"line":303},"numPassingAsserts":1,"retryReasons":[],"status":"passed","title":"exactamente 7 días: aún prioridad media"},{"ancestorTitles":["Lógica Crítica - Clasificación de Urgencia"],"duration":0,"failureDetails":[],"failureMessages":[],"fullName":"Lógica Crítica - Clasificación de Urgencia exactamente 8 días: prioridad alta","invocations":1,"location":{"column":3,"line":309},"numPassingAsserts":1,"retryReasons":[],"status":"passed","title":"exactamente 8 días: prioridad alta"},{"ancestorTitles":["Lógica Crítica - Formato de Montos"],"duration":1,"failureDetails":[],"failureMessages":[],"fullName":"Lógica Crítica - Formato de Montos formatea correctamente montos con miles","invocations":1,"location":{"column":3,"line":317},"numPassingAsserts":3,"retryReasons":[],"status":"passed","title":"formatea correctamente montos con miles"},{"ancestorTitles":["Lógica Crítica - Formato de Montos"],"duration":1,"failureDetails":[],"failureMessages":[],"fullName":"Lógica Crítica - Formato de Montos formatea correctamente montos con millones","invocations":1,"location":{"column":3,"line":323},"numPassingAsserts":3,"retryReasons":[],"status":"passed","title":"formatea correctamente montos con millones"},{"ancestorTitles":["Lógica Crítica - Formato de Montos"],"duration":1,"failureDetails":[],"failureMessages":[],"fullName":"Lógica Crítica - Formato de Montos no agrega decimales (redondea)","invocations":1,"location":{"column":3,"line":329},"numPassingAsserts":2,"retryReasons":[],"status":"passed","title":"no agrega decimales (redondea)"},{"ancestorTitles":["Lógica Crítica - Formato de Montos"],"duration":1,"failureDetails":[],"failureMessages":[],"fullName":"Lógica Crítica - Formato de Montos maneja números muy grandes sin perder precisión","invocations":1,"location":{"column":3,"line":334},"numPassingAsserts":1,"retryReasons":[],"status":"passed","title":"maneja números muy grandes sin perder precisión"},{"ancestorTitles":["Lógica Crítica - Formato de Fechas"],"duration":1,"failureDetails":[],"failureMessages":[],"fullName":"Lógica Crítica - Formato de Fechas formatea día y mes con ceros a la izquierda","invocations":1,"location":{"column":3,"line":342},"numPassingAsserts":2,"retryReasons":[],"status":"passed","title":"formatea día y mes con ceros a la izquierda"},{"ancestorTitles":["Lógica Crítica - Formato de Fechas"],"duration":0,"failureDetails":[],"failureMessages":[],"fullName":"Lógica Crítica - Formato de Fechas maneja correctamente fechas con zona horaria","invocations":1,"location":{"column":3,"line":348},"numPassingAsserts":2,"retryReasons":[],"status":"passed","title":"maneja correctamente fechas con zona horaria"},{"ancestorTitles":["Lógica Crítica - Formato de Fechas"],"duration":0,"failureDetails":[],"failureMessages":[],"fullName":"Lógica Crítica - Formato de Fechas maneja fechas límite (inicio y fin de mes)","invocations":1,"location":{"column":3,"line":361},"numPassingAsserts":2,"retryReasons":[],"status":"passed","title":"maneja fechas límite (inicio y fin de mes)"},{"ancestorTitles":["Lógica Crítica - Reglas de Negocio Compuestas"],"duration":1,"failureDetails":[],"failureMessages":[],"fullName":"Lógica Crítica - Reglas de Negocio Compuestas pago solo se puede liberar si: status=pending AND admin_id presente","invocations":1,"location":{"column":3,"line":369},"numPassingAsserts":1,"retryReasons":[],"status":"passed","title":"pago solo se puede liberar si: status=pending AND admin_id presente"},{"ancestorTitles":["Lógica Crítica - Reglas de Negocio Compuestas"],"duration":1,"failureDetails":[],"failureMessages":[],"fullName":"Lógica Crítica - Reglas de Negocio Compuestas NO se puede liberar si status != pending","invocations":1,"location":{"column":3,"line":377},"numPassingAsserts":1,"retryReasons":[],"status":"passed","title":"NO se puede liberar si status != pending"},{"ancestorTitles":["Lógica Crítica - Reglas de Negocio Compuestas"],"duration":1,"failureDetails":[],"failureMessages":[],"fullName":"Lógica Crítica - Reglas de Negocio Compuestas NO se puede liberar si no hay admin_id","invocations":1,"location":{"column":3,"line":385},"numPassingAsserts":1,"retryReasons":[],"status":"passed","title":"NO se puede liberar si no hay admin_id"},{"ancestorTitles":["Lógica Crítica - Reglas de Negocio Compuestas"],"duration":1,"failureDetails":[],"failureMessages":[],"fullName":"Lógica Crítica - Reglas de Negocio Compuestas pago solo se puede cancelar si: status=pending","invocations":1,"location":{"column":3,"line":393},"numPassingAsserts":1,"retryReasons":[],"status":"passed","title":"pago solo se puede cancelar si: status=pending"},{"ancestorTitles":["Lógica Crítica - Reglas de Negocio Compuestas"],"duration":0,"failureDetails":[],"failureMessages":[],"fullName":"Lógica Crítica - Reglas de Negocio Compuestas NO se puede cancelar si status != pending","invocations":1,"location":{"column":3,"line":401},"numPassingAsserts":1,"retryReasons":[],"status":"passed","title":"NO se puede cancelar si status != pending"},{"ancestorTitles":["Lógica Crítica - Reglas de Negocio Compuestas"],"duration":0,"failureDetails":[],"failureMessages":[],"fullName":"Lógica Crítica - Reglas de Negocio Compuestas estadísticas se calculan correctamente para lista vacía","invocations":1,"location":{"column":3,"line":409},"numPassingAsserts":3,"retryReasons":[],"status":"passed","title":"estadísticas se calculan correctamente para lista vacía"},{"ancestorTitles":["Lógica Crítica - Reglas de Negocio Compuestas"],"duration":1,"failureDetails":[],"failureMessages":[],"fullName":"Lógica Crítica - Reglas de Negocio Compuestas estadísticas se calculan correctamente para lista con datos","invocations":1,"location":{"column":3,"line":424},"numPassingAsserts":4,"retryReasons":[],"status":"passed","title":"estadísticas se calculan correctamente para lista con datos"}],"endTime":1769700365470,"message":"","name":"C:\\Users\\klaus\\OneDrive\\Documentos\\sellsi\\control_panel\\tests\\unit\\paymentReleaseLogic.test.js","startTime":1769700365187,"status":"passed","summary":""}],"wasInterrupted":false}
