TN:
SF:src\domains\ProductPageView\components\OfferModal.jsx
FN:26,(anonymous_0)
FN:52,(anonymous_1)
FN:63,(anonymous_2)
FN:70,(anonymous_3)
FN:88,(anonymous_4)
FN:116,(anonymous_5)
FN:128,(anonymous_6)
FN:136,(anonymous_7)
FN:141,(anonymous_8)
FN:150,(anonymous_9)
FN:156,(anonymous_10)
FN:166,(anonymous_11)
FN:176,(anonymous_12)
FN:223,(anonymous_13)
FN:228,(anonymous_14)
FN:293,(anonymous_15)
FNF:16
FNH:0
FNDA:0,(anonymous_0)
FNDA:0,(anonymous_1)
FNDA:0,(anonymous_2)
FNDA:0,(anonymous_3)
FNDA:0,(anonymous_4)
FNDA:0,(anonymous_5)
FNDA:0,(anonymous_6)
FNDA:0,(anonymous_7)
FNDA:0,(anonymous_8)
FNDA:0,(anonymous_9)
FNDA:0,(anonymous_10)
FNDA:0,(anonymous_11)
FNDA:0,(anonymous_12)
FNDA:0,(anonymous_13)
FNDA:0,(anonymous_14)
FNDA:0,(anonymous_15)
DA:26,0
DA:34,0
DA:35,0
DA:36,0
DA:37,0
DA:38,0
DA:45,0
DA:47,0
DA:48,0
DA:49,0
DA:52,0
DA:53,0
DA:54,0
DA:55,0
DA:56,0
DA:57,0
DA:58,0
DA:63,0
DA:64,0
DA:65,0
DA:66,0
DA:70,0
DA:71,0
DA:73,0
DA:74,0
DA:79,0
DA:80,0
DA:82,0
DA:86,0
DA:88,0
DA:89,0
DA:92,0
DA:93,0
DA:94,0
DA:95,0
DA:96,0
DA:100,0
DA:101,0
DA:102,0
DA:103,0
DA:107,0
DA:108,0
DA:111,0
DA:112,0
DA:116,0
DA:117,0
DA:118,0
DA:120,0
DA:121,0
DA:122,0
DA:124,0
DA:128,0
DA:130,0
DA:131,0
DA:133,0
DA:134,0
DA:135,0
DA:136,0
DA:141,0
DA:143,0
DA:144,0
DA:147,0
DA:148,0
DA:149,0
DA:150,0
DA:156,0
DA:157,0
DA:158,0
DA:159,0
DA:160,0
DA:162,0
DA:166,0
DA:167,0
DA:168,0
DA:169,0
DA:170,0
DA:172,0
DA:176,0
DA:177,0
DA:179,0
DA:180,0
DA:181,0
DA:184,0
DA:195,0
DA:196,0
DA:198,0
DA:199,0
DA:202,0
DA:203,0
DA:210,0
DA:212,0
DA:215,0
DA:216,0
DA:220,0
DA:223,0
DA:224,0
DA:225,0
DA:228,0
DA:229,0
DA:230,0
DA:234,0
DA:235,0
DA:238,0
DA:294,0
DA:295,0
DA:296,0
DA:297,0
LF:107
LH:0
BRDA:31,0,0,0
BRDA:32,1,0,0
BRDA:48,2,0,0
BRDA:48,2,1,0
BRDA:53,3,0,0
BRDA:53,3,1,0
BRDA:54,4,0,0
BRDA:54,4,1,0
BRDA:64,5,0,0
BRDA:64,5,1,0
BRDA:64,6,0,0
BRDA:64,6,1,0
BRDA:71,7,0,0
BRDA:71,7,1,0
BRDA:71,8,0,0
BRDA:71,8,1,0
BRDA:77,9,0,0
BRDA:77,9,1,0
BRDA:79,10,0,0
BRDA:79,10,1,0
BRDA:86,11,0,0
BRDA:86,11,1,0
BRDA:86,12,0,0
BRDA:86,12,1,0
BRDA:93,13,0,0
BRDA:93,13,1,0
BRDA:93,14,0,0
BRDA:93,14,1,0
BRDA:93,14,2,0
BRDA:95,15,0,0
BRDA:95,15,1,0
BRDA:100,16,0,0
BRDA:100,16,1,0
BRDA:100,17,0,0
BRDA:100,17,1,0
BRDA:102,18,0,0
BRDA:102,18,1,0
BRDA:107,19,0,0
BRDA:107,19,1,0
BRDA:107,20,0,0
BRDA:107,20,1,0
BRDA:120,21,0,0
BRDA:120,21,1,0
BRDA:120,21,2,0
BRDA:120,21,3,0
BRDA:121,22,0,0
BRDA:121,22,1,0
BRDA:121,22,2,0
BRDA:121,22,3,0
BRDA:122,23,0,0
BRDA:122,23,1,0
BRDA:124,24,0,0
BRDA:124,24,1,0
BRDA:124,24,2,0
BRDA:133,25,0,0
BRDA:133,25,1,0
BRDA:135,26,0,0
BRDA:135,26,1,0
BRDA:135,27,0,0
BRDA:135,27,1,0
BRDA:135,27,2,0
BRDA:135,27,3,0
BRDA:147,28,0,0
BRDA:147,28,1,0
BRDA:149,29,0,0
BRDA:149,29,1,0
BRDA:149,30,0,0
BRDA:149,30,1,0
BRDA:149,30,2,0
BRDA:149,30,3,0
BRDA:157,31,0,0
BRDA:157,31,1,0
BRDA:159,32,0,0
BRDA:159,32,1,0
BRDA:167,33,0,0
BRDA:167,33,1,0
BRDA:169,34,0,0
BRDA:169,34,1,0
BRDA:177,35,0,0
BRDA:177,35,1,0
BRDA:179,36,0,0
BRDA:179,36,1,0
BRDA:186,37,0,0
BRDA:186,37,1,0
BRDA:187,38,0,0
BRDA:187,38,1,0
BRDA:188,39,0,0
BRDA:188,39,1,0
BRDA:189,40,0,0
BRDA:189,40,1,0
BRDA:189,40,2,0
BRDA:198,41,0,0
BRDA:198,41,1,0
BRDA:202,42,0,0
BRDA:202,42,1,0
BRDA:212,43,0,0
BRDA:212,43,1,0
BRDA:220,44,0,0
BRDA:220,44,1,0
BRDA:220,45,0,0
BRDA:220,45,1,0
BRDA:224,46,0,0
BRDA:224,46,1,0
BRDA:225,47,0,0
BRDA:225,47,1,0
BRDA:229,48,0,0
BRDA:229,48,1,0
BRDA:234,49,0,0
BRDA:234,49,1,0
BRDA:272,50,0,0
BRDA:272,50,1,0
BRDA:272,50,2,0
BRDA:274,51,0,0
BRDA:274,51,1,0
BRDA:284,52,0,0
BRDA:284,52,1,0
BRDA:286,53,0,0
BRDA:286,53,1,0
BRDA:294,54,0,0
BRDA:294,54,1,0
BRDA:295,55,0,0
BRDA:295,55,1,0
BRDA:296,56,0,0
BRDA:296,56,1,0
BRDA:304,57,0,0
BRDA:304,57,1,0
BRDA:306,58,0,0
BRDA:306,58,1,0
BRDA:310,59,0,0
BRDA:310,59,1,0
BRDA:310,60,0,0
BRDA:310,60,1,0
BRDA:312,61,0,0
BRDA:312,61,1,0
BRDA:312,62,0,0
BRDA:312,62,1,0
BRDA:375,63,0,0
BRDA:375,63,1,0
BRDA:381,64,0,0
BRDA:381,64,1,0
BRDA:381,64,2,0
BRDA:386,65,0,0
BRDA:386,65,1,0
BRDA:392,66,0,0
BRDA:392,66,1,0
BRDA:417,67,0,0
BRDA:417,67,1,0
BRDA:418,68,0,0
BRDA:418,68,1,0
BRDA:420,69,0,0
BRDA:420,69,1,0
BRF:151
BRH:0
end_of_record
TN:
SF:src\domains\ProductPageView\components\ProductHeader.jsx
FN:48,(anonymous_0)
FN:109,(anonymous_1)
FN:132,(anonymous_2)
FN:133,(anonymous_3)
FN:134,(anonymous_4)
FN:135,(anonymous_5)
FN:135,(anonymous_6)
FN:140,(anonymous_7)
FN:143,(anonymous_8)
FN:149,(anonymous_9)
FN:157,(anonymous_10)
FN:161,(anonymous_11)
FN:166,(anonymous_12)
FN:170,(anonymous_13)
FN:175,(anonymous_14)
FN:181,(anonymous_15)
FN:283,(anonymous_16)
FN:441,(anonymous_17)
FN:460,(anonymous_18)
FN:462,(anonymous_19)
FN:468,(anonymous_20)
FN:469,(anonymous_21)
FN:479,(anonymous_22)
FN:501,(anonymous_23)
FN:507,(anonymous_24)
FN:635,(anonymous_25)
FN:651,(anonymous_26)
FN:652,(anonymous_27)
FN:753,(anonymous_28)
FN:836,(anonymous_29)
FNF:30
FNH:0
FNDA:0,(anonymous_0)
FNDA:0,(anonymous_1)
FNDA:0,(anonymous_2)
FNDA:0,(anonymous_3)
FNDA:0,(anonymous_4)
FNDA:0,(anonymous_5)
FNDA:0,(anonymous_6)
FNDA:0,(anonymous_7)
FNDA:0,(anonymous_8)
FNDA:0,(anonymous_9)
FNDA:0,(anonymous_10)
FNDA:0,(anonymous_11)
FNDA:0,(anonymous_12)
FNDA:0,(anonymous_13)
FNDA:0,(anonymous_14)
FNDA:0,(anonymous_15)
FNDA:0,(anonymous_16)
FNDA:0,(anonymous_17)
FNDA:0,(anonymous_18)
FNDA:0,(anonymous_19)
FNDA:0,(anonymous_20)
FNDA:0,(anonymous_21)
FNDA:0,(anonymous_22)
FNDA:0,(anonymous_23)
FNDA:0,(anonymous_24)
FNDA:0,(anonymous_25)
FNDA:0,(anonymous_26)
FNDA:0,(anonymous_27)
FNDA:0,(anonymous_28)
FNDA:0,(anonymous_29)
DA:48,0
DA:56,0
DA:68,0
DA:73,0
DA:76,0
DA:79,0
DA:82,0
DA:89,0
DA:92,0
DA:98,0
DA:102,0
DA:104,0
DA:106,0
DA:109,0
DA:110,0
DA:111,0
DA:118,0
DA:119,0
DA:129,0
DA:132,0
DA:133,0
DA:134,0
DA:135,0
DA:140,0
DA:141,0
DA:142,0
DA:143,0
DA:145,0
DA:149,0
DA:150,0
DA:151,0
DA:152,0
DA:157,0
DA:158,0
DA:161,0
DA:162,0
DA:166,0
DA:167,0
DA:170,0
DA:171,0
DA:175,0
DA:176,0
DA:177,0
DA:180,0
DA:181,0
DA:182,0
DA:185,0
DA:189,0
DA:191,0
DA:192,0
DA:193,0
DA:194,0
DA:212,0
DA:214,0
DA:285,0
DA:289,0
DA:291,0
DA:292,0
DA:295,0
DA:296,0
DA:298,0
DA:299,0
DA:300,0
DA:379,0
DA:441,0
DA:442,0
DA:443,0
DA:444,0
DA:445,0
DA:446,0
DA:447,0
DA:448,0
DA:450,0
DA:451,0
DA:453,0
DA:454,0
DA:456,0
DA:460,0
DA:461,0
DA:462,0
DA:464,0
DA:468,0
DA:469,0
DA:473,0
DA:475,0
DA:476,0
DA:477,0
DA:478,0
DA:479,0
DA:480,0
DA:481,0
DA:482,0
DA:485,0
DA:501,0
DA:502,0
DA:503,0
DA:504,0
DA:505,0
DA:506,0
DA:507,0
DA:508,0
DA:509,0
DA:512,0
DA:515,0
DA:636,0
DA:637,0
DA:638,0
DA:640,0
DA:641,0
DA:650,0
DA:651,0
DA:653,0
DA:667,0
DA:755,0
DA:759,0
DA:838,0
DA:839,0
DA:844,0
DA:850,0
DA:851,0
DA:864,0
DA:887,0
LF:122
LH:0
BRDA:53,0,0,0
BRDA:54,1,0,0
BRDA:62,2,0,0
BRDA:63,3,0,0
BRDA:67,4,0,0
BRDA:76,5,0,0
BRDA:76,5,1,0
BRDA:76,5,2,0
BRDA:92,6,0,0
BRDA:92,6,1,0
BRDA:110,7,0,0
BRDA:110,7,1,0
BRDA:110,8,0,0
BRDA:110,8,1,0
BRDA:114,9,0,0
BRDA:114,9,1,0
BRDA:150,10,0,0
BRDA:150,10,1,0
BRDA:150,11,0,0
BRDA:150,11,1,0
BRDA:176,12,0,0
BRDA:176,12,1,0
BRDA:177,13,0,0
BRDA:177,13,1,0
BRDA:180,14,0,0
BRDA:180,14,1,0
BRDA:180,15,0,0
BRDA:180,15,1,0
BRDA:181,16,0,0
BRDA:181,16,1,0
BRDA:191,17,0,0
BRDA:191,17,1,0
BRDA:193,18,0,0
BRDA:193,18,1,0
BRDA:212,19,0,0
BRDA:212,19,1,0
BRDA:212,20,0,0
BRDA:212,20,1,0
BRDA:270,21,0,0
BRDA:270,21,1,0
BRDA:289,22,0,0
BRDA:289,22,1,0
BRDA:296,23,0,0
BRDA:296,23,1,0
BRDA:325,24,0,0
BRDA:325,24,1,0
BRDA:325,24,2,0
BRDA:443,25,0,0
BRDA:443,25,1,0
BRDA:443,26,0,0
BRDA:443,26,1,0
BRDA:444,27,0,0
BRDA:444,27,1,0
BRDA:445,28,0,0
BRDA:445,28,1,0
BRDA:446,29,0,0
BRDA:446,29,1,0
BRDA:447,30,0,0
BRDA:447,30,1,0
BRDA:450,31,0,0
BRDA:450,31,1,0
BRDA:450,32,0,0
BRDA:450,32,1,0
BRDA:451,33,0,0
BRDA:451,33,1,0
BRDA:452,34,0,0
BRDA:452,34,1,0
BRDA:452,34,2,0
BRDA:454,35,0,0
BRDA:454,35,1,0
BRDA:456,36,0,0
BRDA:456,36,1,0
BRDA:461,37,0,0
BRDA:461,37,1,0
BRDA:461,38,0,0
BRDA:461,38,1,0
BRDA:462,39,0,0
BRDA:462,39,1,0
BRDA:462,39,2,0
BRDA:462,40,0,0
BRDA:462,40,1,0
BRDA:462,40,2,0
BRDA:464,41,0,0
BRDA:464,41,1,0
BRDA:469,42,0,0
BRDA:469,42,1,0
BRDA:469,42,2,0
BRDA:469,43,0,0
BRDA:469,43,1,0
BRDA:478,44,0,0
BRDA:478,44,1,0
BRDA:478,45,0,0
BRDA:478,45,1,0
BRDA:479,46,0,0
BRDA:479,46,1,0
BRDA:480,47,0,0
BRDA:480,47,1,0
BRDA:480,48,0,0
BRDA:480,48,1,0
BRDA:480,48,2,0
BRDA:481,49,0,0
BRDA:481,49,1,0
BRDA:481,50,0,0
BRDA:481,50,1,0
BRDA:481,50,2,0
BRDA:502,51,0,0
BRDA:502,51,1,0
BRDA:502,52,0,0
BRDA:502,52,1,0
BRDA:503,53,0,0
BRDA:503,53,1,0
BRDA:506,54,0,0
BRDA:506,54,1,0
BRDA:506,54,2,0
BRDA:508,55,0,0
BRDA:508,55,1,0
BRDA:508,56,0,0
BRDA:508,56,1,0
BRDA:525,57,0,0
BRDA:525,57,1,0
BRDA:567,58,0,0
BRDA:567,58,1,0
BRDA:567,59,0,0
BRDA:567,59,1,0
BRDA:567,59,2,0
BRDA:567,59,3,0
BRDA:567,59,4,0
BRDA:591,60,0,0
BRDA:591,60,1,0
BRDA:637,61,0,0
BRDA:637,61,1,0
BRDA:638,62,0,0
BRDA:638,62,1,0
BRDA:638,63,0,0
BRDA:638,63,1,0
BRDA:640,64,0,0
BRDA:640,64,1,0
BRDA:640,65,0,0
BRDA:640,65,1,0
BRDA:656,66,0,0
BRDA:656,66,1,0
BRDA:671,67,0,0
BRDA:671,67,1,0
BRDA:681,68,0,0
BRDA:681,68,1,0
BRDA:695,69,0,0
BRDA:695,69,1,0
BRDA:734,70,0,0
BRDA:734,70,1,0
BRDA:748,71,0,0
BRDA:748,71,1,0
BRDA:750,72,0,0
BRDA:750,72,1,0
BRDA:753,73,0,0
BRDA:753,73,1,0
BRDA:759,74,0,0
BRDA:759,74,1,0
BRDA:759,74,2,0
BRDA:764,75,0,0
BRDA:764,75,1,0
BRDA:764,75,2,0
BRDA:783,76,0,0
BRDA:783,76,1,0
BRDA:783,76,2,0
BRDA:783,76,3,0
BRDA:783,77,0,0
BRDA:783,77,1,0
BRDA:838,78,0,0
BRDA:838,78,1,0
BRDA:844,79,0,0
BRDA:844,79,1,0
BRDA:844,79,2,0
BRDA:844,79,3,0
BRDA:850,80,0,0
BRDA:850,80,1,0
BRF:175
BRH:0
end_of_record
TN:
SF:src\domains\ProductPageView\components\ProductImageGallery.jsx
FN:7,(anonymous_0)
FN:32,(anonymous_1)
FN:49,(anonymous_2)
FN:56,(anonymous_3)
FN:167,(anonymous_4)
FN:188,(anonymous_5)
FNF:6
FNH:0
FNDA:0,(anonymous_0)
FNDA:0,(anonymous_1)
FNDA:0,(anonymous_2)
FNDA:0,(anonymous_3)
FNDA:0,(anonymous_4)
FNDA:0,(anonymous_5)
DA:7,0
DA:15,0
DA:16,0
DA:18,0
DA:19,0
DA:20,0
DA:24,0
DA:29,0
DA:32,0
DA:33,0
DA:35,0
DA:36,0
DA:37,0
DA:39,0
DA:42,0
DA:49,0
DA:50,0
DA:51,0
DA:56,0
DA:57,0
DA:60,0
DA:168,0
DA:188,0
LF:23
LH:0
BRDA:8,0,0,0
BRDA:9,1,0,0
BRDA:12,2,0,0
BRDA:13,3,0,0
BRDA:24,4,0,0
BRDA:24,4,1,0
BRDA:33,5,0,0
BRDA:33,5,1,0
BRDA:50,6,0,0
BRDA:50,6,1,0
BRDA:87,7,0,0
BRDA:87,7,1,0
BRDA:89,8,0,0
BRDA:89,8,1,0
BRDA:89,8,2,0
BRDA:111,9,0,0
BRDA:111,9,1,0
BRDA:111,10,0,0
BRDA:111,10,1,0
BRDA:114,11,0,0
BRDA:114,11,1,0
BRDA:114,12,0,0
BRDA:114,12,1,0
BRDA:122,13,0,0
BRDA:122,13,1,0
BRDA:122,13,2,0
BRDA:170,14,0,0
BRDA:170,14,1,0
BRDA:177,15,0,0
BRDA:177,15,1,0
BRDA:179,16,0,0
BRDA:179,16,1,0
BRDA:188,17,0,0
BRDA:188,17,1,0
BRF:34
BRH:0
end_of_record
TN:
SF:src\domains\ProductPageView\components\ProductInfo.jsx
FN:4,(anonymous_0)
FNF:1
FNH:0
FNDA:0,(anonymous_0)
DA:4,0
DA:5,0
DA:7,0
DA:74,0
LF:4
LH:0
BRDA:4,0,0,0
BRDA:5,1,0,0
BRF:2
BRH:0
end_of_record
TN:
SF:src\domains\ProductPageView\components\ProductPageSkeletons.jsx
FN:16,(anonymous_0)
FN:66,(anonymous_1)
FN:87,(anonymous_2)
FN:137,(anonymous_3)
FN:194,(anonymous_4)
FNF:5
FNH:0
FNDA:0,(anonymous_0)
FNDA:0,(anonymous_1)
FNDA:0,(anonymous_2)
FNDA:0,(anonymous_3)
FNDA:0,(anonymous_4)
DA:16,0
DA:17,0
DA:67,0
DA:87,0
DA:88,0
DA:138,0
DA:194,0
DA:195,0
LF:8
LH:0
BRDA:144,0,0,0
BRDA:144,0,1,0
BRF:2
BRH:0
end_of_record
TN:
SF:src\domains\ProductPageView\components\ProductShipping.jsx
FN:22,(anonymous_0)
FN:35,(anonymous_1)
FN:57,(anonymous_2)
FN:172,(anonymous_3)
FNF:4
FNH:0
FNDA:0,(anonymous_0)
FNDA:0,(anonymous_1)
FNDA:0,(anonymous_2)
FNDA:0,(anonymous_3)
DA:22,0
DA:23,0
DA:24,0
DA:25,0
DA:28,0
DA:35,0
DA:36,0
DA:54,0
DA:57,0
DA:58,0
DA:59,0
DA:60,0
DA:62,0
DA:70,0
DA:71,0
DA:74,0
DA:173,0
LF:17
LH:0
BRDA:22,0,0,0
BRDA:22,1,0,0
BRDA:25,2,0,0
BRDA:25,2,1,0
BRDA:28,3,0,0
BRDA:28,3,1,0
BRDA:28,3,2,0
BRDA:28,3,3,0
BRDA:28,3,4,0
BRDA:54,4,0,0
BRDA:54,4,1,0
BRDA:58,5,0,0
BRDA:58,5,1,0
BRDA:59,6,0,0
BRDA:59,6,1,0
BRDA:70,7,0,0
BRDA:70,7,1,0
BRDA:70,8,0,0
BRDA:70,8,1,0
BRDA:70,8,2,0
BRDA:139,9,0,0
BRDA:139,9,1,0
BRDA:174,10,0,0
BRDA:174,10,1,0
BRDA:174,10,2,0
BRDA:207,11,0,0
BRDA:207,11,1,0
BRDA:217,12,0,0
BRDA:217,12,1,0
BRDA:217,13,0,0
BRDA:217,13,1,0
BRDA:220,14,0,0
BRDA:220,14,1,0
BRDA:232,15,0,0
BRDA:232,15,1,0
BRDA:232,15,2,0
BRF:36
BRH:0
end_of_record
TN:
SF:src\domains\ProductPageView\components\PurchaseActions.jsx
FN:12,(anonymous_0)
FN:30,(anonymous_1)
FN:49,(anonymous_2)
FN:55,(anonymous_3)
FN:56,(anonymous_4)
FN:58,(anonymous_5)
FN:71,(anonymous_6)
FN:93,(anonymous_7)
FNF:8
FNH:0
FNDA:0,(anonymous_0)
FNDA:0,(anonymous_1)
FNDA:0,(anonymous_2)
FNDA:0,(anonymous_3)
FNDA:0,(anonymous_4)
FNDA:0,(anonymous_5)
FNDA:0,(anonymous_6)
FNDA:0,(anonymous_7)
DA:12,0
DA:20,0
DA:21,0
DA:22,0
DA:24,0
DA:25,0
DA:26,0
DA:27,0
DA:30,0
DA:31,0
DA:33,0
DA:34,0
DA:35,0
DA:40,0
DA:42,0
DA:43,0
DA:45,0
DA:49,0
DA:50,0
DA:51,0
DA:55,0
DA:56,0
DA:58,0
DA:62,0
DA:66,0
DA:71,0
DA:72,0
DA:73,0
DA:74,0
DA:75,0
DA:77,0
DA:80,0
DA:93,0
LF:33
LH:0
BRDA:15,0,0,0
BRDA:16,1,0,0
BRDA:17,2,0,0
BRDA:18,3,0,0
BRDA:26,4,0,0
BRDA:26,4,1,0
BRDA:31,5,0,0
BRDA:31,5,1,0
BRDA:31,6,0,0
BRDA:31,6,1,0
BRDA:38,7,0,0
BRDA:38,7,1,0
BRDA:50,8,0,0
BRDA:50,8,1,0
BRDA:50,9,0,0
BRDA:50,9,1,0
BRDA:50,9,2,0
BRDA:66,10,0,0
BRDA:66,10,1,0
BRDA:66,10,2,0
BRDA:66,10,3,0
BRDA:72,11,0,0
BRDA:72,11,1,0
BRDA:73,12,0,0
BRDA:73,12,1,0
BRDA:74,13,0,0
BRDA:74,13,1,0
BRDA:74,14,0,0
BRDA:74,14,1,0
BRDA:83,15,0,0
BRDA:83,15,1,0
BRDA:91,16,0,0
BRDA:91,16,1,0
BRDA:99,17,0,0
BRDA:99,17,1,0
BRDA:99,18,0,0
BRDA:99,18,1,0
BRDA:110,19,0,0
BRDA:110,19,1,0
BRDA:110,20,0,0
BRDA:110,20,1,0
BRDA:113,21,0,0
BRDA:113,21,1,0
BRDA:113,22,0,0
BRDA:113,22,1,0
BRDA:119,23,0,0
BRDA:119,23,1,0
BRDA:123,24,0,0
BRDA:123,24,1,0
BRDA:135,25,0,0
BRDA:135,25,1,0
BRDA:144,26,0,0
BRDA:144,26,1,0
BRDA:144,27,0,0
BRDA:144,27,1,0
BRDA:148,28,0,0
BRDA:148,28,1,0
BRDA:148,29,0,0
BRDA:148,29,1,0
BRDA:151,30,0,0
BRDA:151,30,1,0
BRDA:151,31,0,0
BRDA:151,31,1,0
BRDA:155,32,0,0
BRDA:155,32,1,0
BRDA:157,33,0,0
BRDA:157,33,1,0
BRF:67
BRH:0
end_of_record
TN:
SF:src\domains\ProductPageView\components\QuotationButton.jsx
FN:6,(anonymous_0)
FN:9,(anonymous_1)
FN:13,(anonymous_2)
FNF:3
FNH:0
FNDA:0,(anonymous_0)
FNDA:0,(anonymous_1)
FNDA:0,(anonymous_2)
DA:6,0
DA:7,0
DA:9,0
DA:10,0
DA:13,0
DA:14,0
DA:17,0
LF:7
LH:0
BRF:0
BRH:0
end_of_record
TN:
SF:src\domains\ProductPageView\components\QuotationModal.jsx
FN:9,(anonymous_0)
FN:14,(anonymous_1)
FN:25,(anonymous_2)
FN:30,(anonymous_3)
FN:41,(anonymous_4)
FNF:5
FNH:0
FNDA:0,(anonymous_0)
FNDA:0,(anonymous_1)
FNDA:0,(anonymous_2)
FNDA:0,(anonymous_3)
FNDA:0,(anonymous_4)
DA:9,0
DA:11,0
DA:14,0
DA:15,0
DA:16,0
DA:17,0
DA:25,0
DA:26,0
DA:30,0
DA:31,0
DA:32,0
DA:33,0
DA:35,0
DA:41,0
DA:42,0
DA:43,0
DA:49,0
DA:51,0
DA:55,0
LF:19
LH:0
BRDA:11,0,0,0
BRDA:11,0,1,0
BRDA:15,1,0,0
BRDA:15,1,1,0
BRDA:15,1,2,0
BRDA:15,1,3,0
BRDA:16,2,0,0
BRDA:16,2,1,0
BRDA:16,2,2,0
BRDA:16,2,3,0
BRDA:31,3,0,0
BRDA:31,3,1,0
BRDA:31,3,2,0
BRDA:31,3,3,0
BRF:14
BRH:0
end_of_record
TN:
SF:src\domains\ProductPageView\hooks\useLazyProductOwnership.js
FN:30,(anonymous_0)
FN:45,(anonymous_1)
FN:89,(anonymous_2)
FN:105,(anonymous_3)
FN:137,(anonymous_4)
FN:145,(anonymous_5)
FN:152,(anonymous_6)
FN:161,(anonymous_7)
FN:168,(anonymous_8)
FN:177,(anonymous_9)
FN:186,(anonymous_10)
FNF:11
FNH:0
FNDA:0,(anonymous_0)
FNDA:0,(anonymous_1)
FNDA:0,(anonymous_2)
FNDA:0,(anonymous_3)
FNDA:0,(anonymous_4)
FNDA:0,(anonymous_5)
FNDA:0,(anonymous_6)
FNDA:0,(anonymous_7)
FNDA:0,(anonymous_8)
FNDA:0,(anonymous_9)
FNDA:0,(anonymous_10)
DA:19,0
DA:30,0
DA:36,0
DA:38,0
DA:39,0
DA:40,0
DA:45,0
DA:46,0
DA:47,0
DA:54,0
DA:55,0
DA:57,0
DA:61,0
DA:65,0
DA:74,0
DA:75,0
DA:77,0
DA:89,0
DA:90,0
DA:92,0
DA:93,0
DA:101,0
DA:102,0
DA:103,0
DA:105,0
DA:106,0
DA:107,0
DA:110,0
DA:111,0
DA:113,0
DA:121,0
DA:122,0
DA:124,0
DA:137,0
DA:138,0
DA:139,0
DA:145,0
DA:146,0
DA:148,0
DA:149,0
DA:152,0
DA:153,0
DA:154,0
DA:161,0
DA:162,0
DA:164,0
DA:165,0
DA:168,0
DA:169,0
DA:170,0
DA:177,0
DA:178,0
DA:179,0
DA:180,0
DA:186,0
DA:187,0
DA:188,0
DA:196,0
DA:197,0
DA:198,0
DA:201,0
DA:209,0
LF:62
LH:0
BRDA:30,0,0,0
BRDA:46,1,0,0
BRDA:46,1,1,0
BRDA:46,2,0,0
BRDA:46,2,1,0
BRDA:57,3,0,0
BRDA:57,3,1,0
BRDA:61,4,0,0
BRDA:61,4,1,0
BRDA:89,5,0,0
BRDA:90,6,0,0
BRDA:90,6,1,0
BRDA:92,7,0,0
BRDA:92,7,1,0
BRDA:92,8,0,0
BRDA:92,8,1,0
BRDA:138,9,0,0
BRDA:138,9,1,0
BRDA:145,10,0,0
BRDA:146,11,0,0
BRDA:146,11,1,0
BRDA:148,12,0,0
BRDA:148,12,1,0
BRDA:148,13,0,0
BRDA:148,13,1,0
BRDA:161,14,0,0
BRDA:162,15,0,0
BRDA:162,15,1,0
BRDA:164,16,0,0
BRDA:164,16,1,0
BRDA:164,17,0,0
BRDA:164,17,1,0
BRDA:187,18,0,0
BRDA:187,18,1,0
BRDA:187,19,0,0
BRDA:187,19,1,0
BRDA:198,20,0,0
BRDA:198,20,1,0
BRF:38
BRH:0
end_of_record
TN:
SF:src\domains\ProductPageView\hooks\useOptimizedProductOwnership.js
FN:56,(anonymous_0)
FN:57,(anonymous_1)
FN:75,(anonymous_2)
FN:80,(anonymous_3)
FN:81,(anonymous_4)
FN:180,(anonymous_5)
FN:197,(anonymous_6)
FN:216,(anonymous_7)
FN:263,(anonymous_8)
FN:277,(anonymous_9)
FN:297,(anonymous_10)
FN:304,(anonymous_11)
FN:315,(anonymous_12)
FN:328,(anonymous_13)
FN:334,(anonymous_14)
FN:344,(anonymous_15)
FN:353,(anonymous_16)
FN:354,(anonymous_17)
FN:367,(anonymous_18)
FN:371,(anonymous_19)
FN:383,(anonymous_20)
FNF:21
FNH:0
FNDA:0,(anonymous_0)
FNDA:0,(anonymous_1)
FNDA:0,(anonymous_2)
FNDA:0,(anonymous_3)
FNDA:0,(anonymous_4)
FNDA:0,(anonymous_5)
FNDA:0,(anonymous_6)
FNDA:0,(anonymous_7)
FNDA:0,(anonymous_8)
FNDA:0,(anonymous_9)
FNDA:0,(anonymous_10)
FNDA:0,(anonymous_11)
FNDA:0,(anonymous_12)
FNDA:0,(anonymous_13)
FNDA:0,(anonymous_14)
FNDA:0,(anonymous_15)
FNDA:0,(anonymous_16)
FNDA:0,(anonymous_17)
FNDA:0,(anonymous_18)
FNDA:0,(anonymous_19)
FNDA:0,(anonymous_20)
DA:24,0
DA:56,0
DA:57,0
DA:58,0
DA:59,0
DA:67,0
DA:75,0
DA:76,0
DA:79,0
DA:80,0
DA:81,0
DA:82,0
DA:83,0
DA:84,0
DA:85,0
DA:86,0
DA:87,0
DA:97,0
DA:100,0
DA:105,0
DA:106,0
DA:107,0
DA:109,0
DA:117,0
DA:118,0
DA:119,0
DA:121,0
DA:123,0
DA:124,0
DA:125,0
DA:126,0
DA:128,0
DA:129,0
DA:131,0
DA:134,0
DA:135,0
DA:137,0
DA:139,0
DA:140,0
DA:142,0
DA:144,0
DA:145,0
DA:146,0
DA:147,0
DA:150,0
DA:151,0
DA:153,0
DA:160,0
DA:162,0
DA:163,0
DA:166,0
DA:172,0
DA:173,0
DA:180,0
DA:181,0
DA:182,0
DA:183,0
DA:184,0
DA:185,0
DA:197,0
DA:199,0
DA:205,0
DA:206,0
DA:216,0
DA:217,0
DA:219,0
DA:220,0
DA:229,0
DA:235,0
DA:236,0
DA:245,0
DA:246,0
DA:248,0
DA:250,0
DA:263,0
DA:264,0
DA:266,0
DA:267,0
DA:274,0
DA:275,0
DA:277,0
DA:278,0
DA:279,0
DA:280,0
DA:282,0
DA:286,0
DA:297,0
DA:298,0
DA:304,0
DA:305,0
DA:315,0
DA:316,0
DA:321,0
DA:328,0
DA:330,0
DA:331,0
DA:334,0
DA:335,0
DA:337,0
DA:338,0
DA:342,0
DA:344,0
DA:346,0
DA:347,0
DA:353,0
DA:354,0
DA:355,0
DA:357,0
DA:360,0
DA:361,0
DA:367,0
DA:368,0
DA:371,0
DA:372,0
DA:373,0
DA:374,0
DA:379,0
DA:380,0
DA:381,0
DA:383,0
DA:384,0
DA:385,0
DA:386,0
DA:394,0
LF:124
LH:0
BRDA:79,0,0,0
BRDA:79,0,1,0
BRDA:82,1,0,0
BRDA:82,1,1,0
BRDA:100,2,0,0
BRDA:100,2,1,0
BRDA:100,3,0,0
BRDA:100,3,1,0
BRDA:100,3,2,0
BRDA:100,3,3,0
BRDA:121,4,0,0
BRDA:121,4,1,0
BRDA:139,5,0,0
BRDA:139,5,1,0
BRDA:145,6,0,0
BRDA:145,6,1,0
BRDA:146,7,0,0
BRDA:146,7,1,0
BRDA:219,8,0,0
BRDA:219,8,1,0
BRDA:219,9,0,0
BRDA:219,9,1,0
BRDA:223,10,0,0
BRDA:223,10,1,0
BRDA:229,11,0,0
BRDA:229,11,1,0
BRDA:229,11,2,0
BRDA:229,11,3,0
BRDA:229,11,4,0
BRDA:235,12,0,0
BRDA:235,12,1,0
BRDA:253,13,0,0
BRDA:253,13,1,0
BRDA:266,14,0,0
BRDA:266,14,1,0
BRDA:266,15,0,0
BRDA:266,15,1,0
BRDA:269,16,0,0
BRDA:269,16,1,0
BRDA:279,17,0,0
BRDA:279,17,1,0
BRDA:337,18,0,0
BRDA:337,18,1,0
BRDA:337,19,0,0
BRDA:337,19,1,0
BRDA:337,19,2,0
BRDA:346,20,0,0
BRDA:346,20,1,0
BRDA:355,21,0,0
BRDA:355,21,1,0
BRDA:360,22,0,0
BRDA:360,22,1,0
BRDA:373,23,0,0
BRDA:373,23,1,0
BRDA:398,24,0,0
BRDA:398,24,1,0
BRDA:419,25,0,0
BRDA:419,25,1,0
BRF:58
BRH:0
end_of_record
TN:
SF:src\domains\ProductPageView\hooks\useProductPageData.js
FN:20,(anonymous_0)
FN:29,(anonymous_1)
FN:30,(anonymous_2)
FN:36,(anonymous_3)
FN:89,(anonymous_4)
FN:93,(anonymous_5)
FN:97,(anonymous_6)
FNF:7
FNH:0
FNDA:0,(anonymous_0)
FNDA:0,(anonymous_1)
FNDA:0,(anonymous_2)
FNDA:0,(anonymous_3)
FNDA:0,(anonymous_4)
FNDA:0,(anonymous_5)
FNDA:0,(anonymous_6)
DA:20,0
DA:21,0
DA:22,0
DA:23,0
DA:24,0
DA:29,0
DA:30,0
DA:31,0
DA:32,0
DA:33,0
DA:36,0
DA:39,0
DA:73,0
DA:75,0
DA:77,0
DA:81,0
DA:82,0
DA:89,0
DA:93,0
DA:97,0
DA:104,0
LF:21
LH:0
BRDA:81,0,0,0
BRDA:81,0,1,0
BRDA:116,1,0,0
BRDA:116,1,1,0
BRDA:116,1,2,0
BRDA:117,2,0,0
BRDA:117,2,1,0
BRDA:117,2,2,0
BRF:8
BRH:0
end_of_record
TN:
SF:src\domains\ProductPageView\hooks\useProductPageOwnership.js
FN:23,(anonymous_0)
FN:43,(anonymous_1)
FN:81,(anonymous_2)
FN:127,(anonymous_3)
FNF:4
FNH:0
FNDA:0,(anonymous_0)
FNDA:0,(anonymous_1)
FNDA:0,(anonymous_2)
FNDA:0,(anonymous_3)
DA:23,0
DA:29,0
DA:37,0
DA:43,0
DA:45,0
DA:46,0
DA:55,0
DA:56,0
DA:65,0
DA:67,0
DA:81,0
DA:82,0
DA:85,0
DA:86,0
DA:97,0
DA:102,0
DA:127,0
DA:128,0
DA:129,0
DA:131,0
DA:135,0
DA:140,0
DA:144,0
DA:147,0
DA:150,0
DA:153,0
DA:156,0
DA:164,0
LF:28
LH:0
BRDA:23,0,0,0
BRDA:25,1,0,0
BRDA:26,2,0,0
BRDA:27,3,0,0
BRDA:28,4,0,0
BRDA:45,5,0,0
BRDA:45,5,1,0
BRDA:45,6,0,0
BRDA:45,6,1,0
BRDA:55,7,0,0
BRDA:55,7,1,0
BRDA:85,8,0,0
BRDA:85,8,1,0
BRDA:97,9,0,0
BRDA:97,9,1,0
BRDA:97,9,2,0
BRDA:97,9,3,0
BRDA:97,9,4,0
BRDA:105,10,0,0
BRDA:105,10,1,0
BRDA:108,11,0,0
BRDA:108,11,1,0
BRDA:109,12,0,0
BRDA:109,12,1,0
BRDA:131,13,0,0
BRDA:131,13,1,0
BRDA:131,13,2,0
BRDA:131,13,3,0
BRDA:131,13,4,0
BRDA:131,13,5,0
BRDA:131,13,6,0
BRDA:131,13,7,0
BRDA:131,13,8,0
BRDA:131,13,9,0
BRDA:131,13,10,0
BRDA:131,13,11,0
BRDA:150,14,0,0
BRDA:150,14,1,0
BRDA:181,15,0,0
BRDA:181,15,1,0
BRF:40
BRH:0
end_of_record
TN:
SF:src\domains\ProductPageView\hooks\useSmartSkeleton.js
FN:14,useSmartSkeleton
FN:19,(anonymous_1)
FN:22,(anonymous_2)
FN:34,(anonymous_3)
FN:38,(anonymous_4)
FN:44,(anonymous_5)
FNF:6
FNH:0
FNDA:0,useSmartSkeleton
FNDA:0,(anonymous_1)
FNDA:0,(anonymous_2)
FNDA:0,(anonymous_3)
FNDA:0,(anonymous_4)
FNDA:0,(anonymous_5)
DA:15,0
DA:16,0
DA:17,0
DA:19,0
DA:20,0
DA:22,0
DA:23,0
DA:24,0
DA:28,0
DA:29,0
DA:30,0
DA:31,0
DA:32,0
DA:33,0
DA:34,0
DA:35,0
DA:36,0
DA:38,0
DA:41,0
DA:42,0
DA:44,0
DA:45,0
DA:49,0
LF:23
LH:0
BRDA:14,0,0,0
BRDA:14,1,0,0
BRDA:14,2,0,0
BRDA:20,3,0,0
BRDA:20,3,1,0
BRDA:30,4,0,0
BRDA:30,4,1,0
BRDA:30,5,0,0
BRDA:30,5,1,0
BRDA:32,6,0,0
BRDA:32,6,1,0
BRF:11
BRH:0
end_of_record
TN:
SF:src\domains\ProductPageView\pages\hooks\index.js
FNF:0
FNH:0
LF:0
LH:0
BRF:0
BRH:0
end_of_record
TN:
SF:src\domains\ProductPageView\pages\hooks\useTechnicalSpecs.js
FN:31,(anonymous_0)
FN:49,(anonymous_1)
FN:57,(anonymous_2)
FN:104,(anonymous_3)
FN:111,(anonymous_4)
FN:121,(anonymous_5)
FN:148,(anonymous_6)
FN:197,(anonymous_7)
FN:237,(anonymous_8)
FN:253,(anonymous_9)
FN:265,(anonymous_10)
FN:272,(anonymous_11)
FN:278,(anonymous_12)
FN:281,(anonymous_13)
FN:344,(anonymous_14)
FNF:15
FNH:0
FNDA:0,(anonymous_0)
FNDA:0,(anonymous_1)
FNDA:0,(anonymous_2)
FNDA:0,(anonymous_3)
FNDA:0,(anonymous_4)
FNDA:0,(anonymous_5)
FNDA:0,(anonymous_6)
FNDA:0,(anonymous_7)
FNDA:0,(anonymous_8)
FNDA:0,(anonymous_9)
FNDA:0,(anonymous_10)
FNDA:0,(anonymous_11)
FNDA:0,(anonymous_12)
FNDA:0,(anonymous_13)
FNDA:0,(anonymous_14)
DA:11,0
DA:31,0
DA:32,0
DA:33,0
DA:34,0
DA:35,0
DA:36,0
DA:37,0
DA:39,0
DA:41,0
DA:42,0
DA:43,0
DA:44,0
DA:45,0
DA:49,0
DA:57,0
DA:59,0
DA:60,0
DA:64,0
DA:65,0
DA:66,0
DA:70,0
DA:71,0
DA:73,0
DA:74,0
DA:75,0
DA:78,0
DA:79,0
DA:83,0
DA:84,0
DA:92,0
DA:93,0
DA:94,0
DA:98,0
DA:104,0
DA:105,0
DA:108,0
DA:111,0
DA:112,0
DA:114,0
DA:116,0
DA:117,0
DA:121,0
DA:123,0
DA:124,0
DA:125,0
DA:126,0
DA:129,0
DA:130,0
DA:131,0
DA:132,0
DA:134,0
DA:137,0
DA:139,0
DA:140,0
DA:141,0
DA:142,0
DA:144,0
DA:148,0
DA:149,0
DA:150,0
DA:151,0
DA:152,0
DA:154,0
DA:158,0
DA:164,0
DA:182,0
DA:184,0
DA:185,0
DA:190,0
DA:191,0
DA:194,0
DA:196,0
DA:197,0
DA:198,0
DA:199,0
DA:201,0
DA:205,0
DA:228,0
DA:229,0
DA:230,0
DA:233,0
DA:234,0
DA:235,0
DA:237,0
DA:238,0
DA:243,0
DA:244,0
DA:245,0
DA:246,0
DA:251,0
DA:253,0
DA:254,0
DA:265,0
DA:266,0
DA:272,0
DA:273,0
DA:278,0
DA:279,0
DA:281,0
DA:283,0
DA:284,0
DA:285,0
DA:286,0
DA:288,0
DA:290,0
DA:291,0
DA:295,0
DA:296,0
DA:297,0
DA:301,0
DA:303,0
DA:320,0
DA:324,0
DA:325,0
DA:340,0
DA:344,0
DA:346,0
DA:347,0
DA:350,0
DA:351,0
DA:353,0
DA:355,0
DA:356,0
DA:360,0
DA:361,0
DA:362,0
DA:372,0
LF:128
LH:0
BRDA:45,0,0,0
BRDA:45,0,1,0
BRDA:45,0,2,0
BRDA:59,1,0,0
BRDA:59,1,1,0
BRDA:65,2,0,0
BRDA:65,2,1,0
BRDA:71,3,0,0
BRDA:71,3,1,0
BRDA:78,4,0,0
BRDA:78,4,1,0
BRDA:83,5,0,0
BRDA:83,5,1,0
BRDA:93,6,0,0
BRDA:93,6,1,0
BRDA:116,7,0,0
BRDA:116,7,1,0
BRDA:123,8,0,0
BRDA:123,8,1,0
BRDA:129,9,0,0
BRDA:129,9,1,0
BRDA:130,10,0,0
BRDA:130,10,1,0
BRDA:139,11,0,0
BRDA:139,11,1,0
BRDA:140,12,0,0
BRDA:140,12,1,0
BRDA:149,13,0,0
BRDA:149,13,1,0
BRDA:150,14,0,0
BRDA:150,14,1,0
BRDA:182,15,0,0
BRDA:182,15,1,0
BRDA:182,16,0,0
BRDA:182,16,1,0
BRDA:190,17,0,0
BRDA:190,17,1,0
BRDA:190,18,0,0
BRDA:190,18,1,0
BRDA:196,19,0,0
BRDA:196,19,1,0
BRDA:196,20,0,0
BRDA:196,20,1,0
BRDA:196,20,2,0
BRDA:198,21,0,0
BRDA:198,21,1,0
BRDA:211,22,0,0
BRDA:211,22,1,0
BRDA:212,23,0,0
BRDA:212,23,1,0
BRDA:214,24,0,0
BRDA:214,24,1,0
BRDA:215,25,0,0
BRDA:215,25,1,0
BRDA:216,26,0,0
BRDA:216,26,1,0
BRDA:217,27,0,0
BRDA:217,27,1,0
BRDA:222,28,0,0
BRDA:222,28,1,0
BRDA:223,29,0,0
BRDA:223,29,1,0
BRDA:224,30,0,0
BRDA:224,30,1,0
BRDA:228,31,0,0
BRDA:228,31,1,0
BRDA:233,32,0,0
BRDA:233,32,1,0
BRDA:238,33,0,0
BRDA:238,33,1,0
BRDA:244,34,0,0
BRDA:244,34,1,0
BRDA:288,35,0,0
BRDA:288,35,1,0
BRDA:288,35,2,0
BRDA:290,36,0,0
BRDA:290,36,1,0
BRDA:301,37,0,0
BRDA:301,37,1,0
BRDA:301,38,0,0
BRDA:301,38,1,0
BRDA:305,39,0,0
BRDA:305,39,1,0
BRDA:307,40,0,0
BRDA:307,40,1,0
BRDA:307,40,2,0
BRDA:309,41,0,0
BRDA:309,41,1,0
BRDA:309,41,2,0
BRDA:310,42,0,0
BRDA:310,42,1,0
BRDA:312,43,0,0
BRDA:312,43,1,0
BRDA:312,43,2,0
BRDA:324,44,0,0
BRDA:324,44,1,0
BRDA:327,45,0,0
BRDA:327,45,1,0
BRDA:328,46,0,0
BRDA:328,46,1,0
BRDA:330,47,0,0
BRDA:330,47,1,0
BRDA:330,47,2,0
BRDA:333,48,0,0
BRDA:333,48,1,0
BRDA:335,49,0,0
BRDA:335,49,1,0
BRDA:335,49,2,0
BRDA:353,50,0,0
BRDA:353,50,1,0
BRDA:353,50,2,0
BRDA:355,51,0,0
BRDA:355,51,1,0
BRF:113
BRH:0
end_of_record
TN:
SF:src\domains\admin\components\AdminAccountCreator.jsx
FN:62,(anonymous_0)
FN:86,(anonymous_1)
FN:198,(anonymous_2)
FN:204,(anonymous_3)
FN:245,(anonymous_4)
FN:245,(anonymous_5)
FN:247,(anonymous_6)
FN:251,(anonymous_7)
FN:294,(anonymous_8)
FN:309,(anonymous_9)
FN:331,(anonymous_10)
FN:354,(anonymous_11)
FN:380,(anonymous_12)
FN:392,(anonymous_13)
FN:424,(anonymous_14)
FN:621,(anonymous_15)
FN:661,(anonymous_16)
FNF:17
FNH:0
FNDA:0,(anonymous_0)
FNDA:0,(anonymous_1)
FNDA:0,(anonymous_2)
FNDA:0,(anonymous_3)
FNDA:0,(anonymous_4)
FNDA:0,(anonymous_5)
FNDA:0,(anonymous_6)
FNDA:0,(anonymous_7)
FNDA:0,(anonymous_8)
FNDA:0,(anonymous_9)
FNDA:0,(anonymous_10)
FNDA:0,(anonymous_11)
FNDA:0,(anonymous_12)
FNDA:0,(anonymous_13)
FNDA:0,(anonymous_14)
FNDA:0,(anonymous_15)
FNDA:0,(anonymous_16)
DA:62,0
DA:63,0
DA:71,0
DA:72,0
DA:74,0
DA:78,0
DA:86,0
DA:87,0
DA:88,0
DA:99,0
DA:100,0
DA:101,0
DA:102,0
DA:103,0
DA:104,0
DA:105,0
DA:108,0
DA:198,0
DA:199,0
DA:200,0
DA:204,0
DA:205,0
DA:207,0
DA:208,0
DA:209,0
DA:210,0
DA:211,0
DA:212,0
DA:215,0
DA:216,0
DA:217,0
DA:218,0
DA:219,0
DA:222,0
DA:223,0
DA:225,0
DA:226,0
DA:227,0
DA:229,0
DA:230,0
DA:233,0
DA:234,0
DA:235,0
DA:237,0
DA:245,0
DA:246,0
DA:247,0
DA:248,0
DA:251,0
DA:252,0
DA:253,0
DA:254,0
DA:256,0
DA:258,0
DA:260,0
DA:261,0
DA:262,0
DA:263,0
DA:268,0
DA:269,0
DA:270,0
DA:273,0
DA:274,0
DA:275,0
DA:276,0
DA:280,0
DA:290,0
DA:292,0
DA:293,0
DA:294,0
DA:295,0
DA:296,0
DA:299,0
DA:302,0
DA:303,0
DA:305,0
DA:309,0
DA:310,0
DA:320,0
DA:321,0
DA:322,0
DA:323,0
DA:324,0
DA:331,0
DA:332,0
DA:333,0
DA:335,0
DA:355,0
DA:380,0
DA:381,0
DA:392,0
DA:393,0
DA:424,0
DA:425,0
DA:439,0
DA:621,0
DA:661,0
LF:97
LH:0
BRDA:72,0,0,0
BRDA:72,0,1,0
BRDA:72,1,0,0
BRDA:72,1,1,0
BRDA:199,2,0,0
BRDA:199,2,1,0
BRDA:207,3,0,0
BRDA:207,3,1,0
BRDA:216,4,0,0
BRDA:216,4,1,0
BRDA:225,5,0,0
BRDA:225,5,1,0
BRDA:229,6,0,0
BRDA:229,6,1,0
BRDA:246,7,0,0
BRDA:246,7,1,0
BRDA:258,8,0,0
BRDA:258,8,1,0
BRDA:261,9,0,0
BRDA:261,9,1,0
BRDA:268,10,0,0
BRDA:268,10,1,0
BRDA:274,11,0,0
BRDA:274,11,1,0
BRDA:292,12,0,0
BRDA:292,12,1,0
BRDA:295,13,0,0
BRDA:295,13,1,0
BRDA:299,14,0,0
BRDA:299,14,1,0
BRDA:358,15,0,0
BRDA:358,15,1,0
BRDA:359,16,0,0
BRDA:359,16,1,0
BRDA:360,17,0,0
BRDA:360,17,1,0
BRDA:361,18,0,0
BRDA:361,18,1,0
BRDA:362,19,0,0
BRDA:362,19,1,0
BRDA:363,20,0,0
BRDA:363,20,1,0
BRDA:364,21,0,0
BRDA:364,21,1,0
BRDA:365,22,0,0
BRDA:365,22,1,0
BRDA:382,23,0,0
BRDA:382,23,1,0
BRDA:382,23,2,0
BRDA:382,23,3,0
BRDA:382,23,4,0
BRDA:382,23,5,0
BRDA:382,23,6,0
BRDA:462,24,0,0
BRDA:462,24,1,0
BRDA:464,25,0,0
BRDA:464,25,1,0
BRDA:464,25,2,0
BRDA:466,26,0,0
BRDA:466,26,1,0
BRDA:466,26,2,0
BRDA:469,27,0,0
BRDA:469,27,1,0
BRDA:488,28,0,0
BRDA:488,28,1,0
BRDA:502,29,0,0
BRDA:502,29,1,0
BRDA:607,30,0,0
BRDA:607,30,1,0
BRDA:622,31,0,0
BRDA:622,31,1,0
BRDA:634,32,0,0
BRDA:634,32,1,0
BRDA:641,33,0,0
BRDA:641,33,1,0
BRDA:647,34,0,0
BRDA:647,34,1,0
BRDA:649,35,0,0
BRDA:649,35,1,0
BRDA:649,36,0,0
BRDA:649,36,1,0
BRDA:662,37,0,0
BRDA:662,37,1,0
BRDA:757,38,0,0
BRDA:757,38,1,0
BRDA:761,39,0,0
BRDA:761,39,1,0
BRF:87
BRH:0
end_of_record
TN:
SF:src\domains\admin\components\AdminAccountManager.jsx
FN:67,(anonymous_0)
FN:85,(anonymous_1)
FN:93,(anonymous_2)
FN:111,(anonymous_3)
FN:116,(anonymous_4)
FN:121,(anonymous_5)
FN:138,(anonymous_6)
FN:143,(anonymous_7)
FN:161,(anonymous_8)
FN:170,(anonymous_9)
FN:183,(anonymous_10)
FN:192,(anonymous_11)
FN:195,(anonymous_12)
FN:267,(anonymous_13)
FN:274,(anonymous_14)
FN:277,(anonymous_15)
FN:306,(anonymous_16)
FN:342,(anonymous_17)
FN:372,(anonymous_18)
FN:398,(anonymous_19)
FN:420,(anonymous_20)
FN:434,(anonymous_21)
FN:449,(anonymous_22)
FNF:23
FNH:0
FNDA:0,(anonymous_0)
FNDA:0,(anonymous_1)
FNDA:0,(anonymous_2)
FNDA:0,(anonymous_3)
FNDA:0,(anonymous_4)
FNDA:0,(anonymous_5)
FNDA:0,(anonymous_6)
FNDA:0,(anonymous_7)
FNDA:0,(anonymous_8)
FNDA:0,(anonymous_9)
FNDA:0,(anonymous_10)
FNDA:0,(anonymous_11)
FNDA:0,(anonymous_12)
FNDA:0,(anonymous_13)
FNDA:0,(anonymous_14)
FNDA:0,(anonymous_15)
FNDA:0,(anonymous_16)
FNDA:0,(anonymous_17)
FNDA:0,(anonymous_18)
FNDA:0,(anonymous_19)
FNDA:0,(anonymous_20)
FNDA:0,(anonymous_21)
FNDA:0,(anonymous_22)
DA:58,0
DA:67,0
DA:68,0
DA:69,0
DA:70,0
DA:71,0
DA:74,0
DA:75,0
DA:78,0
DA:79,0
DA:85,0
DA:86,0
DA:93,0
DA:94,0
DA:95,0
DA:96,0
DA:98,0
DA:99,0
DA:101,0
DA:104,0
DA:105,0
DA:107,0
DA:111,0
DA:112,0
DA:113,0
DA:116,0
DA:117,0
DA:118,0
DA:121,0
DA:122,0
DA:123,0
DA:125,0
DA:126,0
DA:127,0
DA:129,0
DA:132,0
DA:133,0
DA:135,0
DA:138,0
DA:139,0
DA:140,0
DA:143,0
DA:144,0
DA:145,0
DA:147,0
DA:148,0
DA:149,0
DA:150,0
DA:152,0
DA:155,0
DA:156,0
DA:158,0
DA:161,0
DA:162,0
DA:163,0
DA:170,0
DA:171,0
DA:172,0
DA:183,0
DA:184,0
DA:192,0
DA:193,0
DA:195,0
DA:267,0
DA:274,0
DA:275,0
DA:277,0
DA:306,0
DA:324,0
DA:325,0
DA:332,0
DA:342,0
DA:373,0
DA:398,0
DA:420,0
DA:434,0
DA:449,0
LF:77
LH:0
BRDA:98,0,0,0
BRDA:98,0,1,0
BRDA:101,1,0,0
BRDA:101,1,1,0
BRDA:125,2,0,0
BRDA:125,2,1,0
BRDA:129,3,0,0
BRDA:129,3,1,0
BRDA:147,4,0,0
BRDA:147,4,1,0
BRDA:152,5,0,0
BRDA:152,5,1,0
BRDA:171,6,0,0
BRDA:171,6,1,0
BRDA:185,7,0,0
BRDA:185,7,1,0
BRDA:186,8,0,0
BRDA:186,8,1,0
BRDA:187,9,0,0
BRDA:187,9,1,0
BRDA:209,10,0,0
BRDA:209,10,1,0
BRDA:247,11,0,0
BRDA:247,11,1,0
BRDA:254,12,0,0
BRDA:254,12,1,0
BRDA:324,13,0,0
BRDA:324,13,1,0
BRDA:350,14,0,0
BRDA:350,14,1,0
BRDA:384,15,0,0
BRDA:384,15,1,0
BRDA:391,16,0,0
BRDA:391,16,1,0
BRDA:421,17,0,0
BRDA:421,17,1,0
BRF:36
BRH:0
end_of_record
TN:
SF:src\domains\admin\components\AdminDashboard.jsx
FN:120,(anonymous_0)
FN:141,(anonymous_1)
FN:153,(anonymous_2)
FN:157,(anonymous_3)
FN:161,(anonymous_4)
FN:170,(anonymous_5)
FN:206,(anonymous_6)
FN:237,(anonymous_7)
FNF:8
FNH:0
FNDA:0,(anonymous_0)
FNDA:0,(anonymous_1)
FNDA:0,(anonymous_2)
FNDA:0,(anonymous_3)
FNDA:0,(anonymous_4)
FNDA:0,(anonymous_5)
FNDA:0,(anonymous_6)
FNDA:0,(anonymous_7)
DA:42,0
DA:48,0
DA:55,0
DA:120,0
DA:121,0
DA:138,0
DA:141,0
DA:146,0
DA:147,0
DA:153,0
DA:154,0
DA:157,0
DA:158,0
DA:161,0
DA:170,0
DA:171,0
DA:206,0
DA:207,0
DA:237,0
DA:238,0
DA:260,0
DA:274,0
LF:22
LH:0
BRDA:129,0,0,0
BRDA:129,0,1,0
BRF:2
BRH:0
end_of_record
TN:
SF:src\domains\admin\components\AdminGuard.jsx
FN:20,(anonymous_0)
FN:29,(anonymous_1)
FN:38,(anonymous_2)
FNF:3
FNH:0
FNDA:0,(anonymous_0)
FNDA:0,(anonymous_1)
FNDA:0,(anonymous_2)
DA:20,0
DA:22,0
DA:24,0
DA:25,0
DA:26,0
DA:27,0
DA:29,0
DA:30,0
DA:31,0
DA:32,0
DA:33,0
DA:35,0
DA:38,0
DA:39,0
DA:41,0
DA:42,0
DA:43,0
DA:44,0
DA:45,0
DA:49,0
DA:50,0
DA:52,0
DA:53,0
DA:54,0
DA:55,0
DA:59,0
DA:60,0
DA:62,0
DA:64,0
DA:65,0
DA:66,0
DA:67,0
DA:68,0
DA:72,0
DA:73,0
DA:75,0
DA:76,0
DA:79,0
DA:80,0
DA:81,0
DA:82,0
DA:85,0
DA:86,0
DA:87,0
DA:89,0
DA:94,0
DA:95,0
DA:113,0
DA:114,0
DA:118,0
LF:50
LH:0
BRDA:30,0,0,0
BRDA:30,0,1,0
BRDA:41,1,0,0
BRDA:41,1,1,0
BRDA:52,2,0,0
BRDA:52,2,1,0
BRDA:52,3,0,0
BRDA:52,3,1,0
BRDA:62,4,0,0
BRDA:62,4,1,0
BRDA:75,5,0,0
BRDA:75,5,1,0
BRDA:94,6,0,0
BRDA:94,6,1,0
BRDA:113,7,0,0
BRDA:113,7,1,0
BRDA:121,8,0,0
BRDA:121,8,1,0
BRDA:133,9,0,0
BRDA:133,9,1,0
BRDA:133,9,2,0
BRDA:148,10,0,0
BRDA:148,10,1,0
BRDA:148,11,0,0
BRDA:148,11,1,0
BRDA:149,12,0,0
BRDA:149,12,1,0
BRDA:149,13,0,0
BRDA:149,13,1,0
BRDA:152,14,0,0
BRDA:152,14,1,0
BRDA:152,15,0,0
BRDA:152,15,1,0
BRDA:154,16,0,0
BRDA:154,16,1,0
BRDA:156,17,0,0
BRDA:156,17,1,0
BRDA:164,18,0,0
BRDA:164,18,1,0
BRF:39
BRH:0
end_of_record
TN:
SF:src\domains\admin\components\AdminLogin.jsx
FN:110,(anonymous_0)
FN:137,(anonymous_1)
FN:150,(anonymous_2)
FN:151,(anonymous_3)
FN:155,(anonymous_4)
FN:156,(anonymous_5)
FN:160,(anonymous_6)
FN:161,(anonymous_7)
FN:165,(anonymous_8)
FN:169,(anonymous_9)
FN:220,(anonymous_10)
FN:233,(anonymous_11)
FN:246,(anonymous_12)
FN:260,(anonymous_13)
FN:277,(anonymous_14)
FN:288,(anonymous_15)
FN:300,(anonymous_16)
FN:375,(anonymous_17)
FN:414,(anonymous_18)
FN:433,(anonymous_19)
FN:446,(anonymous_20)
FN:447,(anonymous_21)
FN:474,(anonymous_22)
FN:486,(anonymous_23)
FN:556,(anonymous_24)
FN:592,(anonymous_25)
FN:622,(anonymous_26)
FN:655,(anonymous_27)
FNF:28
FNH:0
FNDA:0,(anonymous_0)
FNDA:0,(anonymous_1)
FNDA:0,(anonymous_2)
FNDA:0,(anonymous_3)
FNDA:0,(anonymous_4)
FNDA:0,(anonymous_5)
FNDA:0,(anonymous_6)
FNDA:0,(anonymous_7)
FNDA:0,(anonymous_8)
FNDA:0,(anonymous_9)
FNDA:0,(anonymous_10)
FNDA:0,(anonymous_11)
FNDA:0,(anonymous_12)
FNDA:0,(anonymous_13)
FNDA:0,(anonymous_14)
FNDA:0,(anonymous_15)
FNDA:0,(anonymous_16)
FNDA:0,(anonymous_17)
FNDA:0,(anonymous_18)
FNDA:0,(anonymous_19)
FNDA:0,(anonymous_20)
FNDA:0,(anonymous_21)
FNDA:0,(anonymous_22)
FNDA:0,(anonymous_23)
FNDA:0,(anonymous_24)
FNDA:0,(anonymous_25)
FNDA:0,(anonymous_26)
FNDA:0,(anonymous_27)
DA:45,0
DA:51,0
DA:110,0
DA:111,0
DA:112,0
DA:115,0
DA:116,0
DA:121,0
DA:122,0
DA:123,0
DA:124,0
DA:125,0
DA:126,0
DA:129,0
DA:130,0
DA:131,0
DA:132,0
DA:133,0
DA:134,0
DA:135,0
DA:136,0
DA:137,0
DA:144,0
DA:150,0
DA:151,0
DA:152,0
DA:155,0
DA:156,0
DA:157,0
DA:160,0
DA:161,0
DA:162,0
DA:165,0
DA:166,0
DA:169,0
DA:170,0
DA:171,0
DA:172,0
DA:174,0
DA:175,0
DA:177,0
DA:178,0
DA:179,0
DA:180,0
DA:181,0
DA:183,0
DA:184,0
DA:185,0
DA:187,0
DA:188,0
DA:189,0
DA:190,0
DA:192,0
DA:193,0
DA:194,0
DA:195,0
DA:196,0
DA:197,0
DA:198,0
DA:202,0
DA:203,0
DA:204,0
DA:205,0
DA:207,0
DA:210,0
DA:213,0
DA:214,0
DA:216,0
DA:220,0
DA:221,0
DA:222,0
DA:223,0
DA:225,0
DA:226,0
DA:227,0
DA:228,0
DA:229,0
DA:230,0
DA:232,0
DA:233,0
DA:234,0
DA:236,0
DA:238,0
DA:239,0
DA:241,0
DA:246,0
DA:247,0
DA:248,0
DA:250,0
DA:252,0
DA:254,0
DA:256,0
DA:258,0
DA:259,0
DA:260,0
DA:261,0
DA:264,0
DA:267,0
DA:270,0
DA:271,0
DA:273,0
DA:277,0
DA:279,0
DA:280,0
DA:283,0
DA:285,0
DA:288,0
DA:289,0
DA:290,0
DA:291,0
DA:292,0
DA:293,0
DA:300,0
DA:301,0
DA:375,0
DA:376,0
DA:414,0
DA:433,0
DA:434,0
DA:446,0
DA:447,0
DA:448,0
DA:449,0
DA:451,0
DA:452,0
DA:454,0
DA:455,0
DA:456,0
DA:457,0
DA:458,0
DA:460,0
DA:461,0
DA:462,0
DA:464,0
DA:467,0
DA:468,0
DA:470,0
DA:474,0
DA:475,0
DA:476,0
DA:478,0
DA:479,0
DA:481,0
DA:482,0
DA:484,0
DA:485,0
DA:486,0
DA:487,0
DA:490,0
DA:493,0
DA:496,0
DA:497,0
DA:499,0
DA:503,0
DA:557,0
DA:558,0
DA:559,0
DA:592,0
DA:593,0
DA:595,0
DA:597,0
DA:599,0
DA:601,0
DA:603,0
DA:612,0
DA:613,0
DA:623,0
DA:637,0
DA:656,0
LF:169
LH:0
BRDA:177,0,0,0
BRDA:177,0,1,0
BRDA:178,1,0,0
BRDA:178,1,1,0
BRDA:179,2,0,0
BRDA:179,2,1,0
BRDA:179,3,0,0
BRDA:179,3,1,0
BRDA:188,4,0,0
BRDA:188,4,1,0
BRDA:192,5,0,0
BRDA:192,5,1,0
BRDA:192,6,0,0
BRDA:192,6,1,0
BRDA:192,6,2,0
BRDA:195,7,0,0
BRDA:195,7,1,0
BRDA:202,8,0,0
BRDA:202,8,1,0
BRDA:202,9,0,0
BRDA:202,9,1,0
BRDA:204,10,0,0
BRDA:204,10,1,0
BRDA:204,11,0,0
BRDA:204,11,1,0
BRDA:210,12,0,0
BRDA:210,12,1,0
BRDA:227,13,0,0
BRDA:227,13,1,0
BRDA:228,14,0,0
BRDA:228,14,1,0
BRDA:234,15,0,0
BRDA:234,15,1,0
BRDA:236,16,0,0
BRDA:236,16,1,0
BRDA:254,17,0,0
BRDA:254,17,1,0
BRDA:258,18,0,0
BRDA:258,18,1,0
BRDA:285,19,0,0
BRDA:285,19,1,0
BRDA:293,20,0,0
BRDA:293,20,1,0
BRDA:311,21,0,0
BRDA:311,21,1,0
BRDA:338,22,0,0
BRDA:338,22,1,0
BRDA:357,23,0,0
BRDA:357,23,1,0
BRDA:368,24,0,0
BRDA:368,24,1,0
BRDA:370,25,0,0
BRDA:370,25,1,0
BRDA:386,26,0,0
BRDA:386,26,1,0
BRDA:428,27,0,0
BRDA:428,27,1,0
BRDA:452,28,0,0
BRDA:452,28,1,0
BRDA:454,29,0,0
BRDA:454,29,1,0
BRDA:456,30,0,0
BRDA:456,30,1,0
BRDA:456,31,0,0
BRDA:456,31,1,0
BRDA:464,32,0,0
BRDA:464,32,1,0
BRDA:481,33,0,0
BRDA:481,33,1,0
BRDA:484,34,0,0
BRDA:484,34,1,0
BRDA:516,35,0,0
BRDA:516,35,1,0
BRDA:538,36,0,0
BRDA:538,36,1,0
BRDA:544,37,0,0
BRDA:544,37,1,0
BRDA:577,38,0,0
BRDA:577,38,1,0
BRDA:583,39,0,0
BRDA:583,39,1,0
BRDA:593,40,0,0
BRDA:593,40,1,0
BRDA:593,40,2,0
BRDA:593,40,3,0
BRDA:593,40,4,0
BRDA:612,41,0,0
BRDA:612,41,1,0
BRF:88
BRH:0
end_of_record
TN:
SF:src\domains\admin\components\AdminPanelTable.jsx
FN:118,(anonymous_0)
FN:149,(anonymous_1)
FN:157,(anonymous_2)
FN:164,(anonymous_3)
FN:189,(anonymous_4)
FN:190,(anonymous_5)
FN:196,(anonymous_6)
FN:197,(anonymous_7)
FN:203,(anonymous_8)
FN:204,(anonymous_9)
FN:210,(anonymous_10)
FN:224,(anonymous_11)
FN:225,(anonymous_12)
FN:246,(anonymous_13)
FN:283,(anonymous_14)
FN:300,(anonymous_15)
FN:302,(anonymous_16)
FN:314,(anonymous_17)
FN:318,(anonymous_18)
FN:331,(anonymous_19)
FN:340,(anonymous_20)
FN:350,(anonymous_21)
FN:358,(anonymous_22)
FN:368,(anonymous_23)
FN:381,(anonymous_24)
FN:394,(anonymous_25)
FN:406,(anonymous_26)
FN:418,(anonymous_27)
FN:429,(anonymous_28)
FN:462,(anonymous_29)
FN:555,(anonymous_30)
FN:562,(anonymous_31)
FN:569,(anonymous_32)
FN:576,(anonymous_33)
FNF:34
FNH:0
FNDA:0,(anonymous_0)
FNDA:0,(anonymous_1)
FNDA:0,(anonymous_2)
FNDA:0,(anonymous_3)
FNDA:0,(anonymous_4)
FNDA:0,(anonymous_5)
FNDA:0,(anonymous_6)
FNDA:0,(anonymous_7)
FNDA:0,(anonymous_8)
FNDA:0,(anonymous_9)
FNDA:0,(anonymous_10)
FNDA:0,(anonymous_11)
FNDA:0,(anonymous_12)
FNDA:0,(anonymous_13)
FNDA:0,(anonymous_14)
FNDA:0,(anonymous_15)
FNDA:0,(anonymous_16)
FNDA:0,(anonymous_17)
FNDA:0,(anonymous_18)
FNDA:0,(anonymous_19)
FNDA:0,(anonymous_20)
FNDA:0,(anonymous_21)
FNDA:0,(anonymous_22)
FNDA:0,(anonymous_23)
FNDA:0,(anonymous_24)
FNDA:0,(anonymous_25)
FNDA:0,(anonymous_26)
FNDA:0,(anonymous_27)
FNDA:0,(anonymous_28)
FNDA:0,(anonymous_29)
FNDA:0,(anonymous_30)
FNDA:0,(anonymous_31)
FNDA:0,(anonymous_32)
FNDA:0,(anonymous_33)
DA:58,0
DA:66,0
DA:75,0
DA:117,0
DA:118,0
DA:123,0
DA:124,0
DA:125,0
DA:126,0
DA:129,0
DA:138,0
DA:149,0
DA:150,0
DA:157,0
DA:158,0
DA:159,0
DA:161,0
DA:163,0
DA:164,0
DA:167,0
DA:172,0
DA:173,0
DA:175,0
DA:178,0
DA:179,0
DA:182,0
DA:183,0
DA:185,0
DA:189,0
DA:190,0
DA:196,0
DA:197,0
DA:203,0
DA:204,0
DA:210,0
DA:211,0
DA:212,0
DA:224,0
DA:225,0
DA:226,0
DA:227,0
DA:230,0
DA:231,0
DA:234,0
DA:235,0
DA:238,0
DA:246,0
DA:247,0
DA:283,0
DA:300,0
DA:302,0
DA:303,0
DA:314,0
DA:319,0
DA:331,0
DA:340,0
DA:350,0
DA:358,0
DA:359,0
DA:361,0
DA:368,0
DA:381,0
DA:394,0
DA:406,0
DA:418,0
DA:429,0
DA:430,0
DA:463,0
DA:513,0
DA:555,0
DA:562,0
DA:569,0
DA:576,0
LF:73
LH:0
BRDA:164,0,0,0
BRDA:164,0,1,0
BRDA:172,1,0,0
BRDA:172,1,1,0
BRDA:173,2,0,0
BRDA:173,2,1,0
BRDA:175,3,0,0
BRDA:175,3,1,0
BRDA:178,4,0,0
BRDA:178,4,1,0
BRDA:179,5,0,0
BRDA:179,5,1,0
BRDA:226,6,0,0
BRDA:226,6,1,0
BRDA:226,7,0,0
BRDA:226,7,1,0
BRDA:230,8,0,0
BRDA:230,8,1,0
BRDA:230,9,0,0
BRDA:230,9,1,0
BRDA:234,10,0,0
BRDA:234,10,1,0
BRDA:234,11,0,0
BRDA:234,11,1,0
BRDA:251,12,0,0
BRDA:251,12,1,0
BRDA:259,13,0,0
BRDA:259,13,1,0
BRDA:267,14,0,0
BRDA:267,14,1,0
BRDA:275,15,0,0
BRDA:275,15,1,0
BRDA:275,16,0,0
BRDA:275,16,1,0
BRDA:359,17,0,0
BRDA:359,17,1,0
BRDA:363,18,0,0
BRDA:363,18,1,0
BRDA:376,19,0,0
BRDA:376,19,1,0
BRDA:389,20,0,0
BRDA:389,20,1,0
BRDA:413,21,0,0
BRDA:413,21,1,0
BRDA:437,22,0,0
BRDA:437,22,1,0
BRDA:441,23,0,0
BRDA:441,23,1,0
BRDA:491,24,0,0
BRDA:491,24,1,0
BRDA:492,25,0,0
BRDA:492,25,1,0
BRDA:526,26,0,0
BRDA:526,26,1,0
BRF:54
BRH:0
end_of_record
TN:
SF:src\domains\admin\components\AdminStatCard.jsx
FN:20,(anonymous_0)
FN:23,(anonymous_1)
FNF:2
FNH:0
FNDA:0,(anonymous_0)
FNDA:0,(anonymous_1)
DA:20,0
DA:21,0
DA:23,0
DA:24,0
DA:26,0
DA:28,0
DA:30,0
DA:32,0
DA:34,0
DA:36,0
DA:40,0
DA:42,0
LF:12
LH:0
BRDA:20,0,0,0
BRDA:24,1,0,0
BRDA:24,1,1,0
BRDA:24,1,2,0
BRDA:24,1,3,0
BRDA:24,1,4,0
BRDA:24,1,5,0
BRDA:78,2,0,0
BRDA:78,2,1,0
BRF:9
BRH:0
end_of_record
TN:
SF:src\domains\admin\components\FirstAdminSetup.jsx
FN:58,(anonymous_0)
FN:86,(anonymous_1)
FN:86,(anonymous_2)
FN:87,(anonymous_3)
FN:91,(anonymous_4)
FN:92,(anonymous_5)
FN:95,(anonymous_6)
FN:96,(anonymous_7)
FN:99,(anonymous_8)
FN:129,(anonymous_9)
FN:135,(anonymous_10)
FN:184,(anonymous_11)
FN:267,(anonymous_12)
FN:316,(anonymous_13)
FN:376,(anonymous_14)
FN:404,(anonymous_15)
FNF:16
FNH:0
FNDA:0,(anonymous_0)
FNDA:0,(anonymous_1)
FNDA:0,(anonymous_2)
FNDA:0,(anonymous_3)
FNDA:0,(anonymous_4)
FNDA:0,(anonymous_5)
FNDA:0,(anonymous_6)
FNDA:0,(anonymous_7)
FNDA:0,(anonymous_8)
FNDA:0,(anonymous_9)
FNDA:0,(anonymous_10)
FNDA:0,(anonymous_11)
FNDA:0,(anonymous_12)
FNDA:0,(anonymous_13)
FNDA:0,(anonymous_14)
FNDA:0,(anonymous_15)
DA:58,0
DA:59,0
DA:60,0
DA:67,0
DA:68,0
DA:69,0
DA:71,0
DA:86,0
DA:87,0
DA:88,0
DA:91,0
DA:92,0
DA:95,0
DA:96,0
DA:99,0
DA:100,0
DA:101,0
DA:103,0
DA:104,0
DA:105,0
DA:106,0
DA:109,0
DA:116,0
DA:117,0
DA:119,0
DA:122,0
DA:123,0
DA:125,0
DA:129,0
DA:131,0
DA:132,0
DA:135,0
DA:136,0
DA:184,0
DA:185,0
DA:267,0
DA:316,0
DA:317,0
DA:376,0
DA:377,0
DA:379,0
DA:381,0
DA:383,0
DA:385,0
DA:389,0
DA:390,0
DA:393,0
DA:405,0
LF:48
LH:0
BRDA:104,0,0,0
BRDA:104,0,1,0
BRDA:116,1,0,0
BRDA:116,1,1,0
BRDA:119,2,0,0
BRDA:119,2,1,0
BRDA:132,3,0,0
BRDA:132,3,1,0
BRDA:192,4,0,0
BRDA:192,4,1,0
BRDA:255,5,0,0
BRDA:255,5,1,0
BRDA:268,6,0,0
BRDA:268,6,1,0
BRDA:280,7,0,0
BRDA:280,7,1,0
BRDA:284,8,0,0
BRDA:284,8,1,0
BRDA:286,9,0,0
BRDA:286,9,1,0
BRDA:286,10,0,0
BRDA:286,10,1,0
BRDA:308,11,0,0
BRDA:308,11,1,0
BRDA:308,11,2,0
BRDA:308,11,3,0
BRDA:377,12,0,0
BRDA:377,12,1,0
BRDA:377,12,2,0
BRDA:377,12,3,0
BRDA:389,13,0,0
BRDA:389,13,1,0
BRF:32
BRH:0
end_of_record
TN:
SF:src\domains\admin\components\Manage2FA.jsx
FN:69,(anonymous_0)
FN:81,(anonymous_1)
FN:102,(anonymous_2)
FN:111,(anonymous_3)
FN:165,(anonymous_4)
FN:174,(anonymous_5)
FN:209,(anonymous_6)
FN:218,(anonymous_7)
FN:221,(anonymous_8)
FN:252,(anonymous_9)
FN:289,(anonymous_10)
FNF:11
FNH:0
FNDA:0,(anonymous_0)
FNDA:0,(anonymous_1)
FNDA:0,(anonymous_2)
FNDA:0,(anonymous_3)
FNDA:0,(anonymous_4)
FNDA:0,(anonymous_5)
FNDA:0,(anonymous_6)
FNDA:0,(anonymous_7)
FNDA:0,(anonymous_8)
FNDA:0,(anonymous_9)
FNDA:0,(anonymous_10)
DA:46,0
DA:69,0
DA:70,0
DA:71,0
DA:72,0
DA:73,0
DA:75,0
DA:81,0
DA:82,0
DA:83,0
DA:85,0
DA:86,0
DA:88,0
DA:89,0
DA:90,0
DA:92,0
DA:95,0
DA:96,0
DA:98,0
DA:102,0
DA:103,0
DA:104,0
DA:111,0
DA:112,0
DA:165,0
DA:174,0
DA:175,0
DA:209,0
DA:218,0
DA:219,0
DA:221,0
DA:252,0
DA:273,0
DA:289,0
LF:34
LH:0
BRDA:75,0,0,0
BRDA:75,0,1,0
BRDA:88,1,0,0
BRDA:88,1,1,0
BRDA:89,2,0,0
BRDA:89,2,1,0
BRDA:92,3,0,0
BRDA:92,3,1,0
BRDA:104,4,0,0
BRDA:104,4,1,0
BRDA:235,5,0,0
BRDA:235,5,1,0
BRDA:263,6,0,0
BRDA:263,6,1,0
BRDA:284,7,0,0
BRDA:284,7,1,0
BRF:16
BRH:0
end_of_record
TN:
SF:src\domains\admin\components\ProductMarketplaceTable.jsx
FN:132,(anonymous_0)
FN:158,(anonymous_1)
FN:159,(anonymous_2)
FN:163,(anonymous_3)
FN:167,(anonymous_4)
FN:168,(anonymous_5)
FN:214,(anonymous_6)
FN:218,(anonymous_7)
FN:228,(anonymous_8)
FN:232,(anonymous_9)
FN:242,(anonymous_10)
FN:248,(anonymous_11)
FN:252,(anonymous_12)
FN:258,(anonymous_13)
FN:263,(anonymous_14)
FN:265,(anonymous_15)
FN:270,(anonymous_16)
FN:271,(anonymous_17)
FN:305,(anonymous_18)
FN:313,(anonymous_19)
FN:329,(anonymous_20)
FN:332,(anonymous_21)
FN:366,(anonymous_22)
FN:395,(anonymous_23)
FN:399,(anonymous_24)
FN:406,(anonymous_25)
FN:407,(anonymous_26)
FN:418,(anonymous_27)
FN:421,(anonymous_28)
FN:428,(anonymous_29)
FN:430,(anonymous_30)
FN:437,(anonymous_31)
FN:439,(anonymous_32)
FN:445,(anonymous_33)
FN:452,(anonymous_34)
FN:459,(anonymous_35)
FN:483,(anonymous_36)
FN:484,(anonymous_37)
FN:488,(anonymous_38)
FN:495,(anonymous_39)
FN:496,(anonymous_40)
FN:528,(anonymous_41)
FN:535,(anonymous_42)
FN:542,(anonymous_43)
FN:570,(anonymous_44)
FN:607,(anonymous_45)
FN:625,(anonymous_46)
FN:626,(anonymous_47)
FN:628,(anonymous_48)
FN:663,(anonymous_49)
FN:686,(anonymous_50)
FN:690,(anonymous_51)
FN:707,(anonymous_52)
FN:723,(anonymous_53)
FN:761,(anonymous_54)
FN:770,(anonymous_55)
FN:801,(anonymous_56)
FN:814,(anonymous_57)
FN:820,(anonymous_58)
FN:835,(anonymous_59)
FN:855,(anonymous_60)
FN:874,(anonymous_61)
FN:894,(anonymous_62)
FN:926,(anonymous_63)
FN:938,(anonymous_64)
FN:963,(anonymous_65)
FN:965,(anonymous_66)
FN:968,(anonymous_67)
FN:972,(anonymous_68)
FN:980,(anonymous_69)
FN:1030,(anonymous_70)
FNF:71
FNH:0
FNDA:0,(anonymous_0)
FNDA:0,(anonymous_1)
FNDA:0,(anonymous_2)
FNDA:0,(anonymous_3)
FNDA:0,(anonymous_4)
FNDA:0,(anonymous_5)
FNDA:0,(anonymous_6)
FNDA:0,(anonymous_7)
FNDA:0,(anonymous_8)
FNDA:0,(anonymous_9)
FNDA:0,(anonymous_10)
FNDA:0,(anonymous_11)
FNDA:0,(anonymous_12)
FNDA:0,(anonymous_13)
FNDA:0,(anonymous_14)
FNDA:0,(anonymous_15)
FNDA:0,(anonymous_16)
FNDA:0,(anonymous_17)
FNDA:0,(anonymous_18)
FNDA:0,(anonymous_19)
FNDA:0,(anonymous_20)
FNDA:0,(anonymous_21)
FNDA:0,(anonymous_22)
FNDA:0,(anonymous_23)
FNDA:0,(anonymous_24)
FNDA:0,(anonymous_25)
FNDA:0,(anonymous_26)
FNDA:0,(anonymous_27)
FNDA:0,(anonymous_28)
FNDA:0,(anonymous_29)
FNDA:0,(anonymous_30)
FNDA:0,(anonymous_31)
FNDA:0,(anonymous_32)
FNDA:0,(anonymous_33)
FNDA:0,(anonymous_34)
FNDA:0,(anonymous_35)
FNDA:0,(anonymous_36)
FNDA:0,(anonymous_37)
FNDA:0,(anonymous_38)
FNDA:0,(anonymous_39)
FNDA:0,(anonymous_40)
FNDA:0,(anonymous_41)
FNDA:0,(anonymous_42)
FNDA:0,(anonymous_43)
FNDA:0,(anonymous_44)
FNDA:0,(anonymous_45)
FNDA:0,(anonymous_46)
FNDA:0,(anonymous_47)
FNDA:0,(anonymous_48)
FNDA:0,(anonymous_49)
FNDA:0,(anonymous_50)
FNDA:0,(anonymous_51)
FNDA:0,(anonymous_52)
FNDA:0,(anonymous_53)
FNDA:0,(anonymous_54)
FNDA:0,(anonymous_55)
FNDA:0,(anonymous_56)
FNDA:0,(anonymous_57)
FNDA:0,(anonymous_58)
FNDA:0,(anonymous_59)
FNDA:0,(anonymous_60)
FNDA:0,(anonymous_61)
FNDA:0,(anonymous_62)
FNDA:0,(anonymous_63)
FNDA:0,(anonymous_64)
FNDA:0,(anonymous_65)
FNDA:0,(anonymous_66)
FNDA:0,(anonymous_67)
FNDA:0,(anonymous_68)
FNDA:0,(anonymous_69)
FNDA:0,(anonymous_70)
DA:70,0
DA:76,0
DA:83,0
DA:132,0
DA:137,0
DA:138,0
DA:139,0
DA:140,0
DA:141,0
DA:144,0
DA:151,0
DA:154,0
DA:155,0
DA:158,0
DA:159,0
DA:160,0
DA:163,0
DA:167,0
DA:168,0
DA:175,0
DA:178,0
DA:179,0
DA:182,0
DA:188,0
DA:194,0
DA:200,0
DA:202,0
DA:205,0
DA:206,0
DA:207,0
DA:208,0
DA:209,0
DA:210,0
DA:211,0
DA:212,0
DA:214,0
DA:215,0
DA:216,0
DA:218,0
DA:219,0
DA:220,0
DA:221,0
DA:222,0
DA:223,0
DA:225,0
DA:228,0
DA:229,0
DA:230,0
DA:232,0
DA:233,0
DA:234,0
DA:235,0
DA:236,0
DA:237,0
DA:239,0
DA:242,0
DA:243,0
DA:244,0
DA:245,0
DA:246,0
DA:247,0
DA:248,0
DA:252,0
DA:253,0
DA:254,0
DA:255,0
DA:256,0
DA:257,0
DA:258,0
DA:263,0
DA:265,0
DA:266,0
DA:268,0
DA:269,0
DA:270,0
DA:271,0
DA:273,0
DA:274,0
DA:275,0
DA:276,0
DA:277,0
DA:283,0
DA:292,0
DA:293,0
DA:305,0
DA:306,0
DA:313,0
DA:315,0
DA:316,0
DA:318,0
DA:319,0
DA:321,0
DA:329,0
DA:330,0
DA:332,0
DA:334,0
DA:335,0
DA:336,0
DA:338,0
DA:339,0
DA:342,0
DA:343,0
DA:344,0
DA:348,0
DA:349,0
DA:350,0
DA:358,0
DA:366,0
DA:367,0
DA:368,0
DA:370,0
DA:372,0
DA:377,0
DA:378,0
DA:379,0
DA:381,0
DA:384,0
DA:385,0
DA:388,0
DA:389,0
DA:391,0
DA:395,0
DA:396,0
DA:397,0
DA:399,0
DA:406,0
DA:407,0
DA:408,0
DA:409,0
DA:410,0
DA:412,0
DA:414,0
DA:418,0
DA:419,0
DA:421,0
DA:423,0
DA:428,0
DA:430,0
DA:431,0
DA:432,0
DA:435,0
DA:436,0
DA:437,0
DA:439,0
DA:440,0
DA:441,0
DA:442,0
DA:445,0
DA:446,0
DA:452,0
DA:453,0
DA:459,0
DA:460,0
DA:461,0
DA:462,0
DA:463,0
DA:464,0
DA:465,0
DA:466,0
DA:467,0
DA:472,0
DA:475,0
DA:476,0
DA:478,0
DA:483,0
DA:484,0
DA:485,0
DA:488,0
DA:489,0
DA:495,0
DA:496,0
DA:497,0
DA:498,0
DA:499,0
DA:500,0
DA:501,0
DA:502,0
DA:503,0
DA:505,0
DA:506,0
DA:511,0
DA:517,0
DA:520,0
DA:521,0
DA:523,0
DA:528,0
DA:529,0
DA:535,0
DA:536,0
DA:542,0
DA:543,0
DA:544,0
DA:545,0
DA:546,0
DA:547,0
DA:548,0
DA:549,0
DA:550,0
DA:555,0
DA:558,0
DA:559,0
DA:561,0
DA:569,0
DA:570,0
DA:571,0
DA:607,0
DA:624,0
DA:625,0
DA:626,0
DA:628,0
DA:629,0
DA:663,0
DA:686,0
DA:691,0
DA:707,0
DA:723,0
DA:761,0
DA:762,0
DA:770,0
DA:802,0
DA:803,0
DA:805,0
DA:814,0
DA:820,0
DA:835,0
DA:855,0
DA:874,0
DA:894,0
DA:926,0
DA:938,0
DA:963,0
DA:966,0
DA:967,0
DA:968,0
DA:972,0
DA:980,0
DA:981,0
DA:1015,0
DA:1016,0
DA:1023,0
DA:1030,0
DA:1085,0
LF:242
LH:0
BRDA:221,0,0,0
BRDA:221,0,1,0
BRDA:235,1,0,0
BRDA:235,1,1,0
BRDA:244,2,0,0
BRDA:244,2,1,0
BRDA:247,3,0,0
BRDA:247,3,1,0
BRDA:254,4,0,0
BRDA:254,4,1,0
BRDA:257,5,0,0
BRDA:257,5,1,0
BRDA:266,6,0,0
BRDA:266,6,1,0
BRDA:266,6,2,0
BRDA:268,7,0,0
BRDA:268,7,1,0
BRDA:268,8,0,0
BRDA:268,8,1,0
BRDA:270,9,0,0
BRDA:270,9,1,0
BRDA:270,9,2,0
BRDA:270,9,3,0
BRDA:271,10,0,0
BRDA:271,10,1,0
BRDA:273,11,0,0
BRDA:273,11,1,0
BRDA:276,12,0,0
BRDA:276,12,1,0
BRDA:292,13,0,0
BRDA:292,13,1,0
BRDA:292,13,2,0
BRDA:315,14,0,0
BRDA:315,14,1,0
BRDA:316,15,0,0
BRDA:316,15,1,0
BRDA:318,16,0,0
BRDA:318,16,1,0
BRDA:319,17,0,0
BRDA:319,17,1,0
BRDA:330,18,0,0
BRDA:330,18,1,0
BRDA:334,19,0,0
BRDA:334,19,1,0
BRDA:335,20,0,0
BRDA:335,20,1,0
BRDA:338,21,0,0
BRDA:338,21,1,0
BRDA:338,22,0,0
BRDA:338,22,1,0
BRDA:339,23,0,0
BRDA:339,23,1,0
BRDA:339,24,0,0
BRDA:339,24,1,0
BRDA:342,25,0,0
BRDA:342,25,1,0
BRDA:344,26,0,0
BRDA:344,26,1,0
BRDA:348,27,0,0
BRDA:348,27,1,0
BRDA:351,28,0,0
BRDA:351,28,1,0
BRDA:351,28,2,0
BRDA:351,28,3,0
BRDA:377,29,0,0
BRDA:377,29,1,0
BRDA:378,30,0,0
BRDA:378,30,1,0
BRDA:381,31,0,0
BRDA:381,31,1,0
BRDA:384,32,0,0
BRDA:384,32,1,0
BRDA:385,33,0,0
BRDA:385,33,1,0
BRDA:396,34,0,0
BRDA:396,34,1,0
BRDA:409,35,0,0
BRDA:409,35,1,0
BRDA:419,36,0,0
BRDA:419,36,1,0
BRDA:428,37,0,0
BRDA:428,37,1,0
BRDA:431,38,0,0
BRDA:431,38,1,0
BRDA:432,39,0,0
BRDA:432,39,1,0
BRDA:437,40,0,0
BRDA:437,40,1,0
BRDA:464,41,0,0
BRDA:464,41,1,0
BRDA:472,42,0,0
BRDA:472,42,1,0
BRDA:500,43,0,0
BRDA:500,43,1,0
BRDA:505,44,0,0
BRDA:505,44,1,0
BRDA:512,45,0,0
BRDA:512,45,1,0
BRDA:517,46,0,0
BRDA:517,46,1,0
BRDA:547,47,0,0
BRDA:547,47,1,0
BRDA:555,48,0,0
BRDA:555,48,1,0
BRDA:575,49,0,0
BRDA:575,49,1,0
BRDA:583,50,0,0
BRDA:583,50,1,0
BRDA:591,51,0,0
BRDA:591,51,1,0
BRDA:599,52,0,0
BRDA:599,52,1,0
BRDA:656,53,0,0
BRDA:656,53,1,0
BRDA:659,54,0,0
BRDA:659,54,1,0
BRDA:660,55,0,0
BRDA:660,55,1,0
BRDA:669,56,0,0
BRDA:669,56,1,0
BRDA:672,57,0,0
BRDA:672,57,1,0
BRDA:731,58,0,0
BRDA:731,58,1,0
BRDA:733,59,0,0
BRDA:733,59,1,0
BRDA:733,60,0,0
BRDA:733,60,1,0
BRDA:742,61,0,0
BRDA:742,61,1,0
BRDA:752,62,0,0
BRDA:752,62,1,0
BRDA:752,63,0,0
BRDA:752,63,1,0
BRDA:768,64,0,0
BRDA:768,64,1,0
BRDA:769,65,0,0
BRDA:769,65,1,0
BRDA:823,66,0,0
BRDA:823,66,1,0
BRDA:841,67,0,0
BRDA:841,67,1,0
BRDA:851,68,0,0
BRDA:851,68,1,0
BRDA:856,69,0,0
BRDA:856,69,1,0
BRDA:865,70,0,0
BRDA:865,70,1,0
BRDA:880,71,0,0
BRDA:880,71,1,0
BRDA:890,72,0,0
BRDA:890,72,1,0
BRDA:895,73,0,0
BRDA:895,73,1,0
BRDA:904,74,0,0
BRDA:904,74,1,0
BRDA:904,75,0,0
BRDA:904,75,1,0
BRDA:906,76,0,0
BRDA:906,76,1,0
BRDA:906,77,0,0
BRDA:906,77,1,0
BRDA:952,78,0,0
BRDA:952,78,1,0
BRDA:952,78,2,0
BRDA:961,79,0,0
BRDA:961,79,1,0
BRDA:961,79,2,0
BRDA:968,80,0,0
BRDA:968,80,1,0
BRDA:1005,81,0,0
BRDA:1005,81,1,0
BRDA:1015,82,0,0
BRDA:1015,82,1,0
BRDA:1029,83,0,0
BRDA:1029,83,1,0
BRF:176
BRH:0
end_of_record
TN:
SF:src\domains\admin\components\Setup2FA.jsx
FN:100,(anonymous_0)
FN:113,(anonymous_1)
FN:135,(anonymous_2)
FN:138,(anonymous_3)
FN:141,(anonymous_4)
FN:155,(anonymous_5)
FN:170,(anonymous_6)
FN:184,(anonymous_7)
FN:196,(anonymous_8)
FN:215,(anonymous_9)
FN:259,(anonymous_10)
FN:280,(anonymous_11)
FN:296,(anonymous_12)
FN:308,(anonymous_13)
FN:323,(anonymous_14)
FN:338,(anonymous_15)
FN:388,(anonymous_16)
FNF:17
FNH:0
FNDA:0,(anonymous_0)
FNDA:0,(anonymous_1)
FNDA:0,(anonymous_2)
FNDA:0,(anonymous_3)
FNDA:0,(anonymous_4)
FNDA:0,(anonymous_5)
FNDA:0,(anonymous_6)
FNDA:0,(anonymous_7)
FNDA:0,(anonymous_8)
FNDA:0,(anonymous_9)
FNDA:0,(anonymous_10)
FNDA:0,(anonymous_11)
FNDA:0,(anonymous_12)
FNDA:0,(anonymous_13)
FNDA:0,(anonymous_14)
FNDA:0,(anonymous_15)
FNDA:0,(anonymous_16)
DA:52,0
DA:59,0
DA:67,0
DA:100,0
DA:101,0
DA:102,0
DA:103,0
DA:104,0
DA:105,0
DA:106,0
DA:107,0
DA:113,0
DA:114,0
DA:115,0
DA:117,0
DA:118,0
DA:120,0
DA:121,0
DA:122,0
DA:123,0
DA:125,0
DA:128,0
DA:129,0
DA:131,0
DA:135,0
DA:136,0
DA:137,0
DA:138,0
DA:141,0
DA:142,0
DA:143,0
DA:144,0
DA:147,0
DA:148,0
DA:150,0
DA:151,0
DA:153,0
DA:154,0
DA:155,0
DA:156,0
DA:157,0
DA:160,0
DA:163,0
DA:164,0
DA:166,0
DA:170,0
DA:171,0
DA:172,0
DA:173,0
DA:174,0
DA:175,0
DA:176,0
DA:177,0
DA:184,0
DA:185,0
DA:197,0
DA:215,0
DA:216,0
DA:259,0
DA:260,0
DA:281,0
DA:282,0
DA:283,0
DA:296,0
DA:297,0
DA:308,0
DA:309,0
DA:311,0
DA:313,0
DA:315,0
DA:317,0
DA:319,0
DA:323,0
DA:324,0
DA:326,0
DA:336,0
DA:338,0
DA:345,0
DA:356,0
DA:358,0
DA:366,0
DA:389,0
LF:82
LH:0
BRDA:120,0,0,0
BRDA:120,0,1,0
BRDA:125,1,0,0
BRDA:125,1,1,0
BRDA:142,2,0,0
BRDA:142,2,1,0
BRDA:153,3,0,0
BRDA:153,3,1,0
BRDA:156,4,0,0
BRDA:156,4,1,0
BRDA:160,5,0,0
BRDA:160,5,1,0
BRDA:227,6,0,0
BRDA:227,6,1,0
BRDA:245,7,0,0
BRDA:245,7,1,0
BRDA:270,8,0,0
BRDA:270,8,1,0
BRDA:309,9,0,0
BRDA:309,9,1,0
BRDA:309,9,2,0
BRDA:309,9,3,0
BRDA:309,9,4,0
BRDA:324,10,0,0
BRDA:324,10,1,0
BRDA:324,10,2,0
BRDA:324,10,3,0
BRDA:324,10,4,0
BRDA:392,11,0,0
BRDA:392,11,1,0
BRDA:405,12,0,0
BRDA:405,12,1,0
BRF:32
BRH:0
end_of_record
TN:
SF:src\domains\admin\components\UserManagementTable.jsx
FN:127,(anonymous_0)
FN:160,(anonymous_1)
FN:164,(anonymous_2)
FN:174,(anonymous_3)
FN:180,(anonymous_4)
FN:186,(anonymous_5)
FN:187,(anonymous_6)
FN:187,(anonymous_7)
FN:188,(anonymous_8)
FN:190,(anonymous_9)
FN:193,(anonymous_10)
FN:193,(anonymous_11)
FN:209,(anonymous_12)
FN:210,(anonymous_13)
FN:255,(anonymous_14)
FN:263,(anonymous_15)
FN:266,(anonymous_16)
FN:279,(anonymous_17)
FN:295,(anonymous_18)
FN:301,(anonymous_19)
FN:339,(anonymous_20)
FN:348,(anonymous_21)
FN:405,(anonymous_22)
FN:419,(anonymous_23)
FN:442,(anonymous_24)
FN:462,(anonymous_25)
FN:489,(anonymous_26)
FN:500,(anonymous_27)
FN:511,(anonymous_28)
FN:523,(anonymous_29)
FN:533,(anonymous_30)
FN:551,(anonymous_31)
FN:568,(anonymous_32)
FN:581,(anonymous_33)
FN:592,(anonymous_34)
FN:604,(anonymous_35)
FN:646,(anonymous_36)
FNF:37
FNH:0
FNDA:0,(anonymous_0)
FNDA:0,(anonymous_1)
FNDA:0,(anonymous_2)
FNDA:0,(anonymous_3)
FNDA:0,(anonymous_4)
FNDA:0,(anonymous_5)
FNDA:0,(anonymous_6)
FNDA:0,(anonymous_7)
FNDA:0,(anonymous_8)
FNDA:0,(anonymous_9)
FNDA:0,(anonymous_10)
FNDA:0,(anonymous_11)
FNDA:0,(anonymous_12)
FNDA:0,(anonymous_13)
FNDA:0,(anonymous_14)
FNDA:0,(anonymous_15)
FNDA:0,(anonymous_16)
FNDA:0,(anonymous_17)
FNDA:0,(anonymous_18)
FNDA:0,(anonymous_19)
FNDA:0,(anonymous_20)
FNDA:0,(anonymous_21)
FNDA:0,(anonymous_22)
FNDA:0,(anonymous_23)
FNDA:0,(anonymous_24)
FNDA:0,(anonymous_25)
FNDA:0,(anonymous_26)
FNDA:0,(anonymous_27)
FNDA:0,(anonymous_28)
FNDA:0,(anonymous_29)
FNDA:0,(anonymous_30)
FNDA:0,(anonymous_31)
FNDA:0,(anonymous_32)
FNDA:0,(anonymous_33)
FNDA:0,(anonymous_34)
FNDA:0,(anonymous_35)
FNDA:0,(anonymous_36)
DA:82,0
DA:127,0
DA:132,0
DA:133,0
DA:134,0
DA:137,0
DA:138,0
DA:139,0
DA:140,0
DA:149,0
DA:152,0
DA:160,0
DA:161,0
DA:162,0
DA:164,0
DA:165,0
DA:166,0
DA:167,0
DA:168,0
DA:169,0
DA:171,0
DA:174,0
DA:175,0
DA:176,0
DA:177,0
DA:178,0
DA:179,0
DA:180,0
DA:186,0
DA:187,0
DA:188,0
DA:189,0
DA:190,0
DA:191,0
DA:193,0
DA:195,0
DA:209,0
DA:210,0
DA:211,0
DA:255,0
DA:256,0
DA:263,0
DA:267,0
DA:279,0
DA:295,0
DA:303,0
DA:304,0
DA:339,0
DA:340,0
DA:348,0
DA:406,0
DA:407,0
DA:408,0
DA:410,0
DA:419,0
DA:442,0
DA:462,0
DA:533,0
DA:551,0
DA:568,0
DA:581,0
DA:592,0
DA:604,0
DA:631,0
DA:632,0
DA:639,0
DA:646,0
DA:722,0
LF:68
LH:0
BRDA:167,0,0,0
BRDA:167,0,1,0
BRDA:176,1,0,0
BRDA:176,1,1,0
BRDA:179,2,0,0
BRDA:179,2,1,0
BRDA:215,3,0,0
BRDA:215,3,1,0
BRDA:223,4,0,0
BRDA:223,4,1,0
BRDA:231,5,0,0
BRDA:231,5,1,0
BRDA:239,6,0,0
BRDA:239,6,1,0
BRDA:247,7,0,0
BRDA:247,7,1,0
BRDA:303,8,0,0
BRDA:303,8,1,0
BRDA:310,9,0,0
BRDA:310,9,1,0
BRDA:312,10,0,0
BRDA:312,10,1,0
BRDA:312,11,0,0
BRDA:312,11,1,0
BRDA:321,12,0,0
BRDA:321,12,1,0
BRDA:330,13,0,0
BRDA:330,13,1,0
BRDA:330,14,0,0
BRDA:330,14,1,0
BRDA:346,15,0,0
BRDA:346,15,1,0
BRDA:347,16,0,0
BRDA:347,16,1,0
BRDA:432,17,0,0
BRDA:432,17,1,0
BRDA:448,18,0,0
BRDA:448,18,1,0
BRDA:458,19,0,0
BRDA:458,19,1,0
BRDA:463,20,0,0
BRDA:463,20,1,0
BRDA:478,21,0,0
BRDA:478,21,1,0
BRDA:486,22,0,0
BRDA:486,22,1,0
BRDA:506,23,0,0
BRDA:506,23,1,0
BRDA:508,24,0,0
BRDA:508,24,1,0
BRDA:517,25,0,0
BRDA:517,25,1,0
BRDA:519,26,0,0
BRDA:519,26,1,0
BRDA:520,27,0,0
BRDA:520,27,1,0
BRDA:539,28,0,0
BRDA:539,28,1,0
BRDA:575,29,0,0
BRDA:575,29,1,0
BRDA:586,30,0,0
BRDA:586,30,1,0
BRDA:617,31,0,0
BRDA:617,31,1,0
BRDA:617,31,2,0
BRDA:631,32,0,0
BRDA:631,32,1,0
BRDA:645,33,0,0
BRDA:645,33,1,0
BRF:69
BRH:0
end_of_record
TN:
SF:src\domains\admin\components\userManagementTable\components\UserFiltersBar.jsx
FN:6,UserFiltersBar
FN:29,(anonymous_1)
FN:30,(anonymous_2)
FN:41,(anonymous_3)
FN:55,(anonymous_4)
FN:59,(anonymous_5)
FNF:6
FNH:0
FNDA:0,UserFiltersBar
FNDA:0,(anonymous_1)
FNDA:0,(anonymous_2)
FNDA:0,(anonymous_3)
FNDA:0,(anonymous_4)
FNDA:0,(anonymous_5)
DA:6,0
DA:23,0
DA:29,0
DA:31,0
DA:41,0
DA:55,0
DA:59,0
LF:7
LH:0
BRDA:59,0,0,0
BRDA:59,0,1,0
BRDA:62,1,0,0
BRDA:62,1,1,0
BRDA:62,2,0,0
BRDA:62,2,1,0
BRDA:62,3,0,0
BRDA:62,3,1,0
BRDA:66,4,0,0
BRDA:66,4,1,0
BRDA:70,5,0,0
BRDA:70,5,1,0
BRDA:70,6,0,0
BRDA:70,6,1,0
BRF:14
BRH:0
end_of_record
TN:
SF:src\domains\admin\components\userManagementTable\components\UserStatsHeader.jsx
FN:6,UserStatsHeader
FNF:1
FNH:0
FNDA:0,UserStatsHeader
DA:6,0
DA:7,0
LF:2
LH:0
BRDA:10,0,0,0
BRDA:10,0,1,0
BRDA:13,1,0,0
BRDA:13,1,1,0
BRDA:16,2,0,0
BRDA:16,2,1,0
BRDA:19,3,0,0
BRDA:19,3,1,0
BRDA:22,4,0,0
BRDA:22,4,1,0
BRF:10
BRH:0
end_of_record
TN:
SF:src\domains\admin\components\userManagementTable\components\UsersTable.jsx
FN:7,UsersTable
FN:34,(anonymous_1)
FN:71,(anonymous_2)
FN:78,(anonymous_3)
FN:89,(anonymous_4)
FN:96,(anonymous_5)
FN:119,(anonymous_6)
FN:121,(anonymous_7)
FN:123,(anonymous_8)
FN:126,(anonymous_9)
FN:128,(anonymous_10)
FN:130,(anonymous_11)
FNF:12
FNH:0
FNDA:0,UsersTable
FNDA:0,(anonymous_1)
FNDA:0,(anonymous_2)
FNDA:0,(anonymous_3)
FNDA:0,(anonymous_4)
FNDA:0,(anonymous_5)
FNDA:0,(anonymous_6)
FNDA:0,(anonymous_7)
FNDA:0,(anonymous_8)
FNDA:0,(anonymous_9)
FNDA:0,(anonymous_10)
FNDA:0,(anonymous_11)
DA:7,0
DA:25,0
DA:34,0
DA:72,0
DA:73,0
DA:74,0
DA:75,0
DA:78,0
DA:89,0
DA:96,0
DA:119,0
DA:121,0
DA:123,0
DA:126,0
DA:128,0
DA:130,0
LF:16
LH:0
BRDA:32,0,0,0
BRDA:32,0,1,0
BRDA:33,1,0,0
BRDA:33,1,1,0
BRDA:85,2,0,0
BRDA:85,2,1,0
BRDA:92,3,0,0
BRDA:92,3,1,0
BRDA:94,4,0,0
BRDA:94,4,1,0
BRDA:97,5,0,0
BRDA:97,5,1,0
BRDA:104,6,0,0
BRDA:104,6,1,0
BRDA:106,7,0,0
BRDA:106,7,1,0
BRDA:112,8,0,0
BRDA:112,8,1,0
BRDA:112,9,0,0
BRDA:112,9,1,0
BRDA:115,10,0,0
BRDA:115,10,1,0
BRDA:115,11,0,0
BRDA:115,11,1,0
BRDA:115,12,0,0
BRDA:115,12,1,0
BRDA:120,13,0,0
BRDA:120,13,1,0
BRDA:125,14,0,0
BRDA:125,14,1,0
BRDA:127,15,0,0
BRDA:127,15,1,0
BRDA:138,16,0,0
BRDA:138,16,1,0
BRDA:138,16,2,0
BRF:35
BRH:0
end_of_record
TN:
SF:src\domains\admin\components\userManagementTable\hooks\useAdminUsersData.js
FN:5,useAdminUsersData
FN:12,(anonymous_1)
FN:33,(anonymous_2)
FNF:3
FNH:0
FNDA:0,useAdminUsersData
FNDA:0,(anonymous_1)
FNDA:0,(anonymous_2)
DA:6,0
DA:7,0
DA:8,0
DA:9,0
DA:10,0
DA:12,0
DA:13,0
DA:14,0
DA:15,0
DA:16,0
DA:20,0
DA:21,0
DA:22,0
DA:23,0
DA:24,0
DA:26,0
DA:27,0
DA:29,0
DA:33,0
DA:35,0
LF:20
LH:0
BRDA:20,0,0,0
BRDA:20,0,1,0
BRDA:21,1,0,0
BRDA:21,1,1,0
BRDA:23,2,0,0
BRDA:23,2,1,0
BRDA:24,3,0,0
BRDA:24,3,1,0
BRDA:24,4,0,0
BRDA:24,4,1,0
BRF:10
BRH:0
end_of_record
TN:
SF:src\domains\admin\components\userManagementTable\hooks\useUserActions.js
FN:4,useUserActions
FN:5,(anonymous_1)
FN:23,(anonymous_2)
FN:25,(anonymous_3)
FN:30,(anonymous_4)
FN:32,(anonymous_5)
FN:37,(anonymous_6)
FN:38,(anonymous_7)
FN:43,(anonymous_8)
FN:44,(anonymous_9)
FNF:10
FNH:0
FNDA:0,useUserActions
FNDA:0,(anonymous_1)
FNDA:0,(anonymous_2)
FNDA:0,(anonymous_3)
FNDA:0,(anonymous_4)
FNDA:0,(anonymous_5)
FNDA:0,(anonymous_6)
FNDA:0,(anonymous_7)
FNDA:0,(anonymous_8)
FNDA:0,(anonymous_9)
DA:5,0
DA:6,0
DA:7,0
DA:8,0
DA:9,0
DA:10,0
DA:12,0
DA:13,0
DA:14,0
DA:15,0
DA:17,0
DA:18,0
DA:19,0
DA:23,0
DA:24,0
DA:25,0
DA:26,0
DA:27,0
DA:30,0
DA:31,0
DA:32,0
DA:33,0
DA:34,0
DA:37,0
DA:38,0
DA:39,0
DA:40,0
DA:43,0
DA:44,0
DA:45,0
DA:46,0
DA:49,0
LF:32
LH:0
BRDA:8,0,0,0
BRDA:8,0,1,0
BRDA:13,1,0,0
BRDA:13,1,1,0
BRDA:14,2,0,0
BRDA:14,2,1,0
BRDA:24,3,0,0
BRDA:24,3,1,0
BRDA:26,4,0,0
BRDA:26,4,1,0
BRDA:31,5,0,0
BRDA:31,5,1,0
BRDA:33,6,0,0
BRDA:33,6,1,0
BRDA:39,7,0,0
BRDA:39,7,1,0
BRDA:45,8,0,0
BRDA:45,8,1,0
BRF:18
BRH:0
end_of_record
TN:
SF:src\domains\admin\components\userManagementTable\hooks\useUserFilters.js
FN:5,useUserFilters
FN:11,(anonymous_1)
FN:12,(anonymous_2)
FN:13,(anonymous_3)
FN:17,(anonymous_4)
FN:18,(anonymous_5)
FN:21,(anonymous_6)
FN:23,(anonymous_7)
FN:26,(anonymous_8)
FN:28,(anonymous_9)
FNF:10
FNH:0
FNDA:0,useUserFilters
FNDA:0,(anonymous_1)
FNDA:0,(anonymous_2)
FNDA:0,(anonymous_3)
FNDA:0,(anonymous_4)
FNDA:0,(anonymous_5)
FNDA:0,(anonymous_6)
FNDA:0,(anonymous_7)
FNDA:0,(anonymous_8)
FNDA:0,(anonymous_9)
DA:6,0
DA:7,0
DA:8,0
DA:11,0
DA:12,0
DA:13,0
DA:17,0
DA:18,0
DA:21,0
DA:22,0
DA:23,0
DA:26,0
DA:27,0
DA:28,0
DA:29,0
DA:30,0
DA:31,0
DA:32,0
DA:33,0
DA:34,0
DA:36,0
DA:37,0
DA:38,0
DA:39,0
DA:40,0
DA:46,0
DA:50,0
LF:27
LH:0
BRDA:22,0,0,0
BRDA:22,0,1,0
BRDA:27,1,0,0
BRDA:27,1,1,0
BRDA:29,2,0,0
BRDA:29,2,1,0
BRDA:31,3,0,0
BRDA:31,3,1,0
BRDA:31,4,0,0
BRDA:31,4,1,0
BRDA:32,5,0,0
BRDA:32,5,1,0
BRDA:32,6,0,0
BRDA:32,6,1,0
BRDA:33,7,0,0
BRDA:33,7,1,0
BRDA:33,8,0,0
BRDA:33,8,1,0
BRDA:34,9,0,0
BRDA:34,9,1,0
BRDA:34,10,0,0
BRDA:34,10,1,0
BRDA:36,11,0,0
BRDA:36,11,1,0
BRDA:36,12,0,0
BRDA:36,12,1,0
BRDA:37,13,0,0
BRDA:37,13,1,0
BRDA:37,14,0,0
BRDA:37,14,1,0
BRDA:38,15,0,0
BRDA:38,15,1,0
BRDA:41,16,0,0
BRDA:41,16,1,0
BRDA:41,16,2,0
BRF:35
BRH:0
end_of_record
TN:
SF:src\domains\admin\components\userManagementTable\hooks\useUserModals.js
FN:3,useUserModals
FN:10,(anonymous_1)
FN:11,(anonymous_2)
FN:13,(anonymous_3)
FN:14,(anonymous_4)
FN:16,(anonymous_5)
FN:17,(anonymous_6)
FN:19,(anonymous_7)
FN:20,(anonymous_8)
FN:22,(anonymous_9)
FN:23,(anonymous_10)
FNF:11
FNH:0
FNDA:0,useUserModals
FNDA:0,(anonymous_1)
FNDA:0,(anonymous_2)
FNDA:0,(anonymous_3)
FNDA:0,(anonymous_4)
FNDA:0,(anonymous_5)
FNDA:0,(anonymous_6)
FNDA:0,(anonymous_7)
FNDA:0,(anonymous_8)
FNDA:0,(anonymous_9)
FNDA:0,(anonymous_10)
DA:4,0
DA:5,0
DA:6,0
DA:7,0
DA:8,0
DA:10,0
DA:11,0
DA:13,0
DA:14,0
DA:16,0
DA:17,0
DA:19,0
DA:20,0
DA:22,0
DA:23,0
DA:25,0
LF:16
LH:0
BRF:0
BRH:0
end_of_record
TN:
SF:src\domains\admin\components\userManagementTable\hooks\useUserSelection.js
FN:3,useUserSelection
FN:6,(anonymous_1)
FN:7,(anonymous_2)
FN:14,(anonymous_3)
FN:15,(anonymous_4)
FN:18,(anonymous_5)
FNF:6
FNH:0
FNDA:0,useUserSelection
FNDA:0,(anonymous_1)
FNDA:0,(anonymous_2)
FNDA:0,(anonymous_3)
FNDA:0,(anonymous_4)
FNDA:0,(anonymous_5)
DA:4,0
DA:6,0
DA:7,0
DA:8,0
DA:9,0
DA:10,0
DA:14,0
DA:15,0
DA:18,0
DA:20,0
LF:10
LH:0
BRDA:9,0,0,0
BRDA:9,0,1,0
BRDA:15,1,0,0
BRDA:15,1,1,0
BRF:4
BRH:0
end_of_record
TN:
SF:src\domains\admin\hooks\index.js
FNF:0
FNH:0
LF:0
LH:0
BRF:0
BRH:0
end_of_record
TN:
SF:src\domains\admin\hooks\useAdminLogin.js
FN:13,(anonymous_0)
FN:41,(anonymous_1)
FN:42,(anonymous_2)
FN:59,(anonymous_3)
FN:85,(anonymous_4)
FN:113,(anonymous_5)
FN:124,(anonymous_6)
FN:145,(anonymous_7)
FN:147,(anonymous_8)
FN:167,(anonymous_9)
FN:170,(anonymous_10)
FN:176,(anonymous_11)
FN:183,(anonymous_12)
FN:198,(anonymous_13)
FN:209,(anonymous_14)
FN:221,(anonymous_15)
FN:228,(anonymous_16)
FN:245,(anonymous_17)
FN:278,(anonymous_18)
FN:292,(anonymous_19)
FN:294,(anonymous_20)
FNF:21
FNH:0
FNDA:0,(anonymous_0)
FNDA:0,(anonymous_1)
FNDA:0,(anonymous_2)
FNDA:0,(anonymous_3)
FNDA:0,(anonymous_4)
FNDA:0,(anonymous_5)
FNDA:0,(anonymous_6)
FNDA:0,(anonymous_7)
FNDA:0,(anonymous_8)
FNDA:0,(anonymous_9)
FNDA:0,(anonymous_10)
FNDA:0,(anonymous_11)
FNDA:0,(anonymous_12)
FNDA:0,(anonymous_13)
FNDA:0,(anonymous_14)
FNDA:0,(anonymous_15)
FNDA:0,(anonymous_16)
FNDA:0,(anonymous_17)
FNDA:0,(anonymous_18)
FNDA:0,(anonymous_19)
FNDA:0,(anonymous_20)
DA:13,0
DA:18,0
DA:41,0
DA:42,0
DA:59,0
DA:60,0
DA:62,0
DA:63,0
DA:64,0
DA:65,0
DA:68,0
DA:69,0
DA:70,0
DA:73,0
DA:74,0
DA:75,0
DA:78,0
DA:85,0
DA:86,0
DA:87,0
DA:89,0
DA:91,0
DA:92,0
DA:94,0
DA:95,0
DA:96,0
DA:99,0
DA:100,0
DA:101,0
DA:103,0
DA:105,0
DA:107,0
DA:108,0
DA:109,0
DA:113,0
DA:118,0
DA:124,0
DA:125,0
DA:145,0
DA:146,0
DA:147,0
DA:167,0
DA:168,0
DA:169,0
DA:170,0
DA:176,0
DA:177,0
DA:178,0
DA:179,0
DA:180,0
DA:183,0
DA:185,0
DA:186,0
DA:192,0
DA:198,0
DA:199,0
DA:200,0
DA:202,0
DA:203,0
DA:209,0
DA:210,0
DA:211,0
DA:221,0
DA:222,0
DA:229,0
DA:233,0
DA:235,0
DA:245,0
DA:246,0
DA:247,0
DA:254,0
DA:279,0
DA:280,0
DA:284,0
DA:285,0
DA:289,0
DA:292,0
DA:294,0
LF:78
LH:0
BRDA:60,0,0,0
BRDA:60,0,1,0
BRDA:60,0,2,0
BRDA:60,0,3,0
BRDA:62,1,0,0
BRDA:62,1,1,0
BRDA:63,2,0,0
BRDA:63,2,1,0
BRDA:64,3,0,0
BRDA:64,3,1,0
BRDA:68,4,0,0
BRDA:68,4,1,0
BRDA:69,5,0,0
BRDA:69,5,1,0
BRDA:73,6,0,0
BRDA:73,6,1,0
BRDA:74,7,0,0
BRDA:74,7,1,0
BRDA:85,8,0,0
BRDA:89,9,0,0
BRDA:89,9,1,0
BRDA:94,10,0,0
BRDA:94,10,1,0
BRDA:99,11,0,0
BRDA:99,11,1,0
BRDA:103,12,0,0
BRDA:103,12,1,0
BRDA:107,13,0,0
BRDA:107,13,1,0
BRDA:178,14,0,0
BRDA:178,14,1,0
BRDA:185,15,0,0
BRDA:185,15,1,0
BRDA:200,16,0,0
BRDA:200,16,1,0
BRDA:278,17,0,0
BRDA:279,18,0,0
BRDA:279,18,1,0
BRDA:280,19,0,0
BRDA:280,19,1,0
BRDA:280,19,2,0
BRDA:280,19,3,0
BRDA:284,20,0,0
BRDA:284,20,1,0
BRDA:285,21,0,0
BRDA:285,21,1,0
BRDA:285,21,2,0
BRF:47
BRH:0
end_of_record
TN:
SF:src\domains\auth\components\AccountRecovery.jsx
FN:8,(anonymous_0)
FN:10,AccountRecovery
FN:24,(anonymous_2)
FN:26,(anonymous_3)
FN:31,(anonymous_4)
FN:32,(anonymous_5)
FN:34,(anonymous_6)
FNF:7
FNH:0
FNDA:0,(anonymous_0)
FNDA:0,AccountRecovery
FNDA:0,(anonymous_2)
FNDA:0,(anonymous_3)
FNDA:0,(anonymous_4)
FNDA:0,(anonymous_5)
FNDA:0,(anonymous_6)
DA:8,0
DA:10,0
DA:11,0
DA:22,0
DA:24,0
DA:26,0
DA:27,0
DA:28,0
DA:31,0
DA:32,0
DA:33,0
DA:34,0
DA:37,0
LF:13
LH:0
BRDA:76,0,0,0
BRDA:76,0,1,0
BRDA:78,1,0,0
BRDA:78,1,1,0
BRDA:83,2,0,0
BRDA:83,2,1,0
BRDA:101,3,0,0
BRDA:101,3,1,0
BRDA:103,4,0,0
BRDA:103,4,1,0
BRDA:108,5,0,0
BRDA:108,5,1,0
BRF:12
BRH:0
end_of_record
TN:
SF:src\domains\auth\components\AuthCallback.jsx
FN:7,AuthCallback
FN:10,(anonymous_1)
FN:15,(anonymous_2)
FNF:3
FNH:0
FNDA:0,AuthCallback
FNDA:0,(anonymous_1)
FNDA:0,(anonymous_2)
DA:8,0
DA:10,0
DA:11,0
DA:12,0
DA:13,0
DA:15,0
DA:16,0
DA:18,0
DA:21,0
DA:22,0
DA:26,0
DA:28,0
DA:31,0
LF:13
LH:0
BRDA:16,0,0,0
BRDA:16,0,1,0
BRDA:16,1,0,0
BRDA:16,1,1,0
BRDA:21,2,0,0
BRDA:21,2,1,0
BRF:6
BRH:0
end_of_record
TN:
SF:src\domains\auth\components\Login.jsx
FN:43,(anonymous_0)
FN:65,(anonymous_1)
FN:86,(anonymous_2)
FN:102,(anonymous_3)
FN:114,(anonymous_4)
FN:145,(anonymous_5)
FN:155,(anonymous_6)
FN:168,(anonymous_7)
FN:180,Login
FN:185,(anonymous_9)
FN:191,(anonymous_10)
FN:192,(anonymous_11)
FN:200,(anonymous_12)
FN:211,(anonymous_13)
FN:215,(anonymous_14)
FN:221,(anonymous_15)
FN:227,(anonymous_16)
FN:271,(anonymous_17)
FNF:18
FNH:0
FNDA:0,(anonymous_0)
FNDA:0,(anonymous_1)
FNDA:0,(anonymous_2)
FNDA:0,(anonymous_3)
FNDA:0,(anonymous_4)
FNDA:0,(anonymous_5)
FNDA:0,(anonymous_6)
FNDA:0,(anonymous_7)
FNDA:0,Login
FNDA:0,(anonymous_9)
FNDA:0,(anonymous_10)
FNDA:0,(anonymous_11)
FNDA:0,(anonymous_12)
FNDA:0,(anonymous_13)
FNDA:0,(anonymous_14)
FNDA:0,(anonymous_15)
FNDA:0,(anonymous_16)
FNDA:0,(anonymous_17)
DA:25,0
DA:30,0
DA:43,0
DA:44,0
DA:65,0
DA:66,0
DA:87,0
DA:103,0
DA:114,0
DA:145,0
DA:146,0
DA:156,0
DA:157,0
DA:169,0
DA:170,0
DA:182,0
DA:183,0
DA:185,0
DA:186,0
DA:187,0
DA:191,0
DA:192,0
DA:193,0
DA:194,0
DA:198,0
DA:200,0
DA:201,0
DA:211,0
DA:212,0
DA:215,0
DA:217,0
DA:218,0
DA:221,0
DA:223,0
DA:227,0
DA:228,0
DA:231,0
DA:271,0
LF:38
LH:0
BRDA:96,0,0,0
BRDA:96,0,1,0
BRDA:119,1,0,0
BRDA:119,1,1,0
BRDA:186,2,0,0
BRDA:186,2,1,0
BRDA:193,3,0,0
BRDA:193,3,1,0
BRDA:235,4,0,0
BRDA:235,4,1,0
BRDA:250,5,0,0
BRDA:250,5,1,0
BRDA:320,6,0,0
BRDA:320,6,1,0
BRF:14
BRH:0
end_of_record
TN:
SF:src\domains\auth\components\OnboardingForm.jsx
FN:20,(anonymous_0)
FN:32,(anonymous_1)
FN:49,(anonymous_2)
FN:68,(anonymous_3)
FN:119,(anonymous_4)
FN:140,(anonymous_5)
FN:146,(anonymous_6)
FN:164,(anonymous_7)
FNF:8
FNH:0
FNDA:0,(anonymous_0)
FNDA:0,(anonymous_1)
FNDA:0,(anonymous_2)
FNDA:0,(anonymous_3)
FNDA:0,(anonymous_4)
FNDA:0,(anonymous_5)
FNDA:0,(anonymous_6)
FNDA:0,(anonymous_7)
DA:20,0
DA:21,0
DA:32,0
DA:49,0
DA:68,0
DA:76,0
DA:78,0
DA:80,0
DA:81,0
DA:83,0
DA:120,0
DA:140,0
DA:147,0
DA:164,0
LF:14
LH:0
BRDA:39,0,0,0
BRDA:39,0,1,0
BRDA:40,1,0,0
BRDA:40,1,1,0
BRDA:42,2,0,0
BRDA:42,2,1,0
BRDA:56,3,0,0
BRDA:56,3,1,0
BRDA:57,4,0,0
BRDA:57,4,1,0
BRDA:59,5,0,0
BRDA:59,5,1,0
BRDA:78,6,0,0
BRDA:78,6,1,0
BRDA:81,7,0,0
BRDA:81,7,1,0
BRDA:113,8,0,0
BRDA:113,8,1,0
BRDA:117,9,0,0
BRDA:117,9,1,0
BRDA:121,10,0,0
BRDA:121,10,1,0
BRDA:157,11,0,0
BRDA:157,11,1,0
BRDA:163,12,0,0
BRDA:163,12,1,0
BRDA:174,13,0,0
BRDA:174,13,1,0
BRDA:177,14,0,0
BRDA:177,14,1,0
BRF:30
BRH:0
end_of_record
TN:
SF:src\domains\auth\components\PrivateRoute.jsx
FN:16,(anonymous_0)
FNF:1
FNH:0
FNDA:0,(anonymous_0)
DA:16,0
DA:23,0
DA:25,0
DA:26,0
DA:50,0
DA:51,0
DA:54,0
DA:55,0
DA:56,0
DA:58,0
DA:61,0
LF:11
LH:0
BRDA:21,0,0,0
BRDA:25,1,0,0
BRDA:25,1,1,0
BRDA:50,2,0,0
BRDA:50,2,1,0
BRDA:54,3,0,0
BRDA:54,3,1,0
BRDA:55,4,0,0
BRDA:55,4,1,0
BRF:9
BRH:0
end_of_record
TN:
SF:src\domains\auth\components\Register.jsx
FN:13,(anonymous_0)
FN:14,(anonymous_1)
FN:17,Register
FN:61,(anonymous_3)
FN:62,(anonymous_4)
FN:69,(anonymous_5)
FN:74,(anonymous_6)
FN:75,(anonymous_7)
FN:78,(anonymous_8)
FN:104,(anonymous_9)
FN:109,(anonymous_10)
FN:110,(anonymous_11)
FN:113,(anonymous_12)
FN:116,(anonymous_13)
FN:120,(anonymous_14)
FN:123,(anonymous_15)
FN:125,(anonymous_16)
FN:128,(anonymous_17)
FN:133,(anonymous_18)
FN:135,(anonymous_19)
FN:138,(anonymous_20)
FN:139,(anonymous_21)
FN:143,(anonymous_22)
FN:159,(anonymous_23)
FN:165,(anonymous_24)
FN:177,(anonymous_25)
FN:179,(anonymous_26)
FN:182,(anonymous_27)
FN:193,(anonymous_28)
FN:193,(anonymous_29)
FN:194,(anonymous_30)
FN:195,(anonymous_31)
FN:230,(anonymous_32)
FNF:33
FNH:0
FNDA:0,(anonymous_0)
FNDA:0,(anonymous_1)
FNDA:0,Register
FNDA:0,(anonymous_3)
FNDA:0,(anonymous_4)
FNDA:0,(anonymous_5)
FNDA:0,(anonymous_6)
FNDA:0,(anonymous_7)
FNDA:0,(anonymous_8)
FNDA:0,(anonymous_9)
FNDA:0,(anonymous_10)
FNDA:0,(anonymous_11)
FNDA:0,(anonymous_12)
FNDA:0,(anonymous_13)
FNDA:0,(anonymous_14)
FNDA:0,(anonymous_15)
FNDA:0,(anonymous_16)
FNDA:0,(anonymous_17)
FNDA:0,(anonymous_18)
FNDA:0,(anonymous_19)
FNDA:0,(anonymous_20)
FNDA:0,(anonymous_21)
FNDA:0,(anonymous_22)
FNDA:0,(anonymous_23)
FNDA:0,(anonymous_24)
FNDA:0,(anonymous_25)
FNDA:0,(anonymous_26)
FNDA:0,(anonymous_27)
FNDA:0,(anonymous_28)
FNDA:0,(anonymous_29)
FNDA:0,(anonymous_30)
FNDA:0,(anonymous_31)
FNDA:0,(anonymous_32)
DA:13,0
DA:14,0
DA:18,0
DA:19,0
DA:20,0
DA:22,0
DA:36,0
DA:37,0
DA:38,0
DA:39,0
DA:41,0
DA:42,0
DA:43,0
DA:45,0
DA:46,0
DA:49,0
DA:59,0
DA:61,0
DA:62,0
DA:63,0
DA:64,0
DA:68,0
DA:69,0
DA:70,0
DA:74,0
DA:75,0
DA:78,0
DA:79,0
DA:80,0
DA:93,0
DA:94,0
DA:95,0
DA:96,0
DA:98,0
DA:99,0
DA:100,0
DA:101,0
DA:104,0
DA:106,0
DA:108,0
DA:109,0
DA:110,0
DA:113,0
DA:116,0
DA:117,0
DA:120,0
DA:121,0
DA:122,0
DA:123,0
DA:124,0
DA:125,0
DA:128,0
DA:133,0
DA:134,0
DA:135,0
DA:136,0
DA:137,0
DA:138,0
DA:139,0
DA:143,0
DA:144,0
DA:145,0
DA:157,0
DA:159,0
DA:160,0
DA:165,0
DA:166,0
DA:172,0
DA:174,0
DA:177,0
DA:178,0
DA:179,0
DA:182,0
DA:183,0
DA:185,0
DA:193,0
DA:195,0
DA:222,0
DA:230,0
DA:236,0
DA:240,0
LF:81
LH:0
BRDA:63,0,0,0
BRDA:63,0,1,0
BRDA:106,1,0,0
BRDA:106,1,1,0
BRDA:117,2,0,0
BRDA:117,2,1,0
BRDA:121,3,0,0
BRDA:121,3,1,0
BRDA:157,4,0,0
BRDA:157,4,1,0
BRDA:166,5,0,0
BRDA:166,5,1,0
BRDA:168,6,0,0
BRDA:168,6,1,0
BRDA:168,6,2,0
BRDA:183,7,0,0
BRDA:183,7,1,0
BRDA:183,7,2,0
BRF:18
BRH:0
end_of_record
TN:
SF:src\domains\auth\components\ResetPassword.jsx
FN:16,ResetPassword
FN:33,(anonymous_1)
FN:37,(anonymous_2)
FN:94,(anonymous_3)
FN:100,(anonymous_4)
FN:100,(anonymous_5)
FN:119,(anonymous_6)
FN:130,(anonymous_7)
FN:130,(anonymous_8)
FNF:9
FNH:0
FNDA:0,ResetPassword
FNDA:0,(anonymous_1)
FNDA:0,(anonymous_2)
FNDA:0,(anonymous_3)
FNDA:0,(anonymous_4)
FNDA:0,(anonymous_5)
FNDA:0,(anonymous_6)
FNDA:0,(anonymous_7)
FNDA:0,(anonymous_8)
DA:17,0
DA:18,0
DA:19,0
DA:20,0
DA:22,0
DA:23,0
DA:24,0
DA:27,0
DA:33,0
DA:34,0
DA:35,0
DA:37,0
DA:38,0
DA:39,0
DA:41,0
DA:42,0
DA:46,0
DA:47,0
DA:50,0
DA:51,0
DA:54,0
DA:55,0
DA:57,0
DA:60,0
DA:63,0
DA:64,0
DA:65,0
DA:66,0
DA:68,0
DA:70,0
DA:74,0
DA:94,0
DA:100,0
DA:119,0
DA:130,0
LF:35
LH:0
BRDA:34,0,0,0
BRDA:34,0,1,0
BRDA:35,1,0,0
BRDA:35,1,1,0
BRDA:35,1,2,0
BRDA:41,2,0,0
BRDA:41,2,1,0
BRDA:46,3,0,0
BRDA:46,3,1,0
BRDA:55,4,0,0
BRDA:55,4,1,0
BRDA:68,5,0,0
BRDA:68,5,1,0
BRDA:89,6,0,0
BRDA:89,6,1,0
BRDA:105,7,0,0
BRDA:105,7,1,0
BRDA:114,8,0,0
BRDA:114,8,1,0
BRDA:120,9,0,0
BRDA:120,9,1,0
BRDA:122,10,0,0
BRDA:122,10,1,0
BRDA:122,11,0,0
BRDA:122,11,1,0
BRDA:135,12,0,0
BRDA:135,12,1,0
BRDA:145,13,0,0
BRDA:145,13,1,0
BRDA:150,14,0,0
BRDA:150,14,1,0
BRF:31
BRH:0
end_of_record
TN:
SF:src\domains\auth\components\Timer.jsx
FN:5,(anonymous_0)
FNF:1
FNH:0
FNDA:0,(anonymous_0)
DA:5,0
DA:6,0
DA:8,0
LF:3
LH:0
BRDA:5,0,0,0
BRDA:13,1,0,0
BRDA:13,1,1,0
BRDA:14,2,0,0
BRDA:14,2,1,0
BRDA:15,3,0,0
BRDA:15,3,1,0
BRDA:16,4,0,0
BRDA:16,4,1,0
BRDA:17,5,0,0
BRDA:17,5,1,0
BRDA:19,6,0,0
BRDA:19,6,1,0
BRDA:20,7,0,0
BRDA:20,7,1,0
BRDA:21,8,0,0
BRDA:21,8,1,0
BRDA:22,9,0,0
BRDA:22,9,1,0
BRDA:28,10,0,0
BRDA:28,10,1,0
BRDA:29,11,0,0
BRDA:29,11,1,0
BRDA:33,12,0,0
BRDA:33,12,1,0
BRDA:39,13,0,0
BRDA:39,13,1,0
BRDA:40,14,0,0
BRDA:40,14,1,0
BRDA:50,15,0,0
BRDA:50,15,1,0
BRF:31
BRH:0
end_of_record
TN:
SF:src\domains\auth\components\VerificationCodeInput.jsx
FN:5,(anonymous_0)
FN:14,(anonymous_1)
FN:27,(anonymous_2)
FN:64,(anonymous_3)
FN:73,(anonymous_4)
FN:83,(anonymous_5)
FN:88,(anonymous_6)
FN:89,(anonymous_7)
FNF:8
FNH:0
FNDA:0,(anonymous_0)
FNDA:0,(anonymous_1)
FNDA:0,(anonymous_2)
FNDA:0,(anonymous_3)
FNDA:0,(anonymous_4)
FNDA:0,(anonymous_5)
FNDA:0,(anonymous_6)
FNDA:0,(anonymous_7)
DA:5,0
DA:11,0
DA:12,0
DA:14,0
DA:15,0
DA:17,0
DA:18,0
DA:19,0
DA:21,0
DA:22,0
DA:23,0
DA:27,0
DA:28,0
DA:29,0
DA:30,0
DA:31,0
DA:32,0
DA:33,0
DA:34,0
DA:35,0
DA:36,0
DA:39,0
DA:40,0
DA:41,0
DA:42,0
DA:43,0
DA:44,0
DA:45,0
DA:46,0
DA:47,0
DA:48,0
DA:49,0
DA:50,0
DA:51,0
DA:53,0
DA:54,0
DA:55,0
DA:56,0
DA:57,0
DA:58,0
DA:59,0
DA:60,0
DA:64,0
DA:65,0
DA:66,0
DA:67,0
DA:68,0
DA:69,0
DA:71,0
DA:72,0
DA:73,0
DA:74,0
DA:75,0
DA:77,0
DA:81,0
DA:84,0
DA:88,0
DA:89,0
LF:58
LH:0
BRDA:8,0,0,0
BRDA:9,1,0,0
BRDA:15,2,0,0
BRDA:15,2,1,0
BRDA:21,3,0,0
BRDA:21,3,1,0
BRDA:21,4,0,0
BRDA:21,4,1,0
BRDA:23,5,0,0
BRDA:23,5,1,0
BRDA:28,6,0,0
BRDA:28,6,1,0
BRDA:29,7,0,0
BRDA:29,7,1,0
BRDA:30,8,0,0
BRDA:30,8,1,0
BRDA:35,9,0,0
BRDA:35,9,1,0
BRDA:39,10,0,0
BRDA:39,10,1,0
BRDA:40,11,0,0
BRDA:40,11,1,0
BRDA:45,12,0,0
BRDA:45,12,1,0
BRDA:50,13,0,0
BRDA:50,13,1,0
BRDA:53,14,0,0
BRDA:53,14,1,0
BRDA:53,15,0,0
BRDA:53,15,1,0
BRDA:55,16,0,0
BRDA:55,16,1,0
BRDA:57,17,0,0
BRDA:57,17,1,0
BRDA:57,18,0,0
BRDA:57,18,1,0
BRDA:59,19,0,0
BRDA:59,19,1,0
BRDA:66,20,0,0
BRDA:66,20,1,0
BRDA:69,21,0,0
BRDA:69,21,1,0
BRDA:75,22,0,0
BRDA:75,22,1,0
BRDA:82,23,0,0
BRDA:82,23,1,0
BRDA:97,24,0,0
BRDA:97,24,1,0
BRDA:104,25,0,0
BRDA:104,25,1,0
BRDA:105,26,0,0
BRDA:105,26,1,0
BRDA:107,27,0,0
BRDA:107,27,1,0
BRDA:109,28,0,0
BRDA:109,28,1,0
BRDA:110,29,0,0
BRDA:110,29,1,0
BRDA:115,30,0,0
BRDA:115,30,1,0
BRDA:116,31,0,0
BRDA:116,31,1,0
BRDA:117,32,0,0
BRDA:117,32,1,0
BRF:64
BRH:0
end_of_record
TN:
SF:src\domains\auth\hooks\index.js
FNF:0
FNH:0
LF:0
LH:0
BRF:0
BRH:0
end_of_record
TN:
SF:src\domains\auth\hooks\useLoginForm.js
FN:20,(anonymous_0)
FN:95,(anonymous_1)
FN:100,(anonymous_2)
FN:119,(anonymous_3)
FN:224,(anonymous_4)
FN:244,(anonymous_5)
FN:258,(anonymous_6)
FNF:7
FNH:0
FNDA:0,(anonymous_0)
FNDA:0,(anonymous_1)
FNDA:0,(anonymous_2)
FNDA:0,(anonymous_3)
FNDA:0,(anonymous_4)
FNDA:0,(anonymous_5)
FNDA:0,(anonymous_6)
DA:7,0
DA:20,0
DA:21,0
DA:23,0
DA:32,0
DA:34,0
DA:36,0
DA:38,0
DA:40,0
DA:42,0
DA:44,0
DA:46,0
DA:48,0
DA:56,0
DA:62,0
DA:68,0
DA:79,0
DA:91,0
DA:95,0
DA:96,0
DA:97,0
DA:98,0
DA:100,0
DA:101,0
DA:103,0
DA:104,0
DA:105,0
DA:106,0
DA:109,0
DA:110,0
DA:113,0
DA:114,0
DA:116,0
DA:119,0
DA:120,0
DA:121,0
DA:123,0
DA:124,0
DA:129,0
DA:131,0
DA:132,0
DA:133,0
DA:135,0
DA:140,0
DA:141,0
DA:144,0
DA:148,0
DA:151,0
DA:152,0
DA:154,0
DA:155,0
DA:157,0
DA:162,0
DA:163,0
DA:179,0
DA:180,0
DA:181,0
DA:185,0
DA:188,0
DA:190,0
DA:193,0
DA:194,0
DA:195,0
DA:196,0
DA:198,0
DA:201,0
DA:206,0
DA:207,0
DA:209,0
DA:212,0
DA:214,0
DA:216,0
DA:217,0
DA:224,0
DA:225,0
DA:227,0
DA:228,0
DA:232,0
DA:235,0
DA:237,0
DA:242,0
DA:243,0
DA:244,0
DA:245,0
DA:246,0
DA:251,0
DA:258,0
DA:259,0
DA:262,0
LF:89
LH:0
BRDA:21,0,0,0
BRDA:21,0,1,0
BRDA:21,0,2,0
BRDA:21,0,3,0
BRDA:21,0,4,0
BRDA:21,0,5,0
BRDA:21,0,6,0
BRDA:21,0,7,0
BRDA:21,0,8,0
BRDA:21,0,9,0
BRDA:21,0,10,0
BRDA:21,0,11,0
BRDA:21,0,12,0
BRDA:21,0,13,0
BRDA:21,0,14,0
BRDA:103,1,0,0
BRDA:103,1,1,0
BRDA:105,2,0,0
BRDA:105,2,1,0
BRDA:109,3,0,0
BRDA:109,3,1,0
BRDA:116,4,0,0
BRDA:116,4,1,0
BRDA:121,5,0,0
BRDA:121,5,1,0
BRDA:131,6,0,0
BRDA:131,6,1,0
BRDA:132,7,0,0
BRDA:132,7,1,0
BRDA:151,8,0,0
BRDA:151,8,1,0
BRDA:162,9,0,0
BRDA:162,9,1,0
BRDA:162,10,0,0
BRDA:162,10,1,0
BRDA:169,11,0,0
BRDA:169,11,1,0
BRDA:169,11,2,0
BRDA:173,12,0,0
BRDA:173,12,1,0
BRDA:174,13,0,0
BRDA:174,13,1,0
BRDA:179,14,0,0
BRDA:179,14,1,0
BRDA:195,15,0,0
BRDA:195,15,1,0
BRDA:206,16,0,0
BRDA:206,16,1,0
BRDA:227,17,0,0
BRDA:227,17,1,0
BRDA:235,18,0,0
BRDA:235,18,1,0
BRDA:242,19,0,0
BRDA:242,19,1,0
BRDA:245,20,0,0
BRDA:245,20,1,0
BRF:56
BRH:0
end_of_record
TN:
SF:src\domains\auth\hooks\useOnboardingForm.js
FN:10,(anonymous_0)
FN:37,(anonymous_1)
FN:38,(anonymous_2)
FN:47,(anonymous_3)
FN:48,(anonymous_4)
FN:57,(anonymous_5)
FN:82,(anonymous_6)
FN:137,(anonymous_7)
FNF:8
FNH:0
FNDA:0,(anonymous_0)
FNDA:0,(anonymous_1)
FNDA:0,(anonymous_2)
FNDA:0,(anonymous_3)
FNDA:0,(anonymous_4)
FNDA:0,(anonymous_5)
FNDA:0,(anonymous_6)
FNDA:0,(anonymous_7)
DA:10,0
DA:11,0
DA:13,0
DA:32,0
DA:37,0
DA:38,0
DA:47,0
DA:48,0
DA:57,0
DA:58,0
DA:63,0
DA:65,0
DA:73,0
DA:76,0
DA:82,0
DA:83,0
DA:85,0
DA:86,0
DA:87,0
DA:90,0
DA:92,0
DA:93,0
DA:94,0
DA:95,0
DA:99,0
DA:123,0
DA:130,0
DA:131,0
DA:134,0
DA:137,0
DA:138,0
DA:141,0
DA:144,0
DA:145,0
DA:147,0
DA:151,0
LF:36
LH:0
BRDA:58,0,0,0
BRDA:58,0,1,0
BRDA:58,0,2,0
BRDA:59,1,0,0
BRDA:59,1,1,0
BRDA:63,2,0,0
BRDA:63,2,1,0
BRDA:63,3,0,0
BRDA:63,3,1,0
BRDA:65,4,0,0
BRDA:65,4,1,0
BRDA:65,4,2,0
BRDA:65,4,3,0
BRDA:65,4,4,0
BRDA:65,4,5,0
BRDA:65,4,6,0
BRDA:73,5,0,0
BRDA:73,5,1,0
BRDA:85,6,0,0
BRDA:85,6,1,0
BRDA:94,7,0,0
BRDA:94,7,1,0
BRDA:100,8,0,0
BRDA:100,8,1,0
BRDA:107,9,0,0
BRDA:107,9,1,0
BRDA:108,10,0,0
BRDA:108,10,1,0
BRDA:112,11,0,0
BRDA:112,11,1,0
BRDA:112,11,2,0
BRDA:130,12,0,0
BRDA:130,12,1,0
BRDA:145,13,0,0
BRDA:145,13,1,0
BRF:35
BRH:0
end_of_record
TN:
SF:src\domains\auth\hooks\useRecuperarForm.js
FN:14,(anonymous_0)
FN:41,(anonymous_1)
FN:42,(anonymous_2)
FN:46,(anonymous_3)
FN:49,(anonymous_4)
FN:51,(anonymous_5)
FN:54,(anonymous_6)
FN:58,(anonymous_7)
FN:88,(anonymous_8)
FN:127,(anonymous_9)
FN:146,(anonymous_10)
FN:162,(anonymous_11)
FN:169,(anonymous_12)
FN:175,(anonymous_13)
FNF:14
FNH:0
FNDA:0,(anonymous_0)
FNDA:0,(anonymous_1)
FNDA:0,(anonymous_2)
FNDA:0,(anonymous_3)
FNDA:0,(anonymous_4)
FNDA:0,(anonymous_5)
FNDA:0,(anonymous_6)
FNDA:0,(anonymous_7)
FNDA:0,(anonymous_8)
FNDA:0,(anonymous_9)
FNDA:0,(anonymous_10)
FNDA:0,(anonymous_11)
FNDA:0,(anonymous_12)
FNDA:0,(anonymous_13)
DA:14,0
DA:16,0
DA:19,0
DA:20,0
DA:21,0
DA:22,0
DA:25,0
DA:26,0
DA:27,0
DA:29,0
DA:30,0
DA:31,0
DA:32,0
DA:33,0
DA:35,0
DA:36,0
DA:37,0
[...]
DA:97,0
DA:103,0
DA:108,0
DA:109,0
DA:112,0
DA:113,0
DA:114,0
DA:121,0
DA:122,0
DA:123,0
DA:124,0
DA:126,0
DA:130,0
DA:136,0
DA:142,0
DA:144,0
DA:145,0
DA:146,0
DA:154,0
DA:155,0
DA:156,0
DA:159,0
DA:160,0
DA:161,0
DA:162,0
DA:166,0
DA:167,0
DA:172,0
LF:63
LH:0
BRDA:49,0,0,0
BRDA:49,0,1,0
BRDA:49,1,0,0
BRDA:49,1,1,0
BRDA:49,1,2,0
BRDA:50,2,0,0
BRDA:50,2,1,0
BRDA:56,3,0,0
BRDA:56,3,1,0
BRDA:56,4,0,0
BRDA:56,4,1,0
BRDA:57,5,0,0
BRDA:57,5,1,0
BRDA:58,6,0,0
BRDA:58,6,1,0
BRDA:58,7,0,0
BRDA:58,7,1,0
BRDA:65,8,0,0
BRDA:65,8,1,0
BRDA:66,9,0,0
BRDA:66,9,1,0
BRDA:66,10,0,0
BRDA:66,10,1,0
BRDA:68,11,0,0
BRDA:68,11,1,0
BRDA:69,12,0,0
BRDA:69,12,1,0
BRDA:71,13,0,0
BRDA:71,13,1,0
BRDA:77,14,0,0
BRDA:77,14,1,0
BRDA:78,15,0,0
BRDA:78,15,1,0
BRDA:85,16,0,0
BRDA:85,16,1,0
BRDA:85,17,0,0
BRDA:85,17,1,0
BRDA:86,18,0,0
BRDA:86,18,1,0
BRDA:89,19,0,0
BRDA:89,19,1,0
BRDA:89,20,0,0
BRDA:89,20,1,0
BRDA:91,21,0,0
BRDA:91,21,1,0
BRDA:112,22,0,0
BRDA:112,22,1,0
BRDA:122,23,0,0
BRDA:122,23,1,0
BRDA:122,24,0,0
BRDA:122,24,1,0
BRDA:122,24,2,0
BRDA:124,25,0,0
BRDA:124,25,1,0
BRDA:124,26,0,0
BRDA:124,26,1,0
BRDA:144,27,0,0
BRDA:144,27,1,0
BRDA:155,28,0,0
BRDA:155,28,1,0
BRDA:155,29,0,0
BRDA:155,29,1,0
BRDA:156,30,0,0
BRDA:156,30,1,0
BRDA:160,31,0,0
BRDA:160,31,1,0
BRDA:161,32,0,0
BRDA:161,32,1,0
BRDA:166,33,0,0
BRDA:166,33,1,0
BRF:70
BRH:0
end_of_record
TN:
SF:src\domains\supplier\pages\my-products\hooks\useProductValidation.js
FN:12,(anonymous_0)
FN:20,(anonymous_1)
FN:29,(anonymous_2)
FN:35,(anonymous_3)
FN:46,(anonymous_4)
FN:54,(anonymous_5)
FN:62,(anonymous_6)
FN:69,(anonymous_7)
FNF:8
FNH:0
FNDA:0,(anonymous_0)
FNDA:0,(anonymous_1)
FNDA:0,(anonymous_2)
FNDA:0,(anonymous_3)
FNDA:0,(anonymous_4)
FNDA:0,(anonymous_5)
FNDA:0,(anonymous_6)
FNDA:0,(anonymous_7)
DA:12,0
DA:13,0
DA:14,0
DA:20,0
DA:21,0
DA:22,0
DA:23,0
DA:29,0
DA:31,0
DA:32,0
DA:33,0
DA:35,0
DA:40,0
DA:46,0
DA:47,0
DA:48,0
DA:54,0
DA:55,0
DA:56,0
DA:62,0
DA:63,0
DA:69,0
DA:70,0
DA:71,0
DA:78,0
LF:25
LH:0
BRDA:29,0,0,0
BRDA:33,1,0,0
BRDA:33,1,1,0
BRF:3
BRH:0
end_of_record
TN:
SF:src\domains\supplier\pages\offers\components\SupplierOfferActionModals.jsx
FN:8,(anonymous_0)
FN:10,(anonymous_1)
FN:27,(anonymous_2)
FN:35,(anonymous_3)
FN:54,(anonymous_4)
FNF:5
FNH:1
FNDA:0,(anonymous_0)
FNDA:2,(anonymous_1)
FNDA:0,(anonymous_2)
FNDA:0,(anonymous_3)
FNDA:0,(anonymous_4)
DA:8,1
DA:10,1
DA:19,2
DA:20,0
DA:21,0
DA:23,0
DA:24,0
DA:25,0
DA:27,0
DA:28,0
DA:29,0
DA:30,0
DA:34,0
DA:35,0
DA:36,0
DA:37,0
DA:38,0
DA:40,0
DA:41,0
DA:44,0
DA:45,0
DA:47,0
DA:50,0
DA:51,0
DA:54,0
DA:56,0
DA:57,0
DA:61,0
DA:67,0
LF:29
LH:3
BRDA:8,0,0,0
BRDA:8,0,1,0
BRDA:19,1,0,2
BRDA:19,1,1,0
BRDA:20,2,0,0
BRDA:20,3,0,0
BRDA:21,4,0,0
BRDA:21,4,1,0
BRDA:21,5,0,0
BRDA:21,5,1,0
BRDA:23,6,0,0
BRDA:23,6,1,0
BRDA:23,6,2,0
BRDA:25,7,0,0
BRDA:25,7,1,0
BRDA:28,8,0,0
BRDA:28,8,1,0
BRDA:29,9,0,0
BRDA:29,9,1,0
BRDA:30,10,0,0
BRDA:30,10,1,0
BRDA:36,11,0,0
BRDA:36,11,1,0
BRDA:38,12,0,0
BRDA:38,12,1,0
BRDA:45,13,0,0
BRDA:45,13,1,0
BRDA:50,14,0,0
BRDA:50,14,1,0
BRDA:51,15,0,0
BRDA:51,15,1,0
BRDA:56,16,0,0
BRDA:56,16,1,0
BRDA:57,17,0,0
BRDA:57,17,1,0
BRDA:74,18,0,0
BRDA:74,18,1,0
BRDA:79,19,0,0
BRDA:79,19,1,0
BRDA:87,20,0,0
BRDA:87,20,1,0
BRDA:90,21,0,0
BRDA:90,21,1,0
BRDA:98,22,0,0
BRDA:98,22,1,0
BRDA:111,23,0,0
BRDA:111,23,1,0
BRDA:112,24,0,0
BRDA:112,24,1,0
BRDA:114,25,0,0
BRDA:114,25,1,0
BRDA:114,26,0,0
BRDA:114,26,1,0
BRF:53
BRH:1
end_of_record
TN:
SF:src\domains\supplier\pages\offers\components\SupplierOffersList.jsx
FN:36,(anonymous_0)
FN:41,(anonymous_1)
FN:43,(anonymous_2)
FN:49,(anonymous_3)
FN:51,(anonymous_4)
FN:54,(anonymous_5)
FN:54,(anonymous_6)
FN:54,(anonymous_7)
FN:55,(anonymous_8)
FN:55,(anonymous_9)
FN:55,(anonymous_10)
FN:57,(anonymous_11)
FN:58,(anonymous_12)
FN:60,(anonymous_13)
FN:66,(anonymous_14)
FN:66,(anonymous_15)
FN:75,(anonymous_16)
FN:89,(anonymous_17)
FN:100,(anonymous_18)
FN:129,(anonymous_19)
FN:191,(anonymous_20)
FN:196,(anonymous_21)
FN:233,(anonymous_22)
FN:246,(anonymous_23)
FN:259,(anonymous_24)
FNF:25
FNH:7
FNDA:4,(anonymous_0)
FNDA:2,(anonymous_1)
FNDA:3,(anonymous_2)
FNDA:3,(anonymous_3)
FNDA:2,(anonymous_4)
FNDA:0,(anonymous_5)
FNDA:0,(anonymous_6)
FNDA:0,(anonymous_7)
FNDA:0,(anonymous_8)
FNDA:0,(anonymous_9)
FNDA:0,(anonymous_10)
FNDA:0,(anonymous_11)
FNDA:0,(anonymous_12)
FNDA:0,(anonymous_13)
FNDA:0,(anonymous_14)
FNDA:0,(anonymous_15)
FNDA:0,(anonymous_16)
FNDA:0,(anonymous_17)
FNDA:0,(anonymous_18)
FNDA:1,(anonymous_19)
FNDA:2,(anonymous_20)
FNDA:0,(anonymous_21)
FNDA:0,(anonymous_22)
FNDA:0,(anonymous_23)
FNDA:0,(anonymous_24)
DA:28,1
DA:36,1
DA:37,4
DA:38,4
DA:41,2
DA:43,1
DA:44,3
DA:45,3
DA:46,3
DA:47,3
DA:49,3
DA:50,3
DA:51,2
DA:54,3
DA:55,3
DA:57,3
DA:58,3
DA:60,3
DA:61,0
DA:62,0
DA:63,0
DA:66,0
DA:67,0
DA:68,0
DA:70,0
DA:71,0
DA:75,3
DA:76,0
DA:77,0
DA:78,0
DA:80,0
DA:81,0
DA:82,0
DA:84,0
DA:85,0
DA:89,3
DA:90,0
DA:91,0
DA:92,0
DA:94,0
DA:95,0
DA:97,0
DA:98,0
DA:99,0
DA:100,0
DA:102,0
DA:103,0
DA:107,3
DA:108,3
DA:109,1
DA:119,2
DA:129,1
DA:192,2
DA:194,2
DA:195,2
DA:196,2
DA:197,0
DA:198,0
DA:199,0
DA:200,0
DA:201,0
DA:202,0
DA:204,2
DA:233,0
DA:246,0
DA:259,0
LF:66
LH:30
BRDA:37,0,0,0
BRDA:37,0,1,4
BRDA:37,1,0,4
BRDA:37,1,1,4
BRDA:41,2,0,0
BRDA:41,2,1,2
BRDA:43,3,0,0
BRDA:50,4,0,2
BRDA:50,4,1,1
BRDA:54,5,0,0
BRDA:54,5,1,0
BRDA:62,6,0,0
BRDA:62,6,1,0
BRDA:66,7,0,0
BRDA:66,7,1,0
BRDA:77,8,0,0
BRDA:77,8,1,0
BRDA:91,9,0,0
BRDA:91,9,1,0
BRDA:97,10,0,0
BRDA:97,10,1,0
BRDA:107,11,0,3
BRDA:107,11,1,3
BRDA:108,12,0,1
BRDA:108,12,1,2
BRDA:184,13,0,2
BRDA:184,13,1,1
BRDA:194,14,0,0
BRDA:194,14,1,2
BRDA:195,15,0,0
BRDA:195,15,1,2
BRDA:197,16,0,0
BRDA:197,16,1,0
BRDA:198,17,0,0
BRDA:198,17,1,0
BRDA:201,18,0,0
BRDA:201,18,1,0
BRDA:218,19,0,0
BRDA:218,19,1,2
BRDA:218,20,0,2
BRDA:218,20,1,2
BRDA:218,20,2,0
BRDA:228,21,0,2
BRDA:228,21,1,2
BRDA:241,22,0,2
BRDA:241,22,1,2
BRDA:254,23,0,2
BRDA:254,23,1,2
BRDA:254,23,2,2
BRDA:254,23,3,0
BRF:50
BRH:24
end_of_record
TN:
SF:src\domains\supplier\pages\offers\components\SupplierOffersList_fixed.jsx
FN:36,(anonymous_0)
FN:41,(anonymous_1)
FN:43,(anonymous_2)
FN:49,(anonymous_3)
FN:51,(anonymous_4)
FN:54,(anonymous_5)
FN:54,(anonymous_6)
FN:54,(anonymous_7)
FN:55,(anonymous_8)
FN:55,(anonymous_9)
FN:55,(anonymous_10)
FN:57,(anonymous_11)
FN:58,(anonymous_12)
FN:60,(anonymous_13)
FN:66,(anonymous_14)
FN:66,(anonymous_15)
FN:75,(anonymous_16)
FN:89,(anonymous_17)
FN:100,(anonymous_18)
FN:117,(anonymous_19)
FN:172,(anonymous_20)
FN:177,(anonymous_21)
FN:214,(anonymous_22)
FN:227,(anonymous_23)
FN:240,(anonymous_24)
FNF:25
FNH:0
FNDA:0,(anonymous_0)
FNDA:0,(anonymous_1)
FNDA:0,(anonymous_2)
FNDA:0,(anonymous_3)
FNDA:0,(anonymous_4)
FNDA:0,(anonymous_5)
FNDA:0,(anonymous_6)
FNDA:0,(anonymous_7)
FNDA:0,(anonymous_8)
FNDA:0,(anonymous_9)
FNDA:0,(anonymous_10)
FNDA:0,(anonymous_11)
FNDA:0,(anonymous_12)
FNDA:0,(anonymous_13)
FNDA:0,(anonymous_14)
FNDA:0,(anonymous_15)
FNDA:0,(anonymous_16)
FNDA:0,(anonymous_17)
FNDA:0,(anonymous_18)
FNDA:0,(anonymous_19)
FNDA:0,(anonymous_20)
FNDA:0,(anonymous_21)
FNDA:0,(anonymous_22)
FNDA:0,(anonymous_23)
FNDA:0,(anonymous_24)
DA:28,0
DA:36,0
DA:37,0
DA:38,0
DA:41,0
DA:43,0
DA:44,0
DA:45,0
DA:46,0
DA:47,0
DA:49,0
DA:50,0
DA:51,0
DA:54,0
DA:55,0
DA:57,0
DA:58,0
DA:60,0
DA:61,0
DA:62,0
DA:63,0
DA:66,0
DA:67,0
DA:68,0
DA:70,0
DA:71,0
DA:75,0
DA:76,0
DA:77,0
DA:78,0
DA:80,0
DA:81,0
DA:82,0
DA:84,0
DA:85,0
DA:89,0
DA:90,0
DA:91,0
DA:92,0
DA:94,0
DA:95,0
DA:97,0
DA:98,0
DA:99,0
DA:100,0
DA:102,0
DA:103,0
DA:107,0
DA:117,0
DA:173,0
DA:175,0
DA:176,0
DA:177,0
DA:178,0
DA:179,0
DA:180,0
DA:181,0
DA:182,0
DA:183,0
DA:185,0
DA:214,0
DA:227,0
DA:240,0
LF:63
LH:0
BRDA:37,0,0,0
BRDA:37,0,1,0
BRDA:37,1,0,0
BRDA:37,1,1,0
BRDA:41,2,0,0
BRDA:41,2,1,0
BRDA:43,3,0,0
BRDA:50,4,0,0
BRDA:50,4,1,0
BRDA:54,5,0,0
BRDA:54,5,1,0
BRDA:62,6,0,0
BRDA:62,6,1,0
BRDA:66,7,0,0
BRDA:66,7,1,0
BRDA:77,8,0,0
BRDA:77,8,1,0
BRDA:91,9,0,0
BRDA:91,9,1,0
BRDA:97,10,0,0
BRDA:97,10,1,0
BRDA:175,11,0,0
BRDA:175,11,1,0
BRDA:176,12,0,0
BRDA:176,12,1,0
BRDA:178,13,0,0
BRDA:178,13,1,0
BRDA:179,14,0,0
BRDA:179,14,1,0
BRDA:182,15,0,0
BRDA:182,15,1,0
BRDA:199,16,0,0
BRDA:199,16,1,0
BRDA:199,17,0,0
BRDA:199,17,1,0
BRDA:199,17,2,0
BRDA:209,18,0,0
BRDA:209,18,1,0
BRDA:222,19,0,0
BRDA:222,19,1,0
BRDA:235,20,0,0
BRDA:235,20,1,0
BRDA:235,20,2,0
BRDA:235,20,3,0
BRF:44
BRH:0
end_of_record
TN:
SF:src\domains\supplier\pages\offers\hooks\useSupplierOffers.js
FN:4,(anonymous_0)
FN:17,(anonymous_1)
FN:38,(anonymous_2)
FNF:3
FNH:3
FNDA:18,(anonymous_0)
FNDA:9,(anonymous_1)
FNDA:8,(anonymous_2)
DA:4,1
DA:13,18
DA:15,18
DA:17,18
DA:18,9
DA:19,9
DA:20,9
DA:21,9
DA:22,9
DA:23,8
DA:24,8
DA:26,7
DA:29,7
DA:30,7
DA:31,7
DA:34,1
DA:38,18
DA:40,8
DA:41,8
DA:42,8
DA:46,18
LF:21
LH:21
BRDA:19,0,0,9
BRDA:19,0,1,0
BRDA:20,1,0,0
BRDA:20,1,1,9
BRDA:23,2,0,8
BRDA:23,2,1,0
BRDA:24,3,0,1
BRDA:24,3,1,7
BRDA:26,4,0,7
BRDA:26,4,1,0
BRDA:26,5,0,7
BRDA:26,5,1,7
BRDA:26,5,2,0
BRDA:28,6,0,0
BRDA:28,6,1,0
BRDA:28,7,0,0
BRDA:28,7,1,0
BRDA:29,8,0,7
BRDA:29,8,1,0
BRDA:30,9,0,7
BRDA:30,9,1,0
BRDA:40,10,0,8
BRDA:40,10,1,0
BRDA:41,11,0,8
BRDA:41,11,1,0
BRF:25
BRH:12
end_of_record
TN:
SF:src\stores\offerStore.js
FN:4,__logOfferDebug
FN:8,(anonymous_1)
FN:11,(anonymous_2)
FN:38,(anonymous_3)
FN:46,(anonymous_4)
FN:53,(anonymous_5)
FN:59,(anonymous_6)
FN:153,(anonymous_7)
FN:181,(anonymous_8)
FN:215,(anonymous_9)
FN:242,(anonymous_10)
FN:256,(anonymous_11)
FN:276,(anonymous_12)
FN:282,(anonymous_13)
FN:285,(anonymous_14)
FN:299,(anonymous_15)
FN:300,(anonymous_16)
FN:319,(anonymous_17)
FN:348,(anonymous_18)
FN:366,(anonymous_19)
FN:381,(anonymous_20)
FN:389,(anonymous_21)
FN:392,(anonymous_22)
FN:398,(anonymous_23)
FN:429,(anonymous_24)
FN:430,(anonymous_25)
FN:454,(anonymous_26)
FN:460,(anonymous_27)
FN:461,(anonymous_28)
FN:472,(anonymous_29)
FN:476,(anonymous_30)
FN:477,(anonymous_31)
FN:483,(anonymous_32)
FN:489,(anonymous_33)
FN:519,(anonymous_34)
FN:520,(anonymous_35)
FN:548,(anonymous_36)
FN:613,(anonymous_37)
FN:634,(anonymous_38)
FN:649,(anonymous_39)
FN:666,(anonymous_40)
FN:718,(anonymous_41)
FN:728,(anonymous_42)
FN:743,(anonymous_43)
FN:753,(anonymous_44)
FN:767,(anonymous_45)
FN:774,(anonymous_46)
FN:776,(anonymous_47)
FN:788,(anonymous_48)
FNF:49
FNH:18
FNDA:54,__logOfferDebug
FNDA:154,(anonymous_1)
FNDA:0,(anonymous_2)
FNDA:2,(anonymous_3)
FNDA:0,(anonymous_4)
FNDA:11,(anonymous_5)
FNDA:10,(anonymous_6)
FNDA:0,(anonymous_7)
FNDA:6,(anonymous_8)
FNDA:1001,(anonymous_9)
FNDA:0,(anonymous_10)
FNDA:1001,(anonymous_11)
FNDA:1,(anonymous_12)
FNDA:0,(anonymous_13)
FNDA:0,(anonymous_14)
FNDA:0,(anonymous_15)
FNDA:0,(anonymous_16)
FNDA:1,(anonymous_17)
FNDA:0,(anonymous_18)
FNDA:0,(anonymous_19)
FNDA:0,(anonymous_20)
FNDA:0,(anonymous_21)
FNDA:4,(anonymous_22)
FNDA:0,(anonymous_23)
FNDA:4,(anonymous_24)
FNDA:0,(anonymous_25)
FNDA:0,(anonymous_26)
FNDA:0,(anonymous_27)
FNDA:0,(anonymous_28)
FNDA:0,(anonymous_29)
FNDA:0,(anonymous_30)
FNDA:0,(anonymous_31)
FNDA:1,(anonymous_32)
FNDA:0,(anonymous_33)
FNDA:0,(anonymous_34)
FNDA:0,(anonymous_35)
FNDA:10,(anonymous_36)
FNDA:0,(anonymous_37)
FNDA:0,(anonymous_38)
FNDA:0,(anonymous_39)
FNDA:0,(anonymous_40)
FNDA:1,(anonymous_41)
FNDA:0,(anonymous_42)
FNDA:1,(anonymous_43)
FNDA:0,(anonymous_44)
FNDA:0,(anonymous_45)
FNDA:1,(anonymous_46)
FNDA:2,(anonymous_47)
FNDA:0,(anonymous_48)
DA:5,54
DA:6,54
DA:7,54
DA:8,154
DA:9,0
DA:10,0
DA:11,0
DA:14,54
DA:15,54
DA:19,2
DA:20,2
DA:21,2
DA:22,0
DA:23,0
DA:30,2
DA:38,2
DA:46,0
DA:55,11
DA:56,11
DA:57,10
DA:59,10
DA:60,10
DA:61,2
DA:65,8
DA:68,10
DA:70,10
DA:82,10
DA:83,10
DA:84,4
DA:85,4
DA:90,6
DA:92,6
DA:93,6
DA:95,6
DA:100,6
DA:101,6
DA:102,6
DA:106,0
DA:119,0
DA:120,0
DA:123,0
DA:124,0
DA:125,0
DA:126,0
DA:141,0
DA:153,0
DA:171,0
DA:174,0
DA:175,0
DA:176,0
DA:183,6
DA:184,6
DA:185,6
DA:186,6
DA:187,6
DA:188,7
DA:190,7
DA:191,7
DA:192,7
DA:193,6
DA:194,6
DA:196,6
DA:197,0
DA:198,0
DA:205,0
DA:211,6
DA:212,5
DA:213,5
DA:215,5
DA:216,1001
DA:217,1001
DA:218,1001
DA:219,1001
DA:220,0
DA:222,1001
DA:223,1001
DA:233,5
DA:234,3
DA:235,3
DA:236,0
DA:237,0
DA:238,0
DA:239,0
DA:240,0
DA:241,0
DA:242,0
DA:249,0
DA:250,0
DA:255,5
DA:256,1001
DA:257,5
DA:259,2
DA:260,2
DA:262,2
DA:263,0
DA:264,0
DA:267,2
DA:268,1
DA:269,1
DA:271,1
DA:272,0
DA:273,0
DA:276,1
DA:282,0
DA:286,0
DA:287,0
DA:292,0
DA:294,0
DA:295,0
DA:299,0
DA:301,0
DA:307,0
DA:310,0
DA:321,1
DA:322,1
DA:323,1
DA:325,1
DA:326,1
DA:327,1
DA:328,1
DA:329,1
DA:330,1
DA:331,0
DA:332,0
DA:339,0
DA:345,1
DA:346,0
DA:347,0
DA:348,0
DA:357,0
DA:358,0
DA:359,0
DA:360,0
DA:361,0
DA:362,0
DA:363,0
DA:364,0
DA:365,0
DA:366,0
DA:374,0
DA:375,0
DA:380,0
DA:381,0
DA:382,0
DA:384,1
DA:389,0
DA:393,4
DA:395,4
DA:397,4
DA:398,4
DA:400,4
DA:404,4
DA:407,4
DA:410,4
DA:411,0
DA:412,0
DA:424,0
DA:429,4
DA:431,0
DA:444,4
DA:447,0
DA:449,0
DA:455,0
DA:456,0
DA:457,0
DA:458,0
DA:460,0
DA:461,0
DA:464,0
DA:466,0
DA:467,0
DA:473,0
DA:475,0
DA:476,0
DA:477,0
DA:484,1
DA:486,1
DA:488,1
DA:489,1
DA:491,1
DA:492,1
DA:493,1
DA:495,1
DA:497,0
DA:500,0
DA:501,0
DA:502,0
DA:514,0
DA:519,0
DA:521,0
DA:533,0
DA:536,1
DA:537,1
DA:550,10
DA:551,10
DA:554,0
DA:555,0
DA:557,10
DA:558,10
DA:559,10
DA:560,0
DA:563,10
DA:568,10
DA:569,9
DA:571,9
DA:572,9
DA:573,9
DA:574,9
DA:575,9
DA:576,9
DA:580,9
DA:591,9
DA:592,9
DA:594,1
DA:595,1
DA:597,1
DA:614,0
DA:615,0
DA:621,0
DA:622,0
DA:625,0
DA:635,0
DA:637,0
DA:638,0
DA:639,0
DA:640,0
DA:641,0
DA:642,0
DA:645,0
DA:650,0
DA:652,0
DA:653,0
DA:654,0
DA:656,0
DA:657,0
DA:658,0
DA:659,0
DA:661,0
DA:667,0
DA:669,0
DA:676,0
DA:683,0
DA:690,0
DA:697,0
DA:704,0
DA:719,1
DA:729,0
DA:731,0
DA:736,1
DA:737,1
DA:738,1
DA:739,1
DA:744,1
DA:754,0
DA:756,0
DA:760,1
DA:761,1
DA:762,1
DA:763,1
DA:768,0
DA:769,0
DA:775,1
DA:776,1
DA:777,2
DA:779,1
DA:785,2
DA:786,2
DA:788,0
DA:789,0
DA:790,0
DA:791,0
DA:792,0
DA:793,0
DA:794,0
DA:795,0
DA:796,0
DA:797,0
DA:798,0
DA:799,0
DA:800,0
DA:801,0
DA:805,0
DA:806,0
LF:283
LH:134
BRDA:6,0,0,54
BRDA:6,0,1,0
BRDA:7,1,0,54
BRDA:7,1,1,2
BRDA:8,2,0,24
BRDA:8,2,1,130
BRDA:9,3,0,0
BRDA:9,3,1,0
BRDA:10,4,0,0
BRDA:10,4,1,0
BRDA:11,5,0,0
BRDA:11,5,1,0
BRDA:14,6,0,54
BRDA:14,6,1,0
BRDA:19,7,0,2
BRDA:19,7,1,0
BRDA:19,8,0,2
BRDA:19,8,1,2
BRDA:19,8,2,0
BRDA:22,9,0,0
BRDA:22,9,1,0
BRDA:56,10,0,1
BRDA:56,10,1,10
BRDA:60,11,0,2
BRDA:60,11,1,8
BRDA:71,12,0,10
BRDA:71,12,1,10
BRDA:72,13,0,10
BRDA:72,13,1,10
BRDA:73,14,0,10
BRDA:73,14,1,10
BRDA:73,14,2,10
BRDA:74,15,0,10
BRDA:74,15,1,10
BRDA:74,15,2,0
BRDA:74,15,3,0
BRDA:75,16,0,10
BRDA:75,16,1,10
BRDA:75,16,2,0
BRDA:75,16,3,0
BRDA:76,17,0,10
BRDA:76,17,1,8
BRDA:76,17,2,8
BRDA:83,18,0,4
BRDA:83,18,1,6
BRDA:83,19,0,10
BRDA:83,19,1,9
BRDA:83,19,2,9
BRDA:83,19,3,8
BRDA:83,19,4,7
BRDA:92,20,0,6
BRDA:92,20,1,0
BRDA:100,21,0,6
BRDA:100,21,1,0
BRDA:101,22,0,6
BRDA:101,22,1,6
BRDA:119,23,0,0
BRDA:119,23,1,0
BRDA:120,24,0,0
BRDA:120,24,1,0
BRDA:120,25,0,0
BRDA:120,25,1,0
BRDA:123,26,0,0
BRDA:123,26,1,0
BRDA:123,26,2,0
BRDA:124,27,0,0
BRDA:124,27,1,0
BRDA:127,28,0,0
BRDA:127,28,1,0
BRDA:127,28,2,0
BRDA:129,29,0,0
BRDA:129,29,1,0
BRDA:132,30,0,0
BRDA:132,30,1,0
BRDA:135,31,0,0
BRDA:135,31,1,0
BRDA:143,32,0,0
BRDA:143,32,1,0
BRDA:143,32,2,0
BRDA:144,33,0,0
BRDA:144,33,1,0
BRDA:144,33,2,0
BRDA:145,34,0,0
BRDA:145,34,1,0
BRDA:165,35,0,0
BRDA:165,35,1,0
BRDA:166,36,0,0
BRDA:166,36,1,0
BRDA:174,37,0,0
BRDA:174,37,1,0
BRDA:190,38,0,7
BRDA:190,38,1,0
BRDA:194,39,0,2
BRDA:194,39,1,4
BRDA:196,40,0,0
BRDA:196,40,1,6
BRDA:196,41,0,6
BRDA:196,41,1,1
BRDA:211,42,0,1
BRDA:211,42,1,5
BRDA:212,43,0,3
BRDA:212,43,1,2
BRDA:217,44,0,1001
BRDA:217,44,1,0
BRDA:219,45,0,0
BRDA:219,45,1,1001
BRDA:219,46,0,1001
BRDA:219,46,1,1001
BRDA:219,46,2,1001
BRDA:222,47,0,0
BRDA:222,47,1,1001
BRDA:226,48,0,1001
BRDA:226,48,1,0
BRDA:226,48,2,0
BRDA:227,49,0,1001
BRDA:227,49,1,0
BRDA:227,49,2,0
BRDA:229,50,0,1001
BRDA:229,50,1,1
BRDA:229,51,0,1
BRDA:229,51,1,1
BRDA:229,52,0,1
BRDA:229,52,1,1
BRDA:233,53,0,3
BRDA:233,53,1,2
BRDA:233,54,0,5
BRDA:233,54,1,3
BRDA:233,54,2,3
BRDA:233,54,3,0
BRDA:236,55,0,0
BRDA:236,55,1,0
BRDA:239,56,0,0
BRDA:239,56,1,0
BRDA:239,57,0,0
BRDA:239,57,1,0
BRDA:240,58,0,0
BRDA:240,58,1,0
BRDA:240,59,0,0
BRDA:240,59,1,0
BRDA:240,59,2,0
BRDA:244,60,0,0
BRDA:244,60,1,0
BRDA:244,61,0,0
BRDA:244,61,1,0
BRDA:244,62,0,0
BRDA:244,62,1,0
BRDA:244,62,2,0
BRDA:245,63,0,0
BRDA:245,63,1,0
BRDA:245,63,2,0
BRDA:246,64,0,0
BRDA:246,64,1,0
BRDA:246,64,2,0
BRDA:247,65,0,0
BRDA:247,65,1,0
BRDA:247,66,0,0
BRDA:247,66,1,0
BRDA:247,67,0,0
BRDA:247,67,1,0
BRDA:262,68,0,0
BRDA:262,68,1,2
BRDA:262,69,0,2
BRDA:262,69,1,2
BRDA:267,70,0,1
BRDA:267,70,1,1
BRDA:271,71,0,0
BRDA:271,71,1,1
BRDA:285,72,0,0
BRDA:292,73,0,0
BRDA:292,73,1,0
BRDA:294,74,0,0
BRDA:294,74,1,0
BRDA:301,75,0,0
BRDA:301,75,1,0
BRDA:325,76,0,1
BRDA:325,76,1,0
BRDA:329,77,0,0
BRDA:329,77,1,1
BRDA:330,78,0,0
BRDA:330,78,1,1
BRDA:330,79,0,1
BRDA:330,79,1,1
BRDA:345,80,0,1
BRDA:345,80,1,0
BRDA:346,81,0,0
BRDA:346,81,1,0
BRDA:350,82,0,0
BRDA:350,82,1,0
BRDA:351,83,0,0
BRDA:351,83,1,0
BRDA:351,83,2,0
BRDA:352,84,0,0
BRDA:352,84,1,0
BRDA:352,84,2,0
BRDA:353,85,0,0
BRDA:353,85,1,0
BRDA:353,86,0,0
BRDA:353,86,1,0
BRDA:353,87,0,0
BRDA:353,87,1,0
BRDA:353,88,0,0
BRDA:353,88,1,0
BRDA:354,89,0,0
BRDA:354,89,1,0
BRDA:354,90,0,0
BRDA:354,90,1,0
BRDA:357,91,0,0
BRDA:357,91,1,0
BRDA:357,92,0,0
BRDA:357,92,1,0
BRDA:357,92,2,0
BRDA:357,92,3,0
BRDA:360,93,0,0
BRDA:360,93,1,0
BRDA:363,94,0,0
BRDA:363,94,1,0
BRDA:363,95,0,0
BRDA:363,95,1,0
BRDA:364,96,0,0
BRDA:364,96,1,0
BRDA:364,97,0,0
BRDA:364,97,1,0
BRDA:364,97,2,0
BRDA:368,98,0,0
BRDA:368,98,1,0
BRDA:369,99,0,0
BRDA:369,99,1,0
BRDA:369,99,2,0
BRDA:370,100,0,0
BRDA:370,100,1,0
BRDA:370,100,2,0
BRDA:371,101,0,0
BRDA:371,101,1,0
BRDA:371,102,0,0
BRDA:371,102,1,0
BRDA:371,103,0,0
BRDA:371,103,1,0
BRDA:372,104,0,0
BRDA:372,104,1,0
BRDA:372,105,0,0
BRDA:372,105,1,0
BRDA:404,106,0,0
BRDA:404,106,1,4
BRDA:407,107,0,0
BRDA:407,107,1,4
BRDA:407,108,0,4
BRDA:407,108,1,3
BRDA:407,109,0,0
BRDA:407,109,1,0
BRDA:410,110,0,0
BRDA:410,110,1,4
BRDA:410,111,0,4
BRDA:410,111,1,0
BRDA:416,112,0,0
BRDA:416,112,1,0
BRDA:418,113,0,0
BRDA:418,113,1,0
BRDA:424,114,0,0
BRDA:424,114,1,0
BRDA:431,115,0,0
BRDA:431,115,1,0
BRDA:458,116,0,0
BRDA:458,116,1,0
BRDA:461,117,0,0
BRDA:461,117,1,0
BRDA:483,118,0,1
BRDA:492,119,0,0
BRDA:492,119,1,1
BRDA:495,120,0,1
BRDA:495,120,1,0
BRDA:497,121,0,0
BRDA:497,121,1,0
BRDA:497,122,0,0
BRDA:497,122,1,0
BRDA:497,123,0,0
BRDA:497,123,1,0
BRDA:500,124,0,0
BRDA:500,124,1,0
BRDA:500,125,0,0
BRDA:500,125,1,0
BRDA:506,126,0,0
BRDA:506,126,1,0
BRDA:508,127,0,0
BRDA:508,127,1,0
BRDA:514,128,0,0
BRDA:514,128,1,0
BRDA:521,129,0,0
BRDA:521,129,1,0
BRDA:536,130,0,0
BRDA:536,130,1,1
BRDA:537,131,0,0
BRDA:537,131,1,1
BRDA:550,132,0,10
BRDA:550,132,1,0
BRDA:550,133,0,10
BRDA:550,133,1,10
BRDA:550,133,2,10
BRDA:555,134,0,0
BRDA:555,134,1,0
BRDA:559,135,0,0
BRDA:559,135,1,10
BRDA:559,136,0,10
BRDA:559,136,1,10
BRDA:559,136,2,10
BRDA:568,137,0,1
BRDA:568,137,1,9
BRDA:569,138,0,9
BRDA:569,138,1,1
BRDA:571,139,0,9
BRDA:571,139,1,9
BRDA:572,140,0,9
BRDA:572,140,1,9
BRDA:573,141,0,9
BRDA:573,141,1,9
BRDA:574,142,0,9
BRDA:574,142,1,9
BRDA:576,143,0,9
BRDA:576,143,1,9
BRDA:576,144,0,0
BRDA:576,144,1,9
BRDA:578,145,0,0
BRDA:578,145,1,9
BRDA:594,146,0,1
BRDA:594,146,1,0
BRDA:595,147,0,1
BRDA:595,147,1,0
BRDA:595,148,0,1
BRDA:595,148,1,0
BRDA:607,149,0,1
BRDA:607,149,1,0
BRDA:621,150,0,0
BRDA:621,150,1,0
BRDA:637,151,0,0
BRDA:637,151,1,0
BRDA:640,152,0,0
BRDA:640,152,1,0
BRDA:650,153,0,0
BRDA:650,153,1,0
BRDA:656,154,0,0
BRDA:656,154,1,0
BRDA:658,155,0,0
BRDA:658,155,1,0
BRDA:667,156,0,0
BRDA:667,156,1,0
BRDA:667,156,2,0
BRDA:667,156,3,0
BRDA:667,156,4,0
BRDA:667,156,5,0
BRDA:686,157,0,0
BRDA:686,157,1,0
BRDA:736,158,0,1
BRDA:736,158,1,1
BRDA:760,159,0,1
BRDA:760,159,1,0
BRDA:768,160,0,0
BRDA:768,160,1,0
BRDA:775,161,0,1
BRDA:775,161,1,0
BRDA:786,162,0,0
BRDA:786,162,1,2
BRDA:786,163,0,2
BRDA:786,163,1,2
BRDA:791,164,0,0
BRDA:791,164,1,0
BRDA:794,165,0,0
BRDA:794,165,1,0
BRDA:797,166,0,0
BRDA:797,166,1,0
BRDA:798,167,0,0
BRDA:798,167,1,0
BRDA:799,168,0,0
BRDA:799,168,1,0
BRDA:800,169,0,0
BRDA:800,169,1,0
BRDA:805,170,0,0
BRDA:805,170,1,0
BRDA:806,171,0,0
BRDA:806,171,1,0
BRF:378
BRH:125
end_of_record
